0 verbose cli /opt/homebrew/Cellar/node@20/20.20.2/bin/node /opt/homebrew/Cellar/node@20/20.20.2/lib/node_modules/npm/bin/npm-cli.js
1 info using npm@10.8.2
2 info using node@v20.20.2
3 silly config load:file:/opt/homebrew/Cellar/node@20/20.20.2/lib/node_modules/npm/npmrc
4 silly config load:file:/Users/ayushmantalukdar/Documents/Projects/Rabt/rabt/.npmrc
5 silly config load:file:/Users/ayushmantalukdar/.npmrc
6 silly config load:file:/opt/homebrew/etc/npmrc
7 verbose title npm exec shadcn@latest add @react-bits/Strands-JS-TW -y
8 verbose argv "exec" "--" "shadcn@latest" "add" "@react-bits/Strands-JS-TW" "-y"
9 verbose logfile logs-max:10 dir:/Users/ayushmantalukdar/Documents/Projects/Rabt/rabt/npm-cache/_logs/2026-06-24T22_03_51_805Z-
10 verbose logfile /Users/ayushmantalukdar/Documents/Projects/Rabt/rabt/npm-cache/_logs/2026-06-24T22_03_51_805Z-debug-0.log
11 silly logfile done cleaning log files
12 silly packumentCache heap:2197815296 maxSize:549453824 maxEntrySize:274726912
13 http fetch GET 200 https://registry.npmjs.org/shadcn 763ms (cache revalidated)
14 silly packumentCache heap:2197815296 maxSize:549453824 maxEntrySize:274726912
15 silly packumentCache heap:2197815296 maxSize:549453824 maxEntrySize:274726912
16 verbose cwd /Users/ayushmantalukdar/Documents/Projects/Rabt/rabt
17 verbose os Darwin 23.6.0
18 verbose node v20.20.2
19 verbose npm  v10.8.2
20 verbose exit 0
21 info ok
