0 verbose cli /opt/homebrew/Cellar/node@20/20.20.2/bin/node /opt/homebrew/Cellar/node@20/20.20.2/lib/node_modules/npm/bin/npm-cli.js
1 info using npm@10.8.2
2 info using node@v20.20.2
3 silly config load:file:/opt/homebrew/Cellar/node@20/20.20.2/lib/node_modules/npm/npmrc
4 silly config load:file:/Users/ayushmantalukdar/Documents/Projects/Rabt/rabt/.npmrc
5 silly config load:file:/Users/ayushmantalukdar/.npmrc
6 silly config load:file:/opt/homebrew/etc/npmrc
7 verbose title npm exec shadcn@latest add @magicui/meteors --yes
8 verbose argv "exec" "--cache" "./.npm-cache" "--" "shadcn@latest" "add" "@magicui/meteors" "--yes"
9 verbose logfile logs-max:10 dir:/Users/ayushmantalukdar/Documents/Projects/Rabt/rabt/.npm-cache/_logs/2026-06-23T14_07_23_698Z-
10 verbose logfile /Users/ayushmantalukdar/Documents/Projects/Rabt/rabt/.npm-cache/_logs/2026-06-23T14_07_23_698Z-debug-0.log
11 silly logfile start cleaning logs, removing 1 files
12 silly packumentCache heap:2197815296 maxSize:549453824 maxEntrySize:274726912
13 silly logfile done cleaning log files
14 http fetch GET 200 https://registry.npmjs.org/shadcn 430ms (cache revalidated)
15 silly packumentCache heap:2197815296 maxSize:549453824 maxEntrySize:274726912
16 silly packumentCache heap:2197815296 maxSize:549453824 maxEntrySize:274726912
17 verbose cwd /Users/ayushmantalukdar/Documents/Projects/Rabt/rabt
18 verbose os Darwin 23.6.0
19 verbose node v20.20.2
20 verbose npm  v10.8.2
21 verbose exit 0
22 info ok
