0 verbose cli /opt/homebrew/Cellar/node@20/20.20.2/bin/node /opt/homebrew/bin/npm
1 info using npm@10.8.2
2 info using node@v20.20.2
3 silly config load:file:/opt/homebrew/Cellar/node@20/20.20.2/lib/node_modules/npm/npmrc
4 silly config load:file:/Users/ayushmantalukdar/Documents/Projects/Rabt/rabt/.npmrc
5 silly config load:file:/Users/ayushmantalukdar/.npmrc
6 silly config load:file:/opt/homebrew/etc/npmrc
7 verbose title npm install mongoose
8 verbose argv "install" "mongoose" "--cache" "./.npm-cache"
9 verbose logfile logs-max:10 dir:/Users/ayushmantalukdar/Documents/Projects/Rabt/rabt/.npm-cache/_logs/2026-06-16T20_48_36_633Z-
10 verbose logfile /Users/ayushmantalukdar/Documents/Projects/Rabt/rabt/.npm-cache/_logs/2026-06-16T20_48_36_633Z-debug-0.log
11 silly packumentCache heap:2197815296 maxSize:549453824 maxEntrySize:274726912
12 silly logfile done cleaning log files
13 silly idealTree buildDeps
14 silly fetch manifest mongoose@*
15 silly packumentCache full:https://registry.npmjs.org/mongoose cache-miss
16 http fetch GET 200 https://registry.npmjs.org/npm 548ms
17 http fetch GET 200 https://registry.npmjs.org/mongoose 482ms (cache miss)
18 silly packumentCache full:https://registry.npmjs.org/mongoose set size:undefined disposed:false
19 silly placeDep ROOT mongoose@9.7.0 OK for: rabt@0.1.0 want: *
20 silly fetch manifest kareem@3.3.0
21 silly packumentCache full:https://registry.npmjs.org/kareem cache-miss
22 silly fetch manifest mongodb@~7.2
23 silly packumentCache full:https://registry.npmjs.org/mongodb cache-miss
24 silly fetch manifest mpath@0.9.0
25 silly packumentCache full:https://registry.npmjs.org/mpath cache-miss
26 silly fetch manifest mquery@6.0.0
27 silly packumentCache full:https://registry.npmjs.org/mquery cache-miss
28 silly fetch manifest sift@17.1.3
29 silly packumentCache full:https://registry.npmjs.org/sift cache-miss
30 http fetch GET 200 https://registry.npmjs.org/kareem 87ms (cache miss)
31 silly packumentCache full:https://registry.npmjs.org/kareem set size:undefined disposed:false
32 http fetch GET 200 https://registry.npmjs.org/mongodb 151ms (cache miss)
33 silly packumentCache full:https://registry.npmjs.org/mongodb set size:undefined disposed:false
34 http fetch GET 200 https://registry.npmjs.org/mquery 288ms (cache miss)
35 silly packumentCache full:https://registry.npmjs.org/mquery set size:undefined disposed:false
36 http fetch GET 200 https://registry.npmjs.org/mpath 320ms (cache miss)
37 silly packumentCache full:https://registry.npmjs.org/mpath set size:undefined disposed:false
38 http fetch GET 200 https://registry.npmjs.org/sift 392ms (cache miss)
39 silly packumentCache full:https://registry.npmjs.org/sift set size:undefined disposed:false
40 silly fetch manifest @aws-sdk/credential-providers@^3.806.0
41 silly packumentCache full:https://registry.npmjs.org/@aws-sdk%2fcredential-providers cache-miss
42 http fetch GET 200 https://registry.npmjs.org/@aws-sdk%2fcredential-providers 591ms (cache miss)
43 silly packumentCache full:https://registry.npmjs.org/@aws-sdk%2fcredential-providers set size:undefined disposed:false
44 silly fetch manifest @mongodb-js/zstd@^7.0.0
45 silly packumentCache full:https://registry.npmjs.org/@mongodb-js%2fzstd cache-miss
46 http fetch GET 200 https://registry.npmjs.org/@mongodb-js%2fzstd 346ms (cache miss)
47 silly packumentCache full:https://registry.npmjs.org/@mongodb-js%2fzstd set size:undefined disposed:false
48 silly fetch manifest gcp-metadata@^7.0.1
49 silly packumentCache full:https://registry.npmjs.org/gcp-metadata cache-miss
50 http fetch GET 200 https://registry.npmjs.org/gcp-metadata 342ms (cache miss)
51 silly packumentCache full:https://registry.npmjs.org/gcp-metadata set size:undefined disposed:false
52 silly fetch manifest kerberos@^7.0.0
53 silly packumentCache full:https://registry.npmjs.org/kerberos cache-miss
54 http fetch GET 200 https://registry.npmjs.org/kerberos 197ms (cache miss)
55 silly packumentCache full:https://registry.npmjs.org/kerberos set size:undefined disposed:false
56 silly fetch manifest mongodb-client-encryption@>=7.0.0 <7.1.0
57 silly packumentCache full:https://registry.npmjs.org/mongodb-client-encryption cache-miss
58 http fetch GET 200 https://registry.npmjs.org/mongodb-client-encryption 194ms (cache miss)
59 silly packumentCache full:https://registry.npmjs.org/mongodb-client-encryption set size:undefined disposed:false
60 silly fetch manifest snappy@^7.3.2
61 silly packumentCache full:https://registry.npmjs.org/snappy cache-miss
62 http fetch GET 200 https://registry.npmjs.org/snappy 209ms (cache miss)
63 silly packumentCache full:https://registry.npmjs.org/snappy set size:undefined disposed:false
64 silly fetch manifest socks@^2.8.6
65 silly packumentCache full:https://registry.npmjs.org/socks cache-miss
66 http fetch GET 200 https://registry.npmjs.org/socks 171ms (cache miss)
67 silly packumentCache full:https://registry.npmjs.org/socks set size:undefined disposed:false
68 silly placeDep ROOT kareem@3.3.0 OK for: mongoose@9.7.0 want: 3.3.0
69 silly placeDep ROOT mongodb@7.2.0 OK for: mongoose@9.7.0 want: ~7.2
70 silly placeDep ROOT mpath@0.9.0 OK for: mongoose@9.7.0 want: 0.9.0
71 silly placeDep ROOT mquery@6.0.0 OK for: mongoose@9.7.0 want: 6.0.0
72 silly placeDep ROOT sift@17.1.3 OK for: mongoose@9.7.0 want: 17.1.3
73 silly fetch manifest bson@^7.2.0
74 silly packumentCache full:https://registry.npmjs.org/bson cache-miss
75 silly fetch manifest @mongodb-js/saslprep@^1.3.0
76 silly packumentCache full:https://registry.npmjs.org/@mongodb-js%2fsaslprep cache-miss
77 silly fetch manifest mongodb-connection-string-url@^7.0.0
78 silly packumentCache full:https://registry.npmjs.org/mongodb-connection-string-url cache-miss
79 http fetch GET 200 https://registry.npmjs.org/mongodb-connection-string-url 198ms (cache miss)
80 silly packumentCache full:https://registry.npmjs.org/mongodb-connection-string-url set size:undefined disposed:false
81 http fetch GET 200 https://registry.npmjs.org/bson 217ms (cache miss)
82 silly packumentCache full:https://registry.npmjs.org/bson set size:undefined disposed:false
83 http fetch GET 200 https://registry.npmjs.org/@mongodb-js%2fsaslprep 446ms (cache miss)
84 silly packumentCache full:https://registry.npmjs.org/@mongodb-js%2fsaslprep set size:undefined disposed:false
85 silly placeDep ROOT @mongodb-js/saslprep@1.4.11 OK for: mongodb@7.2.0 want: ^1.3.0
86 silly placeDep ROOT bson@7.2.0 OK for: mongodb@7.2.0 want: ^7.2.0
87 silly placeDep ROOT mongodb-connection-string-url@7.0.1 OK for: mongodb@7.2.0 want: ^7.0.0
88 silly fetch manifest sparse-bitfield@^3.0.3
89 silly packumentCache full:https://registry.npmjs.org/sparse-bitfield cache-miss
90 silly fetch manifest whatwg-url@^14.1.0
91 silly packumentCache full:https://registry.npmjs.org/whatwg-url cache-miss
92 silly fetch manifest @types/whatwg-url@^13.0.0
93 silly packumentCache full:https://registry.npmjs.org/@types%2fwhatwg-url cache-miss
94 http fetch GET 200 https://registry.npmjs.org/sparse-bitfield 184ms (cache miss)
95 silly packumentCache full:https://registry.npmjs.org/sparse-bitfield set size:undefined disposed:false
96 http fetch GET 200 https://registry.npmjs.org/whatwg-url 185ms (cache miss)
97 silly packumentCache full:https://registry.npmjs.org/whatwg-url set size:undefined disposed:false
98 http fetch GET 200 https://registry.npmjs.org/@types%2fwhatwg-url 190ms (cache miss)
99 silly packumentCache full:https://registry.npmjs.org/@types%2fwhatwg-url set size:undefined disposed:false
100 silly placeDep ROOT sparse-bitfield@3.0.3 OK for: @mongodb-js/saslprep@1.4.11 want: ^3.0.3
101 silly fetch manifest memory-pager@^1.0.2
102 silly packumentCache full:https://registry.npmjs.org/memory-pager cache-miss
103 http fetch GET 200 https://registry.npmjs.org/memory-pager 221ms (cache miss)
104 silly packumentCache full:https://registry.npmjs.org/memory-pager set size:undefined disposed:false
105 silly placeDep ROOT @types/whatwg-url@13.0.0 OK for: mongodb-connection-string-url@7.0.1 want: ^13.0.0
106 silly placeDep ROOT whatwg-url@14.2.0 OK for: mongodb-connection-string-url@7.0.1 want: ^14.1.0
107 silly fetch manifest @types/webidl-conversions@*
108 silly packumentCache full:https://registry.npmjs.org/@types%2fwebidl-conversions cache-miss
109 silly fetch manifest tr46@^5.1.0
110 silly packumentCache full:https://registry.npmjs.org/tr46 cache-miss
111 silly fetch manifest webidl-conversions@^7.0.0
112 silly packumentCache full:https://registry.npmjs.org/webidl-conversions cache-miss
113 http fetch GET 200 https://registry.npmjs.org/webidl-conversions 210ms (cache miss)
114 silly packumentCache full:https://registry.npmjs.org/webidl-conversions set size:undefined disposed:false
115 http fetch GET 200 https://registry.npmjs.org/tr46 212ms (cache miss)
116 silly packumentCache full:https://registry.npmjs.org/tr46 set size:undefined disposed:false
117 http fetch GET 200 https://registry.npmjs.org/@types%2fwebidl-conversions 216ms (cache miss)
118 silly packumentCache full:https://registry.npmjs.org/@types%2fwebidl-conversions set size:undefined disposed:false
119 silly placeDep ROOT @types/webidl-conversions@7.0.3 OK for: @types/whatwg-url@13.0.0 want: *
120 silly placeDep ROOT memory-pager@1.5.0 OK for: sparse-bitfield@3.0.3 want: ^1.0.2
121 silly placeDep ROOT tr46@5.1.1 OK for: whatwg-url@14.2.0 want: ^5.1.0
122 silly placeDep ROOT webidl-conversions@7.0.0 OK for: whatwg-url@14.2.0 want: ^7.0.0
123 silly reify moves {}
124 verbose reify failed optional dependency /Users/ayushmantalukdar/Documents/Projects/Rabt/rabt/node_modules/@tailwindcss/oxide-wasm32-wasi
125 silly reify mark deleted [
125 silly reify   '/Users/ayushmantalukdar/Documents/Projects/Rabt/rabt/node_modules/@tailwindcss/oxide-wasm32-wasi'
125 silly reify ]
126 silly audit bulk request {
126 silly audit   '@alloc/quick-lru': [ '5.2.0' ],
126 silly audit   '@babel/code-frame': [ '7.29.0' ],
126 silly audit   '@babel/compat-data': [ '7.29.3' ],
126 silly audit   '@babel/core': [ '7.29.0' ],
126 silly audit   '@babel/generator': [ '7.29.1' ],
126 silly audit   '@babel/helper-annotate-as-pure': [ '7.27.3' ],
126 silly audit   '@babel/helper-compilation-targets': [ '7.28.6' ],
126 silly audit   '@babel/helper-create-class-features-plugin': [ '7.29.3' ],
126 silly audit   '@babel/helper-globals': [ '7.28.0' ],
126 silly audit   '@babel/helper-member-expression-to-functions': [ '7.28.5' ],
126 silly audit   '@babel/helper-module-imports': [ '7.28.6' ],
126 silly audit   '@babel/helper-module-transforms': [ '7.28.6' ],
126 silly audit   '@babel/helper-optimise-call-expression': [ '7.27.1' ],
126 silly audit   '@babel/helper-plugin-utils': [ '7.28.6' ],
126 silly audit   '@babel/helper-replace-supers': [ '7.28.6' ],
126 silly audit   '@babel/helper-skip-transparent-expression-wrappers': [ '7.27.1' ],
126 silly audit   '@babel/helper-string-parser': [ '7.27.1' ],
126 silly audit   '@babel/helper-validator-identifier': [ '7.28.5' ],
126 silly audit   '@babel/helper-validator-option': [ '7.27.1' ],
126 silly audit   '@babel/helpers': [ '7.29.2' ],
126 silly audit   '@babel/parser': [ '7.29.3' ],
126 silly audit   '@babel/plugin-syntax-jsx': [ '7.28.6' ],
126 silly audit   '@babel/plugin-syntax-typescript': [ '7.28.6' ],
126 silly audit   '@babel/plugin-transform-modules-commonjs': [ '7.28.6' ],
126 silly audit   '@babel/plugin-transform-typescript': [ '7.28.6' ],
126 silly audit   '@babel/preset-typescript': [ '7.28.5' ],
126 silly audit   '@babel/runtime': [ '7.29.2' ],
126 silly audit   '@babel/template': [ '7.28.6' ],
126 silly audit   '@babel/traverse': [ '7.29.0' ],
126 silly audit   '@babel/types': [ '7.29.0' ],
126 silly audit   '@base-ui/react': [ '1.5.0' ],
126 silly audit   '@base-ui/utils': [ '0.2.9' ],
126 silly audit   '@dotenvx/dotenvx': [ '1.66.0' ],
126 silly audit   commander: [ '11.1.0', '14.0.3' ],
126 silly audit   execa: [ '5.1.1', '9.6.1' ],
126 silly audit   fdir: [ '6.5.0' ],
126 silly audit   'get-stream': [ '6.0.1', '9.0.1' ],
126 silly audit   'human-signals': [ '2.1.0', '8.0.1' ],
126 silly audit   'is-stream': [ '2.0.1', '4.0.1' ],
126 silly audit   isexe: [ '3.1.5', '2.0.0' ],
126 silly audit   'npm-run-path': [ '4.0.1', '6.0.0' ],
126 silly audit   onetime: [ '5.1.2', '7.0.0' ],
126 silly audit   picomatch: [ '4.0.4', '2.3.2' ],
126 silly audit   'signal-exit': [ '3.0.7', '4.1.0' ],
126 silly audit   'strip-final-newline': [ '2.0.0', '4.0.0' ],
126 silly audit   which: [ '4.0.0', '2.0.2' ],
126 silly audit   '@ecies/ciphers': [ '0.2.6' ],
126 silly audit   '@emnapi/core': [ '1.10.0' ],
126 silly audit   '@emnapi/runtime': [ '1.10.0' ],
126 silly audit   '@emnapi/wasi-threads': [ '1.2.1' ],
126 silly audit   '@eslint-community/eslint-utils': [ '4.9.1' ],
126 silly audit   'eslint-visitor-keys': [ '3.4.3', '5.0.1', '4.2.1' ],
126 silly audit   '@eslint-community/regexpp': [ '4.12.2' ],
126 silly audit   '@eslint/config-array': [ '0.21.2' ],
126 silly audit   '@eslint/config-helpers': [ '0.4.2' ],
126 silly audit   '@eslint/core': [ '0.17.0' ],
126 silly audit   '@eslint/eslintrc': [ '3.3.5' ],
126 silly audit   '@eslint/js': [ '9.39.4' ],
126 silly audit   '@eslint/object-schema': [ '2.1.7' ],
126 silly audit   '@eslint/plugin-kit': [ '0.4.1' ],
126 silly audit   '@floating-ui/core': [ '1.7.5' ],
126 silly audit   '@floating-ui/dom': [ '1.7.6' ],
126 silly audit   '@floating-ui/react-dom': [ '2.1.8' ],
126 silly audit   '@floating-ui/utils': [ '0.2.11' ],
126 silly audit   '@hono/node-server': [ '1.19.14' ],
126 silly audit   '@humanfs/core': [ '0.19.2' ],
126 silly audit   '@humanfs/node': [ '0.16.8' ],
126 silly audit   '@humanfs/types': [ '0.15.0' ],
126 silly audit   '@humanwhocodes/module-importer': [ '1.0.1' ],
126 silly audit   '@humanwhocodes/retry': [ '0.4.3' ],
126 silly audit   '@img/colour': [ '1.1.0' ],
126 silly audit   '@img/sharp-darwin-arm64': [ '0.34.5' ],
126 silly audit   '@img/sharp-darwin-x64': [ '0.34.5' ],
126 silly audit   '@img/sharp-libvips-darwin-arm64': [ '1.2.4' ],
126 silly audit   '@img/sharp-libvips-darwin-x64': [ '1.2.4' ],
126 silly audit   '@img/sharp-libvips-linux-arm': [ '1.2.4' ],
126 silly audit   '@img/sharp-libvips-linux-arm64': [ '1.2.4' ],
126 silly audit   '@img/sharp-libvips-linux-ppc64': [ '1.2.4' ],
126 silly audit   '@img/sharp-libvips-linux-riscv64': [ '1.2.4' ],
126 silly audit   '@img/sharp-libvips-linux-s390x': [ '1.2.4' ],
126 silly audit   '@img/sharp-libvips-linux-x64': [ '1.2.4' ],
126 silly audit   '@img/sharp-libvips-linuxmusl-arm64': [ '1.2.4' ],
126 silly audit   '@img/sharp-libvips-linuxmusl-x64': [ '1.2.4' ],
126 silly audit   '@img/sharp-linux-arm': [ '0.34.5' ],
126 silly audit   '@img/sharp-linux-arm64': [ '0.34.5' ],
126 silly audit   '@img/sharp-linux-ppc64': [ '0.34.5' ],
126 silly audit   '@img/sharp-linux-riscv64': [ '0.34.5' ],
126 silly audit   '@img/sharp-linux-s390x': [ '0.34.5' ],
126 silly audit   '@img/sharp-linux-x64': [ '0.34.5' ],
126 silly audit   '@img/sharp-linuxmusl-arm64': [ '0.34.5' ],
126 silly audit   '@img/sharp-linuxmusl-x64': [ '0.34.5' ],
126 silly audit   '@img/sharp-wasm32': [ '0.34.5' ],
126 silly audit   '@img/sharp-win32-arm64': [ '0.34.5' ],
126 silly audit   '@img/sharp-win32-ia32': [ '0.34.5' ],
126 silly audit   '@img/sharp-win32-x64': [ '0.34.5' ],
126 silly audit   '@inquirer/ansi': [ '2.0.5' ],
126 silly audit   '@inquirer/confirm': [ '6.0.13' ],
126 silly audit   '@inquirer/core': [ '11.1.10' ],
126 silly audit   '@inquirer/figures': [ '2.0.5' ],
126 silly audit   '@inquirer/type': [ '4.0.5' ],
126 silly audit   '@jridgewell/gen-mapping': [ '0.3.13' ],
126 silly audit   '@jridgewell/remapping': [ '2.3.5' ],
126 silly audit   '@jridgewell/resolve-uri': [ '3.1.2' ],
126 silly audit   '@jridgewell/sourcemap-codec': [ '1.5.5' ],
126 silly audit   '@jridgewell/trace-mapping': [ '0.3.31' ],
126 silly audit   '@modelcontextprotocol/sdk': [ '1.29.0' ],
126 silly audit   ajv: [ '8.20.0', '6.15.0' ],
126 silly audit   'json-schema-traverse': [ '1.0.0', '0.4.1' ],
126 silly audit   '@mswjs/interceptors': [ '0.41.9' ],
126 silly audit   '@open-draft/deferred-promise': [ '2.2.0', '3.0.0' ],
126 silly audit   '@napi-rs/wasm-runtime': [ '1.1.4' ],
126 silly audit   '@next/env': [ '16.2.6' ],
126 silly audit   '@next/eslint-plugin-next': [ '16.2.6' ],
126 silly audit   '@next/swc-darwin-arm64': [ '16.2.6' ],
126 silly audit   '@next/swc-darwin-x64': [ '16.2.6' ],
126 silly audit   '@next/swc-linux-arm64-gnu': [ '16.2.6' ],
126 silly audit   '@next/swc-linux-arm64-musl': [ '16.2.6' ],
126 silly audit   '@next/swc-linux-x64-gnu': [ '16.2.6' ],
126 silly audit   '@next/swc-linux-x64-musl': [ '16.2.6' ],
126 silly audit   '@next/swc-win32-arm64-msvc': [ '16.2.6' ],
126 silly audit   '@next/swc-win32-x64-msvc': [ '16.2.6' ],
126 silly audit   '@noble/ciphers': [ '1.3.0' ],
126 silly audit   '@noble/curves': [ '1.9.7' ],
126 silly audit   '@noble/hashes': [ '1.8.0' ],
126 silly audit   '@nodelib/fs.scandir': [ '2.1.5' ],
126 silly audit   '@nodelib/fs.stat': [ '2.0.5' ],
126 silly audit   '@nodelib/fs.walk': [ '1.2.8' ],
126 silly audit   '@nolyfill/is-core-module': [ '1.0.39' ],
126 silly audit   '@open-draft/logger': [ '0.3.0' ],
126 silly audit   '@open-draft/until': [ '2.1.0' ],
126 silly audit   '@radix-ui/number': [ '1.1.1' ],
126 silly audit   '@radix-ui/primitive': [ '1.1.3' ],
126 silly audit   '@radix-ui/react-accessible-icon': [ '1.1.7' ],
126 silly audit   '@radix-ui/react-accordion': [ '1.2.12' ],
126 silly audit   '@radix-ui/react-alert-dialog': [ '1.1.15' ],
126 silly audit   '@radix-ui/react-arrow': [ '1.1.7' ],
126 silly audit   '@radix-ui/react-aspect-ratio': [ '1.1.7' ],
126 silly audit   '@radix-ui/react-avatar': [ '1.1.10' ],
126 silly audit   '@radix-ui/react-checkbox': [ '1.3.3' ],
126 silly audit   '@radix-ui/react-collapsible': [ '1.1.12' ],
126 silly audit   '@radix-ui/react-collection': [ '1.1.7' ],
126 silly audit   '@radix-ui/react-compose-refs': [ '1.1.2' ],
126 silly audit   '@radix-ui/react-context': [ '1.1.2' ],
126 silly audit   '@radix-ui/react-context-menu': [ '2.2.16' ],
126 silly audit   '@radix-ui/react-dialog': [ '1.1.15' ],
126 silly audit   '@radix-ui/react-direction': [ '1.1.1' ],
126 silly audit   '@radix-ui/react-dismissable-layer': [ '1.1.11' ],
126 silly audit   '@radix-ui/react-dropdown-menu': [ '2.1.16' ],
126 silly audit   '@radix-ui/react-focus-guards': [ '1.1.3' ],
126 silly audit   '@radix-ui/react-focus-scope': [ '1.1.7' ],
126 silly audit   '@radix-ui/react-form': [ '0.1.8' ],
126 silly audit   '@radix-ui/react-hover-card': [ '1.1.15' ],
126 silly audit   '@radix-ui/react-id': [ '1.1.1' ],
126 silly audit   '@radix-ui/react-label': [ '2.1.7' ],
126 silly audit   '@radix-ui/react-menu': [ '2.1.16' ],
126 silly audit   '@radix-ui/react-menubar': [ '1.1.16' ],
126 silly audit   '@radix-ui/react-navigation-menu': [ '1.2.14' ],
126 silly audit   '@radix-ui/react-one-time-password-field': [ '0.1.8' ],
126 silly audit   '@radix-ui/react-password-toggle-field': [ '0.1.3' ],
126 silly audit   '@radix-ui/react-popover': [ '1.1.15' ],
126 silly audit   '@radix-ui/react-popper': [ '1.2.8' ],
126 silly audit   '@radix-ui/react-portal': [ '1.1.9' ],
126 silly audit   '@radix-ui/react-presence': [ '1.1.5' ],
126 silly audit   '@radix-ui/react-primitive': [ '2.1.3' ],
126 silly audit   '@radix-ui/react-progress': [ '1.1.7' ],
126 silly audit   '@radix-ui/react-radio-group': [ '1.3.8' ],
126 silly audit   '@radix-ui/react-roving-focus': [ '1.1.11' ],
126 silly audit   '@radix-ui/react-scroll-area': [ '1.2.10' ],
126 silly audit   '@radix-ui/react-select': [ '2.2.6' ],
126 silly audit   '@radix-ui/react-separator': [ '1.1.7' ],
126 silly audit   '@radix-ui/react-slider': [ '1.3.6' ],
126 silly audit   '@radix-ui/react-slot': [ '1.2.3' ],
126 silly audit   '@radix-ui/react-switch': [ '1.2.6' ],
126 silly audit   '@radix-ui/react-tabs': [ '1.1.13' ],
126 silly audit   '@radix-ui/react-toast': [ '1.2.15' ],
126 silly audit   '@radix-ui/react-toggle': [ '1.1.10' ],
126 silly audit   '@radix-ui/react-toggle-group': [ '1.1.11' ],
126 silly audit   '@radix-ui/react-toolbar': [ '1.1.11' ],
126 silly audit   '@radix-ui/react-tooltip': [ '1.2.8' ],
126 silly audit   '@radix-ui/react-use-callback-ref': [ '1.1.1' ],
126 silly audit   '@radix-ui/react-use-controllable-state': [ '1.2.2' ],
126 silly audit   '@radix-ui/react-use-effect-event': [ '0.0.2' ],
126 silly audit   '@radix-ui/react-use-escape-keydown': [ '1.1.1' ],
126 silly audit   '@radix-ui/react-use-is-hydrated': [ '0.1.0' ],
126 silly audit   '@radix-ui/react-use-layout-effect': [ '1.1.1' ],
126 silly audit   '@radix-ui/react-use-previous': [ '1.1.1' ],
126 silly audit   '@radix-ui/react-use-rect': [ '1.1.1' ],
126 silly audit   '@radix-ui/react-use-size': [ '1.1.1' ],
126 silly audit   '@radix-ui/react-visually-hidden': [ '1.2.3' ],
126 silly audit   '@radix-ui/rect': [ '1.1.1' ],
126 silly audit   '@rtsao/scc': [ '1.1.0' ],
126 silly audit   '@sec-ant/readable-stream': [ '0.4.1' ],
126 silly audit   '@sindresorhus/merge-streams': [ '4.0.0' ],
126 silly audit   '@swc/helpers': [ '0.5.15' ],
126 silly audit   '@tailwindcss/node': [ '4.3.0' ],
126 silly audit   '@tailwindcss/oxide': [ '4.3.0' ],
126 silly audit   '@tailwindcss/oxide-android-arm64': [ '4.3.0' ],
126 silly audit   '@tailwindcss/oxide-darwin-arm64': [ '4.3.0' ],
126 silly audit   '@tailwindcss/oxide-darwin-x64': [ '4.3.0' ],
126 silly audit   '@tailwindcss/oxide-freebsd-x64': [ '4.3.0' ],
126 silly audit   '@tailwindcss/oxide-linux-arm-gnueabihf': [ '4.3.0' ],
126 silly audit   '@tailwindcss/oxide-linux-arm64-gnu': [ '4.3.0' ],
126 silly audit   '@tailwindcss/oxide-linux-arm64-musl': [ '4.3.0' ],
126 silly audit   '@tailwindcss/oxide-linux-x64-gnu': [ '4.3.0' ],
126 silly audit   '@tailwindcss/oxide-linux-x64-musl': [ '4.3.0' ],
126 silly audit   '@tailwindcss/oxide-win32-arm64-msvc': [ '4.3.0' ],
126 silly audit   '@tailwindcss/oxide-win32-x64-msvc': [ '4.3.0' ],
126 silly audit   '@tailwindcss/postcss': [ '4.3.0' ],
126 silly audit   '@ts-morph/common': [ '0.27.0' ],
126 silly audit   'balanced-match': [ '4.0.4', '1.0.2' ],
126 silly audit   'brace-expansion': [ '5.0.6', '1.1.14' ],
126 silly audit   'fast-glob': [ '3.3.3', '3.3.1' ],
126 silly audit   'glob-parent': [ '5.1.2', '6.0.2' ],
126 silly audit   minimatch: [ '10.2.5', '3.1.5' ],
126 silly audit   '@tybys/wasm-util': [ '0.10.2' ],
126 silly audit   '@types/estree': [ '1.0.9' ],
126 silly audit   '@types/json-schema': [ '7.0.15' ],
126 silly audit   '@types/json5': [ '0.0.29' ],
126 silly audit   '@types/node': [ '25.9.1' ],
126 silly audit   '@types/set-cookie-parser': [ '2.4.10' ],
126 silly audit   '@types/statuses': [ '2.0.6' ],
126 silly audit   '@types/validate-npm-package-name': [ '4.0.2' ],
126 silly audit   '@typescript-eslint/eslint-plugin': [ '8.59.4' ],
126 silly audit   ignore: [ '7.0.5', '5.3.2' ],
126 silly audit   '@typescript-eslint/parser': [ '8.59.4' ],
126 silly audit   '@typescript-eslint/project-service': [ '8.59.4' ],
126 silly audit   '@typescript-eslint/scope-manager': [ '8.59.4' ],
126 silly audit   '@typescript-eslint/tsconfig-utils': [ '8.59.4' ],
126 silly audit   '@typescript-eslint/type-utils': [ '8.59.4' ],
126 silly audit   '@typescript-eslint/types': [ '8.59.4' ],
126 silly audit   '@typescript-eslint/typescript-estree': [ '8.59.4' ],
126 silly audit   semver: [ '7.8.0', '6.3.1' ],
126 silly audit   '@typescript-eslint/utils': [ '8.59.4' ],
126 silly audit   '@typescript-eslint/visitor-keys': [ '8.59.4' ],
126 silly audit   '@unrs/resolver-binding-android-arm-eabi': [ '1.12.2' ],
126 silly audit   '@unrs/resolver-binding-android-arm64': [ '1.12.2' ],
126 silly audit   '@unrs/resolver-binding-darwin-arm64': [ '1.12.2' ],
126 silly audit   '@unrs/resolver-binding-darwin-x64': [ '1.12.2' ],
126 silly audit   '@unrs/resolver-binding-freebsd-x64': [ '1.12.2' ],
126 silly audit   '@unrs/resolver-binding-linux-arm-gnueabihf': [ '1.12.2' ],
126 silly audit   '@unrs/resolver-binding-linux-arm-musleabihf': [ '1.12.2' ],
126 silly audit   '@unrs/resolver-binding-linux-arm64-gnu': [ '1.12.2' ],
126 silly audit   '@unrs/resolver-binding-linux-arm64-musl': [ '1.12.2' ],
126 silly audit   '@unrs/resolver-binding-linux-loong64-gnu': [ '1.12.2' ],
126 silly audit   '@unrs/resolver-binding-linux-loong64-musl': [ '1.12.2' ],
126 silly audit   '@unrs/resolver-binding-linux-ppc64-gnu': [ '1.12.2' ],
126 silly audit   '@unrs/resolver-binding-linux-riscv64-gnu': [ '1.12.2' ],
126 silly audit   '@unrs/resolver-binding-linux-riscv64-musl': [ '1.12.2' ],
126 silly audit   '@unrs/resolver-binding-linux-s390x-gnu': [ '1.12.2' ],
126 silly audit   '@unrs/resolver-binding-linux-x64-gnu': [ '1.12.2' ],
126 silly audit   '@unrs/resolver-binding-linux-x64-musl': [ '1.12.2' ],
126 silly audit   '@unrs/resolver-binding-openharmony-arm64': [ '1.12.2' ],
126 silly audit   '@unrs/resolver-binding-wasm32-wasi': [ '1.12.2' ],
126 silly audit   '@unrs/resolver-binding-win32-arm64-msvc': [ '1.12.2' ],
126 silly audit   '@unrs/resolver-binding-win32-ia32-msvc': [ '1.12.2' ],
126 silly audit   '@unrs/resolver-binding-win32-x64-msvc': [ '1.12.2' ],
126 silly audit   accepts: [ '2.0.0' ],
126 silly audit   acorn: [ '8.16.0' ],
126 silly audit   'acorn-jsx': [ '5.3.2' ],
126 silly audit   'agent-base': [ '7.1.4' ],
126 silly audit   'ajv-formats': [ '3.0.1' ],
126 silly audit   'ansi-regex': [ '6.2.2', '5.0.1' ],
126 silly audit   'ansi-styles': [ '4.3.0' ],
126 silly audit   argparse: [ '2.0.1' ],
126 silly audit   'aria-hidden': [ '1.2.6' ],
126 silly audit   'aria-query': [ '5.3.2' ],
126 silly audit   'array-buffer-byte-length': [ '1.0.2' ],
126 silly audit   'array-includes': [ '3.1.9' ],
126 silly audit   'array.prototype.findlast': [ '1.2.5' ],
126 silly audit   'array.prototype.findlastindex': [ '1.2.6' ],
126 silly audit   'array.prototype.flat': [ '1.3.3' ],
126 silly audit   'array.prototype.flatmap': [ '1.3.3' ],
126 silly audit   'array.prototype.tosorted': [ '1.1.4' ],
126 silly audit   'arraybuffer.prototype.slice': [ '1.0.4' ],
126 silly audit   'ast-types': [ '0.16.1' ],
126 silly audit   'ast-types-flow': [ '0.0.8' ],
126 silly audit   'async-function': [ '1.0.0' ],
126 silly audit   'available-typed-arrays': [ '1.0.7' ],
126 silly audit   'axe-core': [ '4.11.4' ],
126 silly audit   'axobject-query': [ '4.1.0' ],
126 silly audit   'baseline-browser-mapping': [ '2.10.31' ],
126 silly audit   'body-parser': [ '2.2.2' ],
126 silly audit   braces: [ '3.0.3' ],
126 silly audit   browserslist: [ '4.28.2' ],
126 silly audit   'bundle-name': [ '4.1.0' ],
126 silly audit   bytes: [ '3.1.2' ],
126 silly audit   'call-bind': [ '1.0.9' ],
126 silly audit   'call-bind-apply-helpers': [ '1.0.2' ],
126 silly audit   'call-bound': [ '1.0.4' ],
126 silly audit   callsites: [ '3.1.0' ],
126 silly audit   'caniuse-lite': [ '1.0.30001793' ],
126 silly audit   chalk: [ '4.1.2', '5.6.2' ],
126 silly audit   'class-variance-authority': [ '0.7.1' ],
126 silly audit   'cli-cursor': [ '5.0.0' ],
126 silly audit   'cli-spinners': [ '2.9.2' ],
126 silly audit   'cli-width': [ '4.1.0' ],
126 silly audit   'client-only': [ '0.0.1' ],
126 silly audit   cliui: [ '8.0.1' ],
126 silly audit   'emoji-regex': [ '8.0.0', '9.2.2', '10.6.0' ],
126 silly audit   'string-width': [ '4.2.3', '7.2.0' ],
126 silly audit   'strip-ansi': [ '6.0.1', '7.2.0' ],
126 silly audit   clsx: [ '2.1.1' ],
126 silly audit   'code-block-writer': [ '13.0.3' ],
126 silly audit   'color-convert': [ '2.0.1' ],
126 silly audit   'color-name': [ '1.1.4' ],
126 silly audit   'concat-map': [ '0.0.1' ],
126 silly audit   'content-disposition': [ '1.1.0' ],
126 silly audit   'content-type': [ '1.0.5', '2.0.0' ],
126 silly audit   'convert-source-map': [ '2.0.0' ],
126 silly audit   cookie: [ '0.7.2', '1.1.1' ],
126 silly audit   'cookie-signature': [ '1.2.2' ],
126 silly audit   cors: [ '2.8.6' ],
126 silly audit   cosmiconfig: [ '9.0.1' ],
126 silly audit   'cross-spawn': [ '7.0.6' ],
126 silly audit   cssesc: [ '3.0.0' ],
126 silly audit   'damerau-levenshtein': [ '1.0.8' ],
126 silly audit   'data-uri-to-buffer': [ '4.0.1' ],
126 silly audit   'data-view-buffer': [ '1.0.2' ],
126 silly audit   'data-view-byte-length': [ '1.0.2' ],
126 silly audit   'data-view-byte-offset': [ '1.0.1' ],
126 silly audit   debug: [ '4.4.3', '3.2.7' ],
126 silly audit   dedent: [ '1.7.2' ],
126 silly audit   'deep-is': [ '0.1.4' ],
126 silly audit   deepmerge: [ '4.3.1' ],
126 silly audit   'default-browser': [ '5.5.0' ],
126 silly audit   'default-browser-id': [ '5.0.1' ],
126 silly audit   'define-data-property': [ '1.1.4' ],
126 silly audit   'define-lazy-prop': [ '3.0.0' ],
126 silly audit   'define-properties': [ '1.2.1' ],
126 silly audit   depd: [ '2.0.0' ],
126 silly audit   'detect-libc': [ '2.1.2' ],
126 silly audit   'detect-node-es': [ '1.1.0' ],
126 silly audit   diff: [ '8.0.4' ],
126 silly audit   doctrine: [ '2.1.0' ],
126 silly audit   dotenv: [ '17.4.2' ],
126 silly audit   'dunder-proto': [ '1.0.1' ],
126 silly audit   eciesjs: [ '0.4.18' ],
126 silly audit   'ee-first': [ '1.1.1' ],
126 silly audit   'electron-to-chromium': [ '1.5.360' ],
126 silly audit   encodeurl: [ '2.0.0' ],
126 silly audit   'enhanced-resolve': [ '5.21.6' ],
126 silly audit   'env-paths': [ '2.2.1' ],
126 silly audit   'error-ex': [ '1.3.4' ],
126 silly audit   'es-abstract': [ '1.24.2' ],
126 silly audit   'es-define-property': [ '1.0.1' ],
126 silly audit   'es-errors': [ '1.3.0' ],
126 silly audit   'es-iterator-helpers': [ '1.3.2' ],
126 silly audit   'es-object-atoms': [ '1.1.1' ],
126 silly audit   'es-set-tostringtag': [ '2.1.0' ],
126 silly audit   'es-shim-unscopables': [ '1.1.0' ],
126 silly audit   'es-to-primitive': [ '1.3.0' ],
126 silly audit   escalade: [ '3.2.0' ],
126 silly audit   'escape-html': [ '1.0.3' ],
126 silly audit   'escape-string-regexp': [ '4.0.0' ],
126 silly audit   eslint: [ '9.39.4' ],
126 silly audit   'eslint-config-next': [ '16.2.6' ],
126 silly audit   globals: [ '16.4.0', '14.0.0' ],
126 silly audit   'eslint-import-resolver-node': [ '0.3.10' ],
126 silly audit   'eslint-import-resolver-typescript': [ '3.10.1' ],
126 silly audit   'eslint-module-utils': [ '2.12.1' ],
126 silly audit   'eslint-plugin-import': [ '2.32.0' ],
126 silly audit   'eslint-plugin-jsx-a11y': [ '6.10.2' ],
126 silly audit   'eslint-plugin-react': [ '7.37.5' ],
126 silly audit   'eslint-plugin-react-hooks': [ '7.1.1' ],
126 silly audit   'eslint-scope': [ '8.4.0' ],
126 silly audit   espree: [ '10.4.0' ],
126 silly audit   esprima: [ '4.0.1' ],
126 silly audit   esquery: [ '1.7.0' ],
126 silly audit   esrecurse: [ '4.3.0' ],
126 silly audit   estraverse: [ '5.3.0' ],
126 silly audit   esutils: [ '2.0.3' ],
126 silly audit   etag: [ '1.8.1' ],
126 silly audit   eventsource: [ '3.0.7' ],
126 silly audit   'eventsource-parser': [ '3.0.8' ],
126 silly audit   express: [ '5.2.1' ],
126 silly audit   'express-rate-limit': [ '8.5.2' ],
126 silly audit   'fast-deep-equal': [ '3.1.3' ],
126 silly audit   'fast-json-stable-stringify': [ '2.1.0' ],
126 silly audit   'fast-levenshtein': [ '2.0.6' ],
126 silly audit   'fast-string-truncated-width': [ '3.0.3' ],
126 silly audit   'fast-string-width': [ '3.0.2' ],
126 silly audit   'fast-uri': [ '3.1.2' ],
126 silly audit   'fast-wrap-ansi': [ '0.2.2' ],
126 silly audit   fastq: [ '1.20.1' ],
126 silly audit   'fetch-blob': [ '3.2.0' ],
126 silly audit   figures: [ '6.1.0' ],
126 silly audit   'file-entry-cache': [ '8.0.0' ],
126 silly audit   'fill-range': [ '7.1.1' ],
126 silly audit   finalhandler: [ '2.1.1' ],
126 silly audit   'find-up': [ '5.0.0' ],
126 silly audit   'flat-cache': [ '4.0.1' ],
126 silly audit   flatted: [ '3.4.2' ],
126 silly audit   'for-each': [ '0.3.5' ],
126 silly audit   'formdata-polyfill': [ '4.0.10' ],
126 silly audit   forwarded: [ '0.2.0' ],
126 silly audit   'framer-motion': [ '12.40.0' ],
126 silly audit   fresh: [ '2.0.0' ],
126 silly audit   'fs-extra': [ '11.3.5' ],
126 silly audit   'function-bind': [ '1.1.2' ],
126 silly audit   'function.prototype.name': [ '1.1.8' ],
126 silly audit   'functions-have-names': [ '1.2.3' ],
126 silly audit   fuzzysort: [ '3.1.0' ],
126 silly audit   'generator-function': [ '2.0.1' ],
126 silly audit   gensync: [ '1.0.0-beta.2' ],
126 silly audit   'get-caller-file': [ '2.0.5' ],
126 silly audit   'get-east-asian-width': [ '1.6.0' ],
126 silly audit   'get-intrinsic': [ '1.3.0' ],
126 silly audit   'get-nonce': [ '1.0.1' ],
126 silly audit   'get-own-enumerable-keys': [ '1.0.0' ],
126 silly audit   'get-proto': [ '1.0.1' ],
126 silly audit   'get-symbol-description': [ '1.1.0' ],
126 silly audit   'get-tsconfig': [ '4.14.0' ],
126 silly audit   globalthis: [ '1.0.4' ],
126 silly audit   gopd: [ '1.2.0' ],
126 silly audit   'graceful-fs': [ '4.2.11' ],
126 silly audit   graphql: [ '16.14.0' ],
126 silly audit   'has-bigints': [ '1.1.0' ],
126 silly audit   'has-flag': [ '4.0.0' ],
126 silly audit   'has-property-descriptors': [ '1.0.2' ],
126 silly audit   'has-proto': [ '1.2.0' ],
126 silly audit   'has-symbols': [ '1.1.0' ],
126 silly audit   'has-tostringtag': [ '1.0.2' ],
126 silly audit   hasown: [ '2.0.3' ],
126 silly audit   'headers-polyfill': [ '5.0.1' ],
126 silly audit   'hermes-estree': [ '0.25.1' ],
126 silly audit   'hermes-parser': [ '0.25.1' ],
126 silly audit   hono: [ '4.12.21' ],
126 silly audit   'http-errors': [ '2.0.1' ],
126 silly audit   'https-proxy-agent': [ '7.0.6' ],
126 silly audit   'iconv-lite': [ '0.7.2' ],
126 silly audit   'import-fresh': [ '3.3.1' ],
126 silly audit   imurmurhash: [ '0.1.4' ],
126 silly audit   inherits: [ '2.0.4' ],
126 silly audit   'internal-slot': [ '1.1.0' ],
126 silly audit   'ip-address': [ '10.2.0' ],
126 silly audit   'ipaddr.js': [ '1.9.1' ],
126 silly audit   'is-array-buffer': [ '3.0.5' ],
126 silly audit   'is-arrayish': [ '0.2.1' ],
126 silly audit   'is-async-function': [ '2.1.1' ],
126 silly audit   'is-bigint': [ '1.1.0' ],
126 silly audit   'is-boolean-object': [ '1.2.2' ],
126 silly audit   'is-bun-module': [ '2.0.0' ],
126 silly audit   'is-callable': [ '1.2.7' ],
126 silly audit   'is-core-module': [ '2.16.2' ],
126 silly audit   'is-data-view': [ '1.0.2' ],
126 silly audit   'is-date-object': [ '1.1.0' ],
126 silly audit   'is-docker': [ '3.0.0' ],
126 silly audit   'is-extglob': [ '2.1.1' ],
126 silly audit   'is-finalizationregistry': [ '1.1.1' ],
126 silly audit   'is-fullwidth-code-point': [ '3.0.0' ],
126 silly audit   'is-generator-function': [ '1.1.2' ],
126 silly audit   'is-glob': [ '4.0.3' ],
126 silly audit   'is-in-ssh': [ '1.0.0' ],
126 silly audit   'is-inside-container': [ '1.0.0' ],
126 silly audit   'is-interactive': [ '2.0.0' ],
126 silly audit   'is-map': [ '2.0.3' ],
126 silly audit   'is-negative-zero': [ '2.0.3' ],
126 silly audit   'is-node-process': [ '1.2.0' ],
126 silly audit   'is-number': [ '7.0.0' ],
126 silly audit   'is-number-object': [ '1.1.1' ],
126 silly audit   'is-obj': [ '3.0.0' ],
126 silly audit   'is-plain-obj': [ '4.1.0' ],
126 silly audit   'is-promise': [ '4.0.0' ],
126 silly audit   'is-regex': [ '1.2.1' ],
126 silly audit   'is-regexp': [ '3.1.0' ],
126 silly audit   'is-set': [ '2.0.3' ],
126 silly audit   'is-shared-array-buffer': [ '1.0.4' ],
126 silly audit   'is-string': [ '1.1.1' ],
126 silly audit   'is-symbol': [ '1.1.1' ],
126 silly audit   'is-typed-array': [ '1.1.15' ],
126 silly audit   'is-unicode-supported': [ '2.1.0', '1.3.0' ],
126 silly audit   'is-weakmap': [ '2.0.2' ],
126 silly audit   'is-weakref': [ '1.1.1' ],
126 silly audit   'is-weakset': [ '2.0.4' ],
126 silly audit   'is-wsl': [ '3.1.1' ],
126 silly audit   isarray: [ '2.0.5' ],
126 silly audit   'iterator.prototype': [ '1.1.5' ],
126 silly audit   jiti: [ '2.7.0' ],
126 silly audit   jose: [ '6.2.3' ],
126 silly audit   'js-tokens': [ '4.0.0' ],
126 silly audit   'js-yaml': [ '4.1.1' ],
126 silly audit   jsesc: [ '3.1.0' ],
126 silly audit   'json-buffer': [ '3.0.1' ],
126 silly audit   'json-parse-even-better-errors': [ '2.3.1' ],
126 silly audit   'json-schema-typed': [ '8.0.2' ],
126 silly audit   'json-stable-stringify-without-jsonify': [ '1.0.1' ],
126 silly audit   json5: [ '2.2.3', '1.0.2' ],
126 silly audit   jsonfile: [ '6.2.1' ],
126 silly audit   'jsx-ast-utils': [ '3.3.5' ],
126 silly audit   keyv: [ '4.5.4' ],
126 silly audit   kleur: [ '4.1.5', '3.0.3' ],
126 silly audit   'language-subtag-registry': [ '0.3.23' ],
126 silly audit   'language-tags': [ '1.0.9' ],
126 silly audit   lenis: [ '1.3.23' ],
126 silly audit   levn: [ '0.4.1' ],
126 silly audit   lightningcss: [ '1.32.0' ],
126 silly audit   'lightningcss-android-arm64': [ '1.32.0' ],
126 silly audit   'lightningcss-darwin-arm64': [ '1.32.0' ],
126 silly audit   'lightningcss-darwin-x64': [ '1.32.0' ],
126 silly audit   'lightningcss-freebsd-x64': [ '1.32.0' ],
126 silly audit   'lightningcss-linux-arm-gnueabihf': [ '1.32.0' ],
126 silly audit   'lightningcss-linux-arm64-gnu': [ '1.32.0' ],
126 silly audit   'lightningcss-linux-arm64-musl': [ '1.32.0' ],
126 silly audit   'lightningcss-linux-x64-gnu': [ '1.32.0' ],
126 silly audit   'lightningcss-linux-x64-musl': [ '1.32.0' ],
126 silly audit   'lightningcss-win32-arm64-msvc': [ '1.32.0' ],
126 silly audit   'lightningcss-win32-x64-msvc': [ '1.32.0' ],
126 silly audit   'lines-and-columns': [ '1.2.4' ],
126 silly audit   'locate-path': [ '6.0.0' ],
126 silly audit   'lodash.merge': [ '4.6.2' ],
126 silly audit   'log-symbols': [ '6.0.0' ],
126 silly audit   'loose-envify': [ '1.4.0' ],
126 silly audit   'lru-cache': [ '5.1.1' ],
126 silly audit   'lucide-react': [ '1.16.0' ],
126 silly audit   'magic-string': [ '0.30.21' ],
126 silly audit   'math-intrinsics': [ '1.1.0' ],
126 silly audit   'media-typer': [ '1.1.0' ],
126 silly audit   'merge-descriptors': [ '2.0.0' ],
126 silly audit   'merge-stream': [ '2.0.0' ],
126 silly audit   merge2: [ '1.4.1' ],
126 silly audit   micromatch: [ '4.0.8' ],
126 silly audit   'mime-db': [ '1.54.0' ],
126 silly audit   'mime-types': [ '3.0.2' ],
126 silly audit   'mimic-fn': [ '2.1.0' ],
126 silly audit   'mimic-function': [ '5.0.1' ],
126 silly audit   minimist: [ '1.2.8' ],
126 silly audit   motion: [ '12.40.0' ],
126 silly audit   'motion-dom': [ '12.40.0' ],
126 silly audit   'motion-utils': [ '12.39.0' ],
126 silly audit   ms: [ '2.1.3' ],
126 silly audit   msw: [ '2.14.6' ],
126 silly audit   'mute-stream': [ '3.0.0' ],
126 silly audit   nanoid: [ '3.3.12' ],
126 silly audit   'napi-postinstall': [ '0.3.4' ],
126 silly audit   'natural-compare': [ '1.4.0' ],
126 silly audit   negotiator: [ '1.0.0' ],
126 silly audit   next: [ '16.2.6' ],
126 silly audit   postcss: [ '8.4.31', '8.5.15' ],
126 silly audit   'node-domexception': [ '1.0.0' ],
126 silly audit   'node-exports-info': [ '1.6.0' ],
126 silly audit   'node-fetch': [ '3.3.2' ],
126 silly audit   'node-releases': [ '2.0.45' ],
126 silly audit   'path-key': [ '4.0.0', '3.1.1' ],
126 silly audit   'object-assign': [ '4.1.1' ],
126 silly audit   'object-inspect': [ '1.13.4' ],
126 silly audit   'object-keys': [ '1.1.1' ],
126 silly audit   'object-treeify': [ '1.1.33' ],
126 silly audit   'object.assign': [ '4.1.7' ],
126 silly audit   'object.entries': [ '1.1.9' ],
126 silly audit   'object.fromentries': [ '2.0.8' ],
126 silly audit   'object.groupby': [ '1.0.3' ],
126 silly audit   'object.values': [ '1.2.1' ],
126 silly audit   'on-finished': [ '2.4.1' ],
126 silly audit   once: [ '1.4.0' ],
126 silly audit   open: [ '11.0.0' ],
126 silly audit   optionator: [ '0.9.4' ],
126 silly audit   ora: [ '8.2.0' ],
126 silly audit   outvariant: [ '1.4.3' ],
126 silly audit   'own-keys': [ '1.0.1' ],
126 silly audit   'p-limit': [ '3.1.0' ],
126 silly audit   'p-locate': [ '5.0.0' ],
126 silly audit   'parent-module': [ '1.0.1' ],
126 silly audit   'parse-json': [ '5.2.0' ],
126 silly audit   'parse-ms': [ '4.0.0' ],
126 silly audit   parseurl: [ '1.3.3' ],
126 silly audit   'path-browserify': [ '1.0.1' ],
126 silly audit   'path-exists': [ '4.0.0' ],
126 silly audit   'path-parse': [ '1.0.7' ],
126 silly audit   'path-to-regexp': [ '6.3.0', '8.4.2' ],
126 silly audit   picocolors: [ '1.1.1' ],
126 silly audit   'pkce-challenge': [ '5.0.1' ],
126 silly audit   'possible-typed-array-names': [ '1.1.0' ],
126 silly audit   'postcss-selector-parser': [ '7.1.1' ],
126 silly audit   'powershell-utils': [ '0.1.0' ],
126 silly audit   'prelude-ls': [ '1.2.1' ],
126 silly audit   'pretty-ms': [ '9.3.0' ],
126 silly audit   prompts: [ '2.4.2' ],
126 silly audit   'prop-types': [ '15.8.1' ],
126 silly audit   'proxy-addr': [ '2.0.7' ],
126 silly audit   punycode: [ '2.3.1' ],
126 silly audit   qs: [ '6.15.2' ],
126 silly audit   'queue-microtask': [ '1.2.3' ],
126 silly audit   'radix-ui': [ '1.4.3' ],
126 silly audit   'range-parser': [ '1.2.1' ],
126 silly audit   'raw-body': [ '3.0.2' ],
126 silly audit   react: [ '19.2.4' ],
126 silly audit   'react-dom': [ '19.2.4' ],
126 silly audit   'react-is': [ '16.13.1' ],
126 silly audit   'react-remove-scroll': [ '2.7.2' ],
126 silly audit   'react-remove-scroll-bar': [ '2.3.8' ],
126 silly audit   'react-style-singleton': [ '2.2.3' ],
126 silly audit   recast: [ '0.23.11' ],
126 silly audit   'reflect.getprototypeof': [ '1.0.10' ],
126 silly audit   'regexp.prototype.flags': [ '1.5.4' ],
126 silly audit   'require-directory': [ '2.1.1' ],
126 silly audit   'require-from-string': [ '2.0.2' ],
126 silly audit   reselect: [ '5.2.0' ],
126 silly audit   resolve: [ '2.0.0-next.7' ],
126 silly audit   'resolve-from': [ '4.0.0' ],
126 silly audit   'resolve-pkg-maps': [ '1.0.0' ],
126 silly audit   'restore-cursor': [ '5.1.0' ],
126 silly audit   rettime: [ '0.11.11' ],
126 silly audit   reusify: [ '1.1.0' ],
126 silly audit   router: [ '2.2.0' ],
126 silly audit   'run-applescript': [ '7.1.0' ],
126 silly audit   'run-parallel': [ '1.2.0' ],
126 silly audit   'safe-array-concat': [ '1.1.4' ],
126 silly audit   'safe-push-apply': [ '1.0.0' ],
126 silly audit   'safe-regex-test': [ '1.1.0' ],
126 silly audit   'safer-buffer': [ '2.1.2' ],
126 silly audit   scheduler: [ '0.27.0' ],
126 silly audit   send: [ '1.2.1' ],
126 silly audit   'serve-static': [ '2.2.1' ],
126 silly audit   'set-cookie-parser': [ '3.1.0' ],
126 silly audit   'set-function-length': [ '1.2.2' ],
126 silly audit   'set-function-name': [ '2.0.2' ],
126 silly audit   'set-proto': [ '1.0.0' ],
126 silly audit   setprototypeof: [ '1.2.0' ],
126 silly audit   shadcn: [ '4.8.0' ],
126 silly audit   'tsconfig-paths': [ '4.2.0', '3.15.0' ],
126 silly audit   zod: [ '3.25.76', '4.4.3' ],
126 silly audit   sharp: [ '0.34.5' ],
126 silly audit   'shebang-command': [ '2.0.0' ],
126 silly audit   'shebang-regex': [ '3.0.0' ],
126 silly audit   'side-channel': [ '1.1.0' ],
126 silly audit   'side-channel-list': [ '1.0.1' ],
126 silly audit   'side-channel-map': [ '1.0.1' ],
126 silly audit   'side-channel-weakmap': [ '1.0.2' ],
126 silly audit   sisteransi: [ '1.0.5' ],
126 silly audit   'source-map': [ '0.6.1' ],
126 silly audit   'source-map-js': [ '1.2.1' ],
126 silly audit   'stable-hash': [ '0.0.5' ],
126 silly audit   statuses: [ '2.0.2' ],
126 silly audit   'stdin-discarder': [ '0.2.2' ],
126 silly audit   'stop-iteration-iterator': [ '1.1.0' ],
126 silly audit   'strict-event-emitter': [ '0.5.1' ],
126 silly audit   'string.prototype.includes': [ '2.0.1' ],
126 silly audit   'string.prototype.matchall': [ '4.0.12' ],
126 silly audit   'string.prototype.repeat': [ '1.0.0' ],
126 silly audit   'string.prototype.trim': [ '1.2.10' ],
126 silly audit   'string.prototype.trimend': [ '1.0.9' ],
126 silly audit   'string.prototype.trimstart': [ '1.0.8' ],
126 silly audit   'stringify-object': [ '5.0.0' ],
126 silly audit   'strip-bom': [ '3.0.0' ],
126 silly audit   'strip-json-comments': [ '3.1.1' ],
126 silly audit   'styled-jsx': [ '5.1.6' ],
126 silly audit   'supports-color': [ '7.2.0' ],
126 silly audit   'supports-preserve-symlinks-flag': [ '1.0.0' ],
126 silly audit   'tagged-tag': [ '1.0.0' ],
126 silly audit   'tailwind-merge': [ '3.6.0' ],
126 silly audit   tailwindcss: [ '4.3.0' ],
126 silly audit   tapable: [ '2.3.3' ],
126 silly audit   'tiny-invariant': [ '1.3.3' ],
126 silly audit   tinyglobby: [ '0.2.16' ],
126 silly audit   tldts: [ '7.0.30' ],
126 silly audit   'tldts-core': [ '7.0.30' ],
126 silly audit   'to-regex-range': [ '5.0.1' ],
126 silly audit   toidentifier: [ '1.0.1' ],
126 silly audit   'tough-cookie': [ '6.0.1' ],
126 silly audit   'ts-api-utils': [ '2.5.0' ],
126 silly audit   'ts-morph': [ '26.0.0' ],
126 silly audit   tslib: [ '2.8.1' ],
126 silly audit   'tw-animate-css': [ '1.4.0' ],
126 silly audit   'type-check': [ '0.4.0' ],
126 silly audit   'type-fest': [ '5.6.0' ],
126 silly audit   'type-is': [ '2.1.0' ],
126 silly audit   'typed-array-buffer': [ '1.0.3' ],
126 silly audit   'typed-array-byte-length': [ '1.0.3' ],
126 silly audit   'typed-array-byte-offset': [ '1.0.4' ],
126 silly audit   'typed-array-length': [ '1.0.7' ],
126 silly audit   typescript: [ '6.0.3' ],
126 silly audit   'typescript-eslint': [ '8.59.4' ],
126 silly audit   'unbox-primitive': [ '1.1.0' ],
126 silly audit   'undici-types': [ '7.24.6' ],
126 silly audit   'unicorn-magic': [ '0.3.0' ],
126 silly audit   universalify: [ '2.0.1' ],
126 silly audit   unpipe: [ '1.0.0' ],
126 silly audit   'unrs-resolver': [ '1.12.2' ],
126 silly audit   'until-async': [ '3.0.2' ],
126 silly audit   'update-browserslist-db': [ '1.2.3' ],
126 silly audit   'uri-js': [ '4.4.1' ],
126 silly audit   'use-callback-ref': [ '1.3.3' ],
126 silly audit   'use-sidecar': [ '1.1.3' ],
126 silly audit   'use-sync-external-store': [ '1.6.0' ],
126 silly audit   'util-deprecate': [ '1.0.2' ],
126 silly audit   'validate-npm-package-name': [ '7.0.2' ],
126 silly audit   vary: [ '1.1.2' ],
126 silly audit   'web-streams-polyfill': [ '3.3.3' ],
126 silly audit   'which-boxed-primitive': [ '1.1.1' ],
126 silly audit   'which-builtin-type': [ '1.2.1' ],
126 silly audit   'which-collection': [ '1.0.2' ],
126 silly audit   'which-typed-array': [ '1.1.20' ],
126 silly audit   'word-wrap': [ '1.2.5' ],
126 silly audit   'wrap-ansi': [ '7.0.0' ],
126 silly audit   wrappy: [ '1.0.2' ],
126 silly audit   'wsl-utils': [ '0.3.1' ],
126 silly audit   y18n: [ '5.0.8' ],
126 silly audit   yallist: [ '3.1.1' ],
126 silly audit   yargs: [ '17.7.2' ],
126 silly audit   'yargs-parser': [ '21.1.1' ],
126 silly audit   'yocto-queue': [ '0.1.0' ],
126 silly audit   'yocto-spinner': [ '1.2.0' ],
126 silly audit   yoctocolors: [ '2.1.2' ],
126 silly audit   'zod-to-json-schema': [ '3.25.2' ],
126 silly audit   'zod-validation-error': [ '4.0.2' ],
126 silly audit   mongoose: [ '9.7.0' ],
126 silly audit   kareem: [ '3.3.0' ],
126 silly audit   mongodb: [ '7.2.0' ],
126 silly audit   mpath: [ '0.9.0' ],
126 silly audit   mquery: [ '6.0.0' ],
126 silly audit   sift: [ '17.1.3' ],
126 silly audit   '@mongodb-js/saslprep': [ '1.4.11' ],
126 silly audit   bson: [ '7.2.0' ],
126 silly audit   'mongodb-connection-string-url': [ '7.0.1' ],
126 silly audit   'sparse-bitfield': [ '3.0.3' ],
126 silly audit   '@types/whatwg-url': [ '13.0.0' ],
126 silly audit   'whatwg-url': [ '14.2.0' ],
126 silly audit   '@types/webidl-conversions': [ '7.0.3' ],
126 silly audit   'memory-pager': [ '1.5.0' ],
126 silly audit   tr46: [ '5.1.1' ],
126 silly audit   'webidl-conversions': [ '7.0.0' ],
126 silly audit   '@tailwindcss/oxide-wasm32-wasi': [ '4.3.0' ]
126 silly audit }
127 verbose reify failed optional dependency /Users/ayushmantalukdar/Documents/Projects/Rabt/rabt/node_modules/lightningcss-win32-x64-msvc
128 silly reify mark deleted [
128 silly reify   '/Users/ayushmantalukdar/Documents/Projects/Rabt/rabt/node_modules/lightningcss-win32-x64-msvc'
128 silly reify ]
129 verbose reify failed optional dependency /Users/ayushmantalukdar/Documents/Projects/Rabt/rabt/node_modules/lightningcss-win32-arm64-msvc
130 silly reify mark deleted [
130 silly reify   '/Users/ayushmantalukdar/Documents/Projects/Rabt/rabt/node_modules/lightningcss-win32-arm64-msvc'
130 silly reify ]
131 verbose reify failed optional dependency /Users/ayushmantalukdar/Documents/Projects/Rabt/rabt/node_modules/lightningcss-linux-x64-musl
132 silly reify mark deleted [
132 silly reify   '/Users/ayushmantalukdar/Documents/Projects/Rabt/rabt/node_modules/lightningcss-linux-x64-musl'
132 silly reify ]
133 verbose reify failed optional dependency /Users/ayushmantalukdar/Documents/Projects/Rabt/rabt/node_modules/lightningcss-linux-x64-gnu
134 silly reify mark deleted [
134 silly reify   '/Users/ayushmantalukdar/Documents/Projects/Rabt/rabt/node_modules/lightningcss-linux-x64-gnu'
134 silly reify ]
135 verbose reify failed optional dependency /Users/ayushmantalukdar/Documents/Projects/Rabt/rabt/node_modules/lightningcss-linux-arm64-musl
136 silly reify mark deleted [
136 silly reify   '/Users/ayushmantalukdar/Documents/Projects/Rabt/rabt/node_modules/lightningcss-linux-arm64-musl'
136 silly reify ]
137 verbose reify failed optional dependency /Users/ayushmantalukdar/Documents/Projects/Rabt/rabt/node_modules/lightningcss-linux-arm64-gnu
138 silly reify mark deleted [
138 silly reify   '/Users/ayushmantalukdar/Documents/Projects/Rabt/rabt/node_modules/lightningcss-linux-arm64-gnu'
138 silly reify ]
139 verbose reify failed optional dependency /Users/ayushmantalukdar/Documents/Projects/Rabt/rabt/node_modules/lightningcss-linux-arm-gnueabihf
140 silly reify mark deleted [
140 silly reify   '/Users/ayushmantalukdar/Documents/Projects/Rabt/rabt/node_modules/lightningcss-linux-arm-gnueabihf'
140 silly reify ]
141 verbose reify failed optional dependency /Users/ayushmantalukdar/Documents/Projects/Rabt/rabt/node_modules/lightningcss-freebsd-x64
142 silly reify mark deleted [
142 silly reify   '/Users/ayushmantalukdar/Documents/Projects/Rabt/rabt/node_modules/lightningcss-freebsd-x64'
142 silly reify ]
143 verbose reify failed optional dependency /Users/ayushmantalukdar/Documents/Projects/Rabt/rabt/node_modules/lightningcss-darwin-x64
144 silly reify mark deleted [
144 silly reify   '/Users/ayushmantalukdar/Documents/Projects/Rabt/rabt/node_modules/lightningcss-darwin-x64'
144 silly reify ]
145 verbose reify failed optional dependency /Users/ayushmantalukdar/Documents/Projects/Rabt/rabt/node_modules/lightningcss-android-arm64
146 silly reify mark deleted [
146 silly reify   '/Users/ayushmantalukdar/Documents/Projects/Rabt/rabt/node_modules/lightningcss-android-arm64'
146 silly reify ]
147 verbose reify failed optional dependency /Users/ayushmantalukdar/Documents/Projects/Rabt/rabt/node_modules/@unrs/resolver-binding-win32-x64-msvc
148 silly reify mark deleted [
148 silly reify   '/Users/ayushmantalukdar/Documents/Projects/Rabt/rabt/node_modules/@unrs/resolver-binding-win32-x64-msvc'
148 silly reify ]
149 verbose reify failed optional dependency /Users/ayushmantalukdar/Documents/Projects/Rabt/rabt/node_modules/@unrs/resolver-binding-win32-ia32-msvc
150 silly reify mark deleted [
150 silly reify   '/Users/ayushmantalukdar/Documents/Projects/Rabt/rabt/node_modules/@unrs/resolver-binding-win32-ia32-msvc'
150 silly reify ]
151 verbose reify failed optional dependency /Users/ayushmantalukdar/Documents/Projects/Rabt/rabt/node_modules/@unrs/resolver-binding-win32-arm64-msvc
152 silly reify mark deleted [
152 silly reify   '/Users/ayushmantalukdar/Documents/Projects/Rabt/rabt/node_modules/@unrs/resolver-binding-win32-arm64-msvc'
152 silly reify ]
153 verbose reify failed optional dependency /Users/ayushmantalukdar/Documents/Projects/Rabt/rabt/node_modules/@unrs/resolver-binding-wasm32-wasi
154 silly reify mark deleted [
154 silly reify   '/Users/ayushmantalukdar/Documents/Projects/Rabt/rabt/node_modules/@unrs/resolver-binding-wasm32-wasi'
154 silly reify ]
155 verbose reify failed optional dependency /Users/ayushmantalukdar/Documents/Projects/Rabt/rabt/node_modules/@unrs/resolver-binding-openharmony-arm64
156 silly reify mark deleted [
156 silly reify   '/Users/ayushmantalukdar/Documents/Projects/Rabt/rabt/node_modules/@unrs/resolver-binding-openharmony-arm64'
156 silly reify ]
157 verbose reify failed optional dependency /Users/ayushmantalukdar/Documents/Projects/Rabt/rabt/node_modules/@unrs/resolver-binding-linux-x64-musl
158 silly reify mark deleted [
158 silly reify   '/Users/ayushmantalukdar/Documents/Projects/Rabt/rabt/node_modules/@unrs/resolver-binding-linux-x64-musl'
158 silly reify ]
159 verbose reify failed optional dependency /Users/ayushmantalukdar/Documents/Projects/Rabt/rabt/node_modules/@unrs/resolver-binding-linux-x64-gnu
160 silly reify mark deleted [
160 silly reify   '/Users/ayushmantalukdar/Documents/Projects/Rabt/rabt/node_modules/@unrs/resolver-binding-linux-x64-gnu'
160 silly reify ]
161 verbose reify failed optional dependency /Users/ayushmantalukdar/Documents/Projects/Rabt/rabt/node_modules/@unrs/resolver-binding-linux-s390x-gnu
162 silly reify mark deleted [
162 silly reify   '/Users/ayushmantalukdar/Documents/Projects/Rabt/rabt/node_modules/@unrs/resolver-binding-linux-s390x-gnu'
162 silly reify ]
163 verbose reify failed optional dependency /Users/ayushmantalukdar/Documents/Projects/Rabt/rabt/node_modules/@unrs/resolver-binding-linux-riscv64-musl
164 silly reify mark deleted [
164 silly reify   '/Users/ayushmantalukdar/Documents/Projects/Rabt/rabt/node_modules/@unrs/resolver-binding-linux-riscv64-musl'
164 silly reify ]
165 verbose reify failed optional dependency /Users/ayushmantalukdar/Documents/Projects/Rabt/rabt/node_modules/@unrs/resolver-binding-linux-riscv64-gnu
166 silly reify mark deleted [
166 silly reify   '/Users/ayushmantalukdar/Documents/Projects/Rabt/rabt/node_modules/@unrs/resolver-binding-linux-riscv64-gnu'
166 silly reify ]
167 verbose reify failed optional dependency /Users/ayushmantalukdar/Documents/Projects/Rabt/rabt/node_modules/@unrs/resolver-binding-linux-ppc64-gnu
168 silly reify mark deleted [
168 silly reify   '/Users/ayushmantalukdar/Documents/Projects/Rabt/rabt/node_modules/@unrs/resolver-binding-linux-ppc64-gnu'
168 silly reify ]
169 verbose reify failed optional dependency /Users/ayushmantalukdar/Documents/Projects/Rabt/rabt/node_modules/@unrs/resolver-binding-linux-loong64-musl
170 silly reify mark deleted [
170 silly reify   '/Users/ayushmantalukdar/Documents/Projects/Rabt/rabt/node_modules/@unrs/resolver-binding-linux-loong64-musl'
170 silly reify ]
171 verbose reify failed optional dependency /Users/ayushmantalukdar/Documents/Projects/Rabt/rabt/node_modules/@unrs/resolver-binding-linux-loong64-gnu
172 silly reify mark deleted [
172 silly reify   '/Users/ayushmantalukdar/Documents/Projects/Rabt/rabt/node_modules/@unrs/resolver-binding-linux-loong64-gnu'
172 silly reify ]
173 verbose reify failed optional dependency /Users/ayushmantalukdar/Documents/Projects/Rabt/rabt/node_modules/@unrs/resolver-binding-linux-arm64-musl
174 silly reify mark deleted [
174 silly reify   '/Users/ayushmantalukdar/Documents/Projects/Rabt/rabt/node_modules/@unrs/resolver-binding-linux-arm64-musl'
174 silly reify ]
175 verbose reify failed optional dependency /Users/ayushmantalukdar/Documents/Projects/Rabt/rabt/node_modules/@unrs/resolver-binding-linux-arm64-gnu
176 silly reify mark deleted [
176 silly reify   '/Users/ayushmantalukdar/Documents/Projects/Rabt/rabt/node_modules/@unrs/resolver-binding-linux-arm64-gnu'
176 silly reify ]
177 verbose reify failed optional dependency /Users/ayushmantalukdar/Documents/Projects/Rabt/rabt/node_modules/@unrs/resolver-binding-linux-arm-musleabihf
178 silly reify mark deleted [
178 silly reify   '/Users/ayushmantalukdar/Documents/Projects/Rabt/rabt/node_modules/@unrs/resolver-binding-linux-arm-musleabihf'
178 silly reify ]
179 verbose reify failed optional dependency /Users/ayushmantalukdar/Documents/Projects/Rabt/rabt/node_modules/@unrs/resolver-binding-linux-arm-gnueabihf
180 silly reify mark deleted [
180 silly reify   '/Users/ayushmantalukdar/Documents/Projects/Rabt/rabt/node_modules/@unrs/resolver-binding-linux-arm-gnueabihf'
180 silly reify ]
181 verbose reify failed optional dependency /Users/ayushmantalukdar/Documents/Projects/Rabt/rabt/node_modules/@unrs/resolver-binding-freebsd-x64
182 silly reify mark deleted [
182 silly reify   '/Users/ayushmantalukdar/Documents/Projects/Rabt/rabt/node_modules/@unrs/resolver-binding-freebsd-x64'
182 silly reify ]
183 verbose reify failed optional dependency /Users/ayushmantalukdar/Documents/Projects/Rabt/rabt/node_modules/@unrs/resolver-binding-darwin-x64
184 silly reify mark deleted [
184 silly reify   '/Users/ayushmantalukdar/Documents/Projects/Rabt/rabt/node_modules/@unrs/resolver-binding-darwin-x64'
184 silly reify ]
185 verbose reify failed optional dependency /Users/ayushmantalukdar/Documents/Projects/Rabt/rabt/node_modules/@unrs/resolver-binding-android-arm64
186 silly reify mark deleted [
186 silly reify   '/Users/ayushmantalukdar/Documents/Projects/Rabt/rabt/node_modules/@unrs/resolver-binding-android-arm64'
186 silly reify ]
187 verbose reify failed optional dependency /Users/ayushmantalukdar/Documents/Projects/Rabt/rabt/node_modules/@unrs/resolver-binding-android-arm-eabi
188 silly reify mark deleted [
188 silly reify   '/Users/ayushmantalukdar/Documents/Projects/Rabt/rabt/node_modules/@unrs/resolver-binding-android-arm-eabi'
188 silly reify ]
189 verbose reify failed optional dependency /Users/ayushmantalukdar/Documents/Projects/Rabt/rabt/node_modules/@tailwindcss/oxide-win32-x64-msvc
190 silly reify mark deleted [
190 silly reify   '/Users/ayushmantalukdar/Documents/Projects/Rabt/rabt/node_modules/@tailwindcss/oxide-win32-x64-msvc'
190 silly reify ]
191 verbose reify failed optional dependency /Users/ayushmantalukdar/Documents/Projects/Rabt/rabt/node_modules/@tailwindcss/oxide-win32-arm64-msvc
192 silly reify mark deleted [
192 silly reify   '/Users/ayushmantalukdar/Documents/Projects/Rabt/rabt/node_modules/@tailwindcss/oxide-win32-arm64-msvc'
192 silly reify ]
193 verbose reify failed optional dependency /Users/ayushmantalukdar/Documents/Projects/Rabt/rabt/node_modules/@tailwindcss/oxide-linux-x64-musl
194 silly reify mark deleted [
194 silly reify   '/Users/ayushmantalukdar/Documents/Projects/Rabt/rabt/node_modules/@tailwindcss/oxide-linux-x64-musl'
194 silly reify ]
195 verbose reify failed optional dependency /Users/ayushmantalukdar/Documents/Projects/Rabt/rabt/node_modules/@tailwindcss/oxide-linux-x64-gnu
196 silly reify mark deleted [
196 silly reify   '/Users/ayushmantalukdar/Documents/Projects/Rabt/rabt/node_modules/@tailwindcss/oxide-linux-x64-gnu'
196 silly reify ]
197 verbose reify failed optional dependency /Users/ayushmantalukdar/Documents/Projects/Rabt/rabt/node_modules/@tailwindcss/oxide-linux-arm64-musl
198 silly reify mark deleted [
198 silly reify   '/Users/ayushmantalukdar/Documents/Projects/Rabt/rabt/node_modules/@tailwindcss/oxide-linux-arm64-musl'
198 silly reify ]
199 verbose reify failed optional dependency /Users/ayushmantalukdar/Documents/Projects/Rabt/rabt/node_modules/@tailwindcss/oxide-linux-arm64-gnu
200 silly reify mark deleted [
200 silly reify   '/Users/ayushmantalukdar/Documents/Projects/Rabt/rabt/node_modules/@tailwindcss/oxide-linux-arm64-gnu'
200 silly reify ]
201 verbose reify failed optional dependency /Users/ayushmantalukdar/Documents/Projects/Rabt/rabt/node_modules/@tailwindcss/oxide-linux-arm-gnueabihf
202 silly reify mark deleted [
202 silly reify   '/Users/ayushmantalukdar/Documents/Projects/Rabt/rabt/node_modules/@tailwindcss/oxide-linux-arm-gnueabihf'
202 silly reify ]
203 verbose reify failed optional dependency /Users/ayushmantalukdar/Documents/Projects/Rabt/rabt/node_modules/@tailwindcss/oxide-freebsd-x64
204 silly reify mark deleted [
204 silly reify   '/Users/ayushmantalukdar/Documents/Projects/Rabt/rabt/node_modules/@tailwindcss/oxide-freebsd-x64'
204 silly reify ]
205 verbose reify failed optional dependency /Users/ayushmantalukdar/Documents/Projects/Rabt/rabt/node_modules/@tailwindcss/oxide-darwin-x64
206 silly reify mark deleted [
206 silly reify   '/Users/ayushmantalukdar/Documents/Projects/Rabt/rabt/node_modules/@tailwindcss/oxide-darwin-x64'
206 silly reify ]
207 verbose reify failed optional dependency /Users/ayushmantalukdar/Documents/Projects/Rabt/rabt/node_modules/@tailwindcss/oxide-android-arm64
208 silly reify mark deleted [
208 silly reify   '/Users/ayushmantalukdar/Documents/Projects/Rabt/rabt/node_modules/@tailwindcss/oxide-android-arm64'
208 silly reify ]
209 verbose reify failed optional dependency /Users/ayushmantalukdar/Documents/Projects/Rabt/rabt/node_modules/@next/swc-win32-x64-msvc
210 silly reify mark deleted [
210 silly reify   '/Users/ayushmantalukdar/Documents/Projects/Rabt/rabt/node_modules/@next/swc-win32-x64-msvc'
210 silly reify ]
211 verbose reify failed optional dependency /Users/ayushmantalukdar/Documents/Projects/Rabt/rabt/node_modules/@next/swc-win32-arm64-msvc
212 silly reify mark deleted [
212 silly reify   '/Users/ayushmantalukdar/Documents/Projects/Rabt/rabt/node_modules/@next/swc-win32-arm64-msvc'
212 silly reify ]
213 verbose reify failed optional dependency /Users/ayushmantalukdar/Documents/Projects/Rabt/rabt/node_modules/@next/swc-linux-x64-musl
214 silly reify mark deleted [
214 silly reify   '/Users/ayushmantalukdar/Documents/Projects/Rabt/rabt/node_modules/@next/swc-linux-x64-musl'
214 silly reify ]
215 verbose reify failed optional dependency /Users/ayushmantalukdar/Documents/Projects/Rabt/rabt/node_modules/@next/swc-linux-x64-gnu
216 silly reify mark deleted [
216 silly reify   '/Users/ayushmantalukdar/Documents/Projects/Rabt/rabt/node_modules/@next/swc-linux-x64-gnu'
216 silly reify ]
217 verbose reify failed optional dependency /Users/ayushmantalukdar/Documents/Projects/Rabt/rabt/node_modules/@next/swc-linux-arm64-musl
218 silly reify mark deleted [
218 silly reify   '/Users/ayushmantalukdar/Documents/Projects/Rabt/rabt/node_modules/@next/swc-linux-arm64-musl'
218 silly reify ]
219 verbose reify failed optional dependency /Users/ayushmantalukdar/Documents/Projects/Rabt/rabt/node_modules/@next/swc-linux-arm64-gnu
220 silly reify mark deleted [
220 silly reify   '/Users/ayushmantalukdar/Documents/Projects/Rabt/rabt/node_modules/@next/swc-linux-arm64-gnu'
220 silly reify ]
221 verbose reify failed optional dependency /Users/ayushmantalukdar/Documents/Projects/Rabt/rabt/node_modules/@next/swc-darwin-x64
222 silly reify mark deleted [
222 silly reify   '/Users/ayushmantalukdar/Documents/Projects/Rabt/rabt/node_modules/@next/swc-darwin-x64'
222 silly reify ]
223 verbose reify failed optional dependency /Users/ayushmantalukdar/Documents/Projects/Rabt/rabt/node_modules/@img/sharp-win32-x64
224 silly reify mark deleted [
224 silly reify   '/Users/ayushmantalukdar/Documents/Projects/Rabt/rabt/node_modules/@img/sharp-win32-x64'
224 silly reify ]
225 verbose reify failed optional dependency /Users/ayushmantalukdar/Documents/Projects/Rabt/rabt/node_modules/@img/sharp-win32-ia32
226 silly reify mark deleted [
226 silly reify   '/Users/ayushmantalukdar/Documents/Projects/Rabt/rabt/node_modules/@img/sharp-win32-ia32'
226 silly reify ]
227 verbose reify failed optional dependency /Users/ayushmantalukdar/Documents/Projects/Rabt/rabt/node_modules/@img/sharp-win32-arm64
228 silly reify mark deleted [
228 silly reify   '/Users/ayushmantalukdar/Documents/Projects/Rabt/rabt/node_modules/@img/sharp-win32-arm64'
228 silly reify ]
229 verbose reify failed optional dependency /Users/ayushmantalukdar/Documents/Projects/Rabt/rabt/node_modules/@img/sharp-wasm32
230 silly reify mark deleted [
230 silly reify   '/Users/ayushmantalukdar/Documents/Projects/Rabt/rabt/node_modules/@img/sharp-wasm32'
230 silly reify ]
231 verbose reify failed optional dependency /Users/ayushmantalukdar/Documents/Projects/Rabt/rabt/node_modules/@img/sharp-linuxmusl-x64
232 silly reify mark deleted [
232 silly reify   '/Users/ayushmantalukdar/Documents/Projects/Rabt/rabt/node_modules/@img/sharp-linuxmusl-x64'
232 silly reify ]
233 verbose reify failed optional dependency /Users/ayushmantalukdar/Documents/Projects/Rabt/rabt/node_modules/@img/sharp-linuxmusl-arm64
234 silly reify mark deleted [
234 silly reify   '/Users/ayushmantalukdar/Documents/Projects/Rabt/rabt/node_modules/@img/sharp-linuxmusl-arm64'
234 silly reify ]
235 verbose reify failed optional dependency /Users/ayushmantalukdar/Documents/Projects/Rabt/rabt/node_modules/@img/sharp-linux-x64
236 silly reify mark deleted [
236 silly reify   '/Users/ayushmantalukdar/Documents/Projects/Rabt/rabt/node_modules/@img/sharp-linux-x64'
236 silly reify ]
237 verbose reify failed optional dependency /Users/ayushmantalukdar/Documents/Projects/Rabt/rabt/node_modules/@img/sharp-linux-s390x
238 silly reify mark deleted [
238 silly reify   '/Users/ayushmantalukdar/Documents/Projects/Rabt/rabt/node_modules/@img/sharp-linux-s390x'
238 silly reify ]
239 verbose reify failed optional dependency /Users/ayushmantalukdar/Documents/Projects/Rabt/rabt/node_modules/@img/sharp-linux-riscv64
240 silly reify mark deleted [
240 silly reify   '/Users/ayushmantalukdar/Documents/Projects/Rabt/rabt/node_modules/@img/sharp-linux-riscv64'
240 silly reify ]
241 verbose reify failed optional dependency /Users/ayushmantalukdar/Documents/Projects/Rabt/rabt/node_modules/@img/sharp-linux-ppc64
242 silly reify mark deleted [
242 silly reify   '/Users/ayushmantalukdar/Documents/Projects/Rabt/rabt/node_modules/@img/sharp-linux-ppc64'
242 silly reify ]
243 verbose reify failed optional dependency /Users/ayushmantalukdar/Documents/Projects/Rabt/rabt/node_modules/@img/sharp-linux-arm64
244 silly reify mark deleted [
244 silly reify   '/Users/ayushmantalukdar/Documents/Projects/Rabt/rabt/node_modules/@img/sharp-linux-arm64'
244 silly reify ]
245 verbose reify failed optional dependency /Users/ayushmantalukdar/Documents/Projects/Rabt/rabt/node_modules/@img/sharp-linux-arm
246 silly reify mark deleted [
246 silly reify   '/Users/ayushmantalukdar/Documents/Projects/Rabt/rabt/node_modules/@img/sharp-linux-arm'
246 silly reify ]
247 verbose reify failed optional dependency /Users/ayushmantalukdar/Documents/Projects/Rabt/rabt/node_modules/@img/sharp-libvips-linuxmusl-x64
248 silly reify mark deleted [
248 silly reify   '/Users/ayushmantalukdar/Documents/Projects/Rabt/rabt/node_modules/@img/sharp-libvips-linuxmusl-x64'
248 silly reify ]
249 verbose reify failed optional dependency /Users/ayushmantalukdar/Documents/Projects/Rabt/rabt/node_modules/@img/sharp-libvips-linuxmusl-arm64
250 silly reify mark deleted [
250 silly reify   '/Users/ayushmantalukdar/Documents/Projects/Rabt/rabt/node_modules/@img/sharp-libvips-linuxmusl-arm64'
250 silly reify ]
251 verbose reify failed optional dependency /Users/ayushmantalukdar/Documents/Projects/Rabt/rabt/node_modules/@img/sharp-libvips-linux-x64
252 silly reify mark deleted [
252 silly reify   '/Users/ayushmantalukdar/Documents/Projects/Rabt/rabt/node_modules/@img/sharp-libvips-linux-x64'
252 silly reify ]
253 verbose reify failed optional dependency /Users/ayushmantalukdar/Documents/Projects/Rabt/rabt/node_modules/@img/sharp-libvips-linux-s390x
254 silly reify mark deleted [
254 silly reify   '/Users/ayushmantalukdar/Documents/Projects/Rabt/rabt/node_modules/@img/sharp-libvips-linux-s390x'
254 silly reify ]
255 verbose reify failed optional dependency /Users/ayushmantalukdar/Documents/Projects/Rabt/rabt/node_modules/@img/sharp-libvips-linux-riscv64
256 silly reify mark deleted [
256 silly reify   '/Users/ayushmantalukdar/Documents/Projects/Rabt/rabt/node_modules/@img/sharp-libvips-linux-riscv64'
256 silly reify ]
257 verbose reify failed optional dependency /Users/ayushmantalukdar/Documents/Projects/Rabt/rabt/node_modules/@img/sharp-libvips-linux-ppc64
258 silly reify mark deleted [
258 silly reify   '/Users/ayushmantalukdar/Documents/Projects/Rabt/rabt/node_modules/@img/sharp-libvips-linux-ppc64'
258 silly reify ]
259 verbose reify failed optional dependency /Users/ayushmantalukdar/Documents/Projects/Rabt/rabt/node_modules/@img/sharp-libvips-linux-arm64
260 silly reify mark deleted [
260 silly reify   '/Users/ayushmantalukdar/Documents/Projects/Rabt/rabt/node_modules/@img/sharp-libvips-linux-arm64'
260 silly reify ]
261 verbose reify failed optional dependency /Users/ayushmantalukdar/Documents/Projects/Rabt/rabt/node_modules/@img/sharp-libvips-linux-arm
262 silly reify mark deleted [
262 silly reify   '/Users/ayushmantalukdar/Documents/Projects/Rabt/rabt/node_modules/@img/sharp-libvips-linux-arm'
262 silly reify ]
263 verbose reify failed optional dependency /Users/ayushmantalukdar/Documents/Projects/Rabt/rabt/node_modules/@img/sharp-libvips-darwin-x64
264 silly reify mark deleted [
264 silly reify   '/Users/ayushmantalukdar/Documents/Projects/Rabt/rabt/node_modules/@img/sharp-libvips-darwin-x64'
264 silly reify ]
265 verbose reify failed optional dependency /Users/ayushmantalukdar/Documents/Projects/Rabt/rabt/node_modules/@img/sharp-darwin-x64
266 silly reify mark deleted [
266 silly reify   '/Users/ayushmantalukdar/Documents/Projects/Rabt/rabt/node_modules/@img/sharp-darwin-x64'
266 silly reify ]
267 silly tarball no local data for webidl-conversions@https://registry.npmjs.org/webidl-conversions/-/webidl-conversions-7.0.0.tgz. Extracting by manifest.
268 silly tarball no local data for memory-pager@https://registry.npmjs.org/memory-pager/-/memory-pager-1.5.0.tgz. Extracting by manifest.
269 silly tarball no local data for tr46@https://registry.npmjs.org/tr46/-/tr46-5.1.1.tgz. Extracting by manifest.
270 silly tarball no local data for @types/webidl-conversions@https://registry.npmjs.org/@types/webidl-conversions/-/webidl-conversions-7.0.3.tgz. Extracting by manifest.
271 silly tarball no local data for whatwg-url@https://registry.npmjs.org/whatwg-url/-/whatwg-url-14.2.0.tgz. Extracting by manifest.
272 silly tarball no local data for @types/whatwg-url@https://registry.npmjs.org/@types/whatwg-url/-/whatwg-url-13.0.0.tgz. Extracting by manifest.
273 silly tarball no local data for sparse-bitfield@https://registry.npmjs.org/sparse-bitfield/-/sparse-bitfield-3.0.3.tgz. Extracting by manifest.
274 silly tarball no local data for mongodb-connection-string-url@https://registry.npmjs.org/mongodb-connection-string-url/-/mongodb-connection-string-url-7.0.1.tgz. Extracting by manifest.
275 silly tarball no local data for bson@https://registry.npmjs.org/bson/-/bson-7.2.0.tgz. Extracting by manifest.
276 silly tarball no local data for @mongodb-js/saslprep@https://registry.npmjs.org/@mongodb-js/saslprep/-/saslprep-1.4.11.tgz. Extracting by manifest.
277 silly tarball no local data for sift@https://registry.npmjs.org/sift/-/sift-17.1.3.tgz. Extracting by manifest.
278 silly tarball no local data for mquery@https://registry.npmjs.org/mquery/-/mquery-6.0.0.tgz. Extracting by manifest.
279 silly tarball no local data for mpath@https://registry.npmjs.org/mpath/-/mpath-0.9.0.tgz. Extracting by manifest.
280 silly tarball no local data for kareem@https://registry.npmjs.org/kareem/-/kareem-3.3.0.tgz. Extracting by manifest.
281 silly tarball no local data for mongodb@https://registry.npmjs.org/mongodb/-/mongodb-7.2.0.tgz. Extracting by manifest.
282 silly tarball no local data for mongoose@https://registry.npmjs.org/mongoose/-/mongoose-9.7.0.tgz. Extracting by manifest.
283 http fetch GET 200 https://registry.npmjs.org/memory-pager/-/memory-pager-1.5.0.tgz 195ms (cache miss)
284 http fetch GET 200 https://registry.npmjs.org/webidl-conversions/-/webidl-conversions-7.0.0.tgz 195ms (cache miss)
285 http fetch GET 200 https://registry.npmjs.org/@types/webidl-conversions/-/webidl-conversions-7.0.3.tgz 201ms (cache miss)
286 http fetch GET 200 https://registry.npmjs.org/tr46/-/tr46-5.1.1.tgz 201ms (cache miss)
287 http fetch POST 200 https://registry.npmjs.org/-/npm/v1/security/advisories/bulk 550ms
288 silly audit report {
288 silly audit report   '@babel/core': [
288 silly audit report     {
288 silly audit report       id: 1120793,
288 silly audit report       url: 'https://github.com/advisories/GHSA-4x5r-pxfx-6jf8',
288 silly audit report       title: '@babel/core: Arbitrary File Read via sourceMappingURL Comment',
288 silly audit report       severity: 'low',
288 silly audit report       vulnerable_versions: '<=7.29.0',
288 silly audit report       cwe: [Array],
288 silly audit report       cvss: [Object]
288 silly audit report     }
288 silly audit report   ],
288 silly audit report   hono: [
288 silly audit report     {
288 silly audit report       id: 1120910,
288 silly audit report       url: 'https://github.com/advisories/GHSA-wwfh-h76j-fc44',
288 silly audit report       title: 'hono: Path traversal in `serve-static` on Windows via encoded backslash (`%5C`)',
288 silly audit report       severity: 'moderate',
288 silly audit report       vulnerable_versions: '<4.12.25',
288 silly audit report       cwe: [Array],
288 silly audit report       cvss: [Object]
288 silly audit report     },
288 silly audit report     {
288 silly audit report       id: 1120911,
288 silly audit report       url: 'https://github.com/advisories/GHSA-j6c9-x7qj-28xf',
288 silly audit report       title: 'hono: AWS Lambda adapter merges multiple `Set-Cookie` headers into one value, dropping cookies on ALB single-header and Lattice',
288 silly audit report       severity: 'moderate',
288 silly audit report       vulnerable_versions: '<4.12.25',
288 silly audit report       cwe: [Array],
288 silly audit report       cvss: [Object]
288 silly audit report     },
288 silly audit report     {
288 silly audit report       id: 1120913,
288 silly audit report       url: 'https://github.com/advisories/GHSA-88fw-hqm2-52qc',
288 silly audit report       title: 'hono: CORS Middleware reflects any Origin with credentials when `origin` defaults to the wildcard',
288 silly audit report       severity: 'high',
288 silly audit report       vulnerable_versions: '<4.12.25',
288 silly audit report       cwe: [Array],
288 silly audit report       cvss: [Object]
288 silly audit report     },
288 silly audit report     {
288 silly audit report       id: 1120921,
288 silly audit report       url: 'https://github.com/advisories/GHSA-rv63-4mwf-qqc2',
288 silly audit report       title: 'hono: Body Limit Middleware can be bypassed on AWS Lambda by understating `Content-Length`',
288 silly audit report       severity: 'moderate',
288 silly audit report       vulnerable_versions: '<4.12.25',
288 silly audit report       cwe: [Array],
288 silly audit report       cvss: [Object]
288 silly audit report     },
288 silly audit report     {
288 silly audit report       id: 1120922,
288 silly audit report       url: 'https://github.com/advisories/GHSA-wgpf-jwqj-8h8p',
288 silly audit report       title: 'hono: Lambda@Edge adapter keeps only the last value of a repeated request header, dropping the rest',
288 silly audit report       severity: 'moderate',
288 silly audit report       vulnerable_versions: '<4.12.25',
288 silly audit report       cwe: [Array],
288 silly audit report       cvss: [Object]
288 silly audit report     }
288 silly audit report   ],
288 silly audit report   'js-yaml': [
288 silly audit report     {
288 silly audit report       id: 1120792,
288 silly audit report       url: 'https://github.com/advisories/GHSA-h67p-54hq-rp68',
288 silly audit report       title: 'JS-YAML: Quadratic-complexity DoS in merge key handling via repeated aliases',
288 silly audit report       severity: 'moderate',
288 silly audit report       vulnerable_versions: '<=4.1.1',
288 silly audit report       cwe: [Array],
288 silly audit report       cvss: [Object]
288 silly audit report     }
288 silly audit report   ],
288 silly audit report   postcss: [
288 silly audit report     {
288 silly audit report       id: 1117015,
288 silly audit report       url: 'https://github.com/advisories/GHSA-qx2v-qp2m-jg93',
288 silly audit report       title: 'PostCSS has XSS via Unescaped </style> in its CSS Stringify Output',
288 silly audit report       severity: 'moderate',
288 silly audit report       vulnerable_versions: '<8.5.10',
288 silly audit report       cwe: [Array],
288 silly audit report       cvss: [Object]
288 silly audit report     }
288 silly audit report   ]
288 silly audit report }
289 silly packumentCache corgi:https://registry.npmjs.org/@babel%2fcore cache-miss
290 silly packumentCache corgi:https://registry.npmjs.org/hono cache-miss
291 silly packumentCache corgi:https://registry.npmjs.org/js-yaml cache-miss
292 silly packumentCache corgi:https://registry.npmjs.org/postcss cache-miss
293 http fetch GET 200 https://registry.npmjs.org/mongodb/-/mongodb-7.2.0.tgz 546ms (cache miss)
294 http fetch GET 200 https://registry.npmjs.org/kareem/-/kareem-3.3.0.tgz 634ms (cache miss)
295 http fetch GET 200 https://registry.npmjs.org/sparse-bitfield/-/sparse-bitfield-3.0.3.tgz 636ms (cache miss)
296 http fetch GET 200 https://registry.npmjs.org/mpath/-/mpath-0.9.0.tgz 636ms (cache miss)
297 http fetch GET 200 https://registry.npmjs.org/mongodb-connection-string-url/-/mongodb-connection-string-url-7.0.1.tgz 680ms (cache miss)
298 http fetch GET 200 https://registry.npmjs.org/whatwg-url/-/whatwg-url-14.2.0.tgz 682ms (cache miss)
299 http fetch GET 200 https://registry.npmjs.org/@mongodb-js/saslprep/-/saslprep-1.4.11.tgz 685ms (cache miss)
300 http fetch GET 200 https://registry.npmjs.org/mquery/-/mquery-6.0.0.tgz 699ms (cache miss)
301 http fetch GET 200 https://registry.npmjs.org/js-yaml 184ms (cache miss)
302 silly packumentCache corgi:https://registry.npmjs.org/js-yaml set size:undefined disposed:false
303 http fetch GET 200 https://registry.npmjs.org/postcss 244ms (cache miss)
304 silly packumentCache corgi:https://registry.npmjs.org/postcss set size:undefined disposed:false
305 http fetch GET 200 https://registry.npmjs.org/sift/-/sift-17.1.3.tgz 809ms (cache miss)
306 http fetch GET 200 https://registry.npmjs.org/@types/whatwg-url/-/whatwg-url-13.0.0.tgz 872ms (cache miss)
307 http fetch GET 200 https://registry.npmjs.org/mongoose/-/mongoose-9.7.0.tgz 915ms (cache miss)
308 http fetch GET 200 https://registry.npmjs.org/hono 559ms (cache miss)
309 silly packumentCache corgi:https://registry.npmjs.org/hono set size:undefined disposed:false
310 http fetch GET 200 https://registry.npmjs.org/bson/-/bson-7.2.0.tgz 1185ms (cache miss)
311 http fetch GET 200 https://registry.npmjs.org/@babel%2fcore 976ms (cache miss)
312 silly packumentCache corgi:https://registry.npmjs.org/@babel%2fcore set size:undefined disposed:false
313 silly packumentCache corgi:https://registry.npmjs.org/@babel%2fhelper-create-class-features-plugin cache-miss
314 silly packumentCache corgi:https://registry.npmjs.org/@babel%2fhelper-module-transforms cache-miss
315 silly packumentCache corgi:https://registry.npmjs.org/@babel%2fhelper-replace-supers cache-miss
316 silly packumentCache corgi:https://registry.npmjs.org/@babel%2fplugin-syntax-jsx cache-miss
317 silly packumentCache corgi:https://registry.npmjs.org/@babel%2fplugin-syntax-typescript cache-miss
318 silly packumentCache corgi:https://registry.npmjs.org/@babel%2fplugin-transform-modules-commonjs cache-miss
319 silly packumentCache corgi:https://registry.npmjs.org/@babel%2fplugin-transform-typescript cache-miss
320 silly packumentCache corgi:https://registry.npmjs.org/@babel%2fpreset-typescript cache-miss
321 silly packumentCache corgi:https://registry.npmjs.org/eslint-plugin-react-hooks cache-miss
322 silly packumentCache corgi:https://registry.npmjs.org/shadcn cache-miss
323 http fetch GET 200 https://registry.npmjs.org/@babel%2fplugin-syntax-jsx 460ms (cache miss)
324 silly packumentCache corgi:https://registry.npmjs.org/@babel%2fplugin-syntax-jsx set size:undefined disposed:false
325 http fetch GET 200 https://registry.npmjs.org/shadcn 466ms (cache miss)
326 silly packumentCache corgi:https://registry.npmjs.org/shadcn set size:undefined disposed:false
327 http fetch GET 200 https://registry.npmjs.org/@babel%2fhelper-module-transforms 478ms (cache miss)
328 silly packumentCache corgi:https://registry.npmjs.org/@babel%2fhelper-module-transforms set size:undefined disposed:false
329 http fetch GET 200 https://registry.npmjs.org/@babel%2fhelper-replace-supers 480ms (cache miss)
330 silly packumentCache corgi:https://registry.npmjs.org/@babel%2fhelper-replace-supers set size:undefined disposed:false
331 http fetch GET 200 https://registry.npmjs.org/@babel%2fplugin-transform-modules-commonjs 663ms (cache miss)
332 silly packumentCache corgi:https://registry.npmjs.org/@babel%2fplugin-transform-modules-commonjs set size:undefined disposed:false
333 http fetch GET 200 https://registry.npmjs.org/@babel%2fpreset-typescript 853ms (cache miss)
334 silly packumentCache corgi:https://registry.npmjs.org/@babel%2fpreset-typescript set size:undefined disposed:false
335 http fetch GET 200 https://registry.npmjs.org/@babel%2fplugin-syntax-typescript 936ms (cache miss)
336 silly packumentCache corgi:https://registry.npmjs.org/@babel%2fplugin-syntax-typescript set size:undefined disposed:false
337 http fetch GET 200 https://registry.npmjs.org/@babel%2fhelper-create-class-features-plugin 993ms (cache miss)
338 silly packumentCache corgi:https://registry.npmjs.org/@babel%2fhelper-create-class-features-plugin set size:undefined disposed:false
339 http fetch GET 200 https://registry.npmjs.org/@babel%2fplugin-transform-typescript 1225ms (cache miss)
340 silly packumentCache corgi:https://registry.npmjs.org/@babel%2fplugin-transform-typescript set size:undefined disposed:false
341 http fetch GET 200 https://registry.npmjs.org/eslint-plugin-react-hooks 2632ms (cache miss)
342 silly packumentCache corgi:https://registry.npmjs.org/eslint-plugin-react-hooks set size:undefined disposed:false
343 silly packumentCache corgi:https://registry.npmjs.org/@hono%2fnode-server cache-miss
344 silly packumentCache corgi:https://registry.npmjs.org/@modelcontextprotocol%2fsdk cache-miss
345 http fetch GET 200 https://registry.npmjs.org/@hono%2fnode-server 1214ms (cache miss)
346 silly packumentCache corgi:https://registry.npmjs.org/@hono%2fnode-server set size:undefined disposed:false
347 http fetch GET 200 https://registry.npmjs.org/@modelcontextprotocol%2fsdk 1289ms (cache miss)
348 silly packumentCache corgi:https://registry.npmjs.org/@modelcontextprotocol%2fsdk set size:undefined disposed:false
349 silly packumentCache corgi:https://registry.npmjs.org/@eslint%2feslintrc cache-miss
350 silly packumentCache corgi:https://registry.npmjs.org/cosmiconfig cache-miss
351 http fetch GET 200 https://registry.npmjs.org/cosmiconfig 541ms (cache miss)
352 silly packumentCache corgi:https://registry.npmjs.org/cosmiconfig set size:undefined disposed:false
353 http fetch GET 200 https://registry.npmjs.org/@eslint%2feslintrc 888ms (cache miss)
354 silly packumentCache corgi:https://registry.npmjs.org/@eslint%2feslintrc set size:undefined disposed:false
355 silly packumentCache corgi:https://registry.npmjs.org/next cache-miss
356 http fetch GET 200 https://registry.npmjs.org/next 1073ms (cache miss)
357 silly packumentCache corgi:https://registry.npmjs.org/next set size:undefined disposed:false
358 silly ADD node_modules/webidl-conversions
359 silly ADD node_modules/tr46
360 silly ADD node_modules/memory-pager
361 silly ADD node_modules/@types/webidl-conversions
362 silly ADD node_modules/whatwg-url
363 silly ADD node_modules/@types/whatwg-url
364 silly ADD node_modules/sparse-bitfield
365 silly ADD node_modules/mongodb-connection-string-url
366 silly ADD node_modules/bson
367 silly ADD node_modules/@mongodb-js/saslprep
368 silly ADD node_modules/sift
369 silly ADD node_modules/mquery
370 silly ADD node_modules/mpath
371 silly ADD node_modules/mongodb
372 silly ADD node_modules/kareem
373 silly ADD node_modules/mongoose
374 silly ADD
375 silly ADD
376 silly ADD
377 silly ADD
378 silly ADD
379 silly ADD
380 silly ADD
381 silly ADD
382 silly ADD
383 silly ADD
384 silly ADD
385 silly ADD
386 silly ADD
387 silly ADD
388 silly ADD
389 silly ADD
390 silly ADD
391 silly ADD
392 silly ADD
393 silly ADD
394 silly ADD
395 silly ADD
396 silly ADD
397 silly ADD
398 silly ADD
399 silly ADD
400 silly ADD
401 silly ADD
402 silly ADD
403 silly ADD
404 silly ADD
405 silly ADD
406 silly ADD
407 silly ADD
408 silly ADD
409 silly ADD
410 silly ADD
411 silly ADD
412 silly ADD
413 silly ADD
414 silly ADD
415 silly ADD
416 silly ADD
417 silly ADD
418 silly ADD
419 silly ADD
420 silly ADD
421 silly ADD
422 silly ADD
423 silly ADD
424 silly ADD
425 silly ADD
426 silly ADD
427 silly ADD
428 silly ADD
429 silly ADD
430 silly ADD
431 silly ADD
432 silly ADD
433 silly ADD
434 silly ADD
435 silly ADD
436 silly ADD
437 silly ADD
438 silly ADD
439 silly ADD
440 silly ADD
441 silly ADD
442 silly ADD
443 silly ADD
444 silly ADD
445 verbose cwd /Users/ayushmantalukdar/Documents/Projects/Rabt/rabt
446 verbose os Darwin 23.6.0
447 verbose node v20.20.2
448 verbose npm  v10.8.2
449 notice
449 notice New major version of npm available! 10.8.2 -> 11.17.0
449 notice Changelog: https://github.com/npm/cli/releases/tag/v11.17.0
449 notice To update run: npm install -g npm@11.17.0
449 notice  { force: true, [Symbol(proc-log.meta)]: true }
450 verbose exit 0
451 info ok
