0 verbose cli /opt/homebrew/Cellar/node@20/20.20.2/bin/node /opt/homebrew/bin/npm
1 info using npm@10.8.2
2 info using node@v20.20.2
3 silly config load:file:/opt/homebrew/Cellar/node@20/20.20.2/lib/node_modules/npm/npmrc
4 silly config load:file:/Users/ayushmantalukdar/Documents/Projects/Rabt/rabt/.npmrc
5 silly config load:file:/Users/ayushmantalukdar/.npmrc
6 silly config load:file:/opt/homebrew/etc/npmrc
7 verbose title npm i @sanity/client @sanity/image-url
8 verbose argv "i" "--cache" ".npm-cache" "@sanity/client" "@sanity/image-url"
9 verbose logfile logs-max:10 dir:/Users/ayushmantalukdar/Documents/Projects/Rabt/rabt/.npm-cache/_logs/2026-06-19T08_49_42_611Z-
10 verbose logfile /Users/ayushmantalukdar/Documents/Projects/Rabt/rabt/.npm-cache/_logs/2026-06-19T08_49_42_611Z-debug-0.log
11 silly packumentCache heap:2197815296 maxSize:549453824 maxEntrySize:274726912
12 silly logfile done cleaning log files
13 silly idealTree buildDeps
14 silly fetch manifest @sanity/client@*
15 silly packumentCache full:https://registry.npmjs.org/@sanity%2fclient cache-miss
16 http fetch GET 200 https://registry.npmjs.org/@sanity%2fclient 3258ms (cache miss)
17 silly packumentCache full:https://registry.npmjs.org/@sanity%2fclient set size:undefined disposed:false
18 silly fetch manifest @sanity/image-url@*
19 silly packumentCache full:https://registry.npmjs.org/@sanity%2fimage-url cache-miss
20 http fetch GET 200 https://registry.npmjs.org/@sanity%2fimage-url 1064ms (cache miss)
21 silly packumentCache full:https://registry.npmjs.org/@sanity%2fimage-url set size:undefined disposed:false
22 silly placeDep ROOT @sanity/client@7.23.0 OK for: rabt@0.1.0 want: *
23 silly placeDep ROOT @sanity/image-url@2.1.1 OK for: rabt@0.1.0 want: *
24 silly fetch manifest @sanity/eventsource@^5.0.2
25 silly packumentCache full:https://registry.npmjs.org/@sanity%2feventsource cache-miss
26 silly fetch manifest get-it@^8.8.0
27 silly packumentCache full:https://registry.npmjs.org/get-it cache-miss
28 silly fetch manifest rxjs@^7.0.0
29 silly packumentCache full:https://registry.npmjs.org/rxjs cache-miss
30 silly fetch manifest @sanity/signed-urls@^2.0.2
31 silly packumentCache full:https://registry.npmjs.org/@sanity%2fsigned-urls cache-miss
32 http fetch GET 200 https://registry.npmjs.org/@sanity%2feventsource 1262ms (cache miss)
33 silly packumentCache full:https://registry.npmjs.org/@sanity%2feventsource set size:undefined disposed:false
34 http fetch GET 200 https://registry.npmjs.org/rxjs 1349ms (cache miss)
35 silly packumentCache full:https://registry.npmjs.org/rxjs set size:undefined disposed:false
36 http fetch GET 200 https://registry.npmjs.org/@sanity%2fsigned-urls 1671ms (cache miss)
37 silly packumentCache full:https://registry.npmjs.org/@sanity%2fsigned-urls set size:undefined disposed:false
38 http fetch GET 200 https://registry.npmjs.org/get-it 2238ms (cache miss)
39 silly packumentCache full:https://registry.npmjs.org/get-it set size:undefined disposed:false
40 silly placeDep ROOT @sanity/eventsource@5.0.2 OK for: @sanity/client@7.23.0 want: ^5.0.2
41 silly placeDep ROOT get-it@8.8.0 OK for: @sanity/client@7.23.0 want: ^8.8.0
42 silly placeDep ROOT rxjs@7.8.2 OK for: @sanity/client@7.23.0 want: ^7.0.0
43 silly fetch manifest eventsource@2.0.2
44 silly packumentCache full:https://registry.npmjs.org/eventsource cache-miss
45 silly fetch manifest @types/eventsource@1.1.15
46 silly packumentCache full:https://registry.npmjs.org/@types%2feventsource cache-miss
47 silly fetch manifest event-source-polyfill@1.0.31
48 silly packumentCache full:https://registry.npmjs.org/event-source-polyfill cache-miss
49 silly fetch manifest @types/event-source-polyfill@1.0.5
50 silly packumentCache full:https://registry.npmjs.org/@types%2fevent-source-polyfill cache-miss
51 silly fetch manifest through2@^4.0.2
52 silly packumentCache full:https://registry.npmjs.org/through2 cache-miss
53 silly fetch manifest tunnel-agent@^0.6.0
54 silly packumentCache full:https://registry.npmjs.org/tunnel-agent cache-miss
55 silly fetch manifest is-retry-allowed@^2.2.0
56 silly packumentCache full:https://registry.npmjs.org/is-retry-allowed cache-miss
57 http fetch GET 200 https://registry.npmjs.org/tunnel-agent 513ms (cache miss)
58 silly packumentCache full:https://registry.npmjs.org/tunnel-agent set size:undefined disposed:false
59 silly fetch manifest decompress-response@^7.0.0
60 silly packumentCache full:https://registry.npmjs.org/decompress-response cache-miss
61 http fetch GET 200 https://registry.npmjs.org/is-retry-allowed 1252ms (cache miss)
62 silly packumentCache full:https://registry.npmjs.org/is-retry-allowed set size:undefined disposed:false
63 http fetch GET 200 https://registry.npmjs.org/eventsource 1279ms (cache miss)
64 silly packumentCache full:https://registry.npmjs.org/eventsource set size:undefined disposed:false
65 http fetch GET 200 https://registry.npmjs.org/through2 1307ms (cache miss)
66 silly packumentCache full:https://registry.npmjs.org/through2 set size:undefined disposed:false
67 http fetch GET 200 https://registry.npmjs.org/decompress-response 826ms (cache miss)
68 silly packumentCache full:https://registry.npmjs.org/decompress-response set size:undefined disposed:false
69 http fetch GET 200 https://registry.npmjs.org/@types%2feventsource 2061ms (cache miss)
70 silly packumentCache full:https://registry.npmjs.org/@types%2feventsource set size:undefined disposed:false
71 http fetch GET 200 https://registry.npmjs.org/@types%2fevent-source-polyfill 2061ms (cache miss)
72 silly packumentCache full:https://registry.npmjs.org/@types%2fevent-source-polyfill set size:undefined disposed:false
73 http fetch GET 200 https://registry.npmjs.org/event-source-polyfill 3148ms (cache miss)
74 silly packumentCache full:https://registry.npmjs.org/event-source-polyfill set size:undefined disposed:false
75 silly placeDep ROOT @types/event-source-polyfill@1.0.5 OK for: @sanity/eventsource@5.0.2 want: 1.0.5
76 silly placeDep ROOT @types/eventsource@1.1.15 OK for: @sanity/eventsource@5.0.2 want: 1.1.15
77 silly placeDep ROOT event-source-polyfill@1.0.31 OK for: @sanity/eventsource@5.0.2 want: 1.0.31
78 silly placeDep node_modules/@sanity/eventsource eventsource@2.0.2 OK for: @sanity/eventsource@5.0.2 want: 2.0.2
79 silly placeDep ROOT @sanity/signed-urls@2.0.4 OK for: @sanity/image-url@2.1.1 want: ^2.0.2
80 silly fetch manifest @noble/ed25519@^3.1.0
81 silly packumentCache full:https://registry.npmjs.org/@noble%2fed25519 cache-miss
82 silly fetch manifest @noble/hashes@^2.2.0
83 silly packumentCache full:https://registry.npmjs.org/@noble%2fhashes cache-miss
84 http fetch GET 200 https://registry.npmjs.org/@noble%2fhashes 163ms (cache miss)
85 silly packumentCache full:https://registry.npmjs.org/@noble%2fhashes set size:undefined disposed:false
86 http fetch GET 200 https://registry.npmjs.org/@noble%2fed25519 1599ms (cache miss)
87 silly packumentCache full:https://registry.npmjs.org/@noble%2fed25519 set size:undefined disposed:false
88 silly placeDep ROOT @noble/ed25519@3.1.0 OK for: @sanity/signed-urls@2.0.4 want: ^3.1.0
89 silly placeDep node_modules/@sanity/signed-urls @noble/hashes@2.2.0 OK for: @sanity/signed-urls@2.0.4 want: ^2.2.0
90 silly placeDep ROOT decompress-response@7.0.0 OK for: get-it@8.8.0 want: ^7.0.0
91 silly placeDep ROOT is-retry-allowed@2.2.0 OK for: get-it@8.8.0 want: ^2.2.0
92 silly placeDep ROOT through2@4.0.2 OK for: get-it@8.8.0 want: ^4.0.2
93 silly placeDep ROOT tunnel-agent@0.6.0 OK for: get-it@8.8.0 want: ^0.6.0
94 silly fetch manifest mimic-response@^3.1.0
95 silly packumentCache full:https://registry.npmjs.org/mimic-response cache-miss
96 silly fetch manifest readable-stream@3
97 silly packumentCache full:https://registry.npmjs.org/readable-stream cache-miss
98 silly fetch manifest safe-buffer@^5.0.1
99 silly packumentCache full:https://registry.npmjs.org/safe-buffer cache-miss
100 http fetch GET 200 https://registry.npmjs.org/readable-stream 129ms (cache miss)
101 silly packumentCache full:https://registry.npmjs.org/readable-stream set size:undefined disposed:false
102 http fetch GET 200 https://registry.npmjs.org/mimic-response 903ms (cache miss)
103 silly packumentCache full:https://registry.npmjs.org/mimic-response set size:undefined disposed:false
104 http fetch GET 200 https://registry.npmjs.org/safe-buffer 1354ms (cache miss)
105 silly packumentCache full:https://registry.npmjs.org/safe-buffer set size:undefined disposed:false
106 silly placeDep ROOT mimic-response@3.1.0 OK for: decompress-response@7.0.0 want: ^3.1.0
107 silly placeDep ROOT readable-stream@3.6.2 OK for: through2@4.0.2 want: 3
108 silly fetch manifest string_decoder@^1.1.1
109 silly packumentCache full:https://registry.npmjs.org/string_decoder cache-miss
110 http fetch GET 200 https://registry.npmjs.org/string_decoder 1155ms (cache miss)
111 silly packumentCache full:https://registry.npmjs.org/string_decoder set size:undefined disposed:false
112 silly placeDep ROOT string_decoder@1.3.0 OK for: readable-stream@3.6.2 want: ^1.1.1
113 silly fetch manifest safe-buffer@~5.2.0
114 silly packumentCache full:https://registry.npmjs.org/safe-buffer cache-miss
115 http fetch GET 200 https://registry.npmjs.org/safe-buffer 5ms (cache hit)
116 silly packumentCache full:https://registry.npmjs.org/safe-buffer set size:41183 disposed:false
117 silly placeDep ROOT safe-buffer@5.2.1 OK for: string_decoder@1.3.0 want: ~5.2.0
118 silly reify moves {}
119 verbose reify failed optional dependency /Users/ayushmantalukdar/Documents/Projects/Rabt/rabt/node_modules/@tailwindcss/oxide-wasm32-wasi
120 silly reify mark deleted [
120 silly reify   '/Users/ayushmantalukdar/Documents/Projects/Rabt/rabt/node_modules/@tailwindcss/oxide-wasm32-wasi'
120 silly reify ]
121 silly audit bulk request {
121 silly audit   '@alloc/quick-lru': [ '5.2.0' ],
121 silly audit   '@babel/code-frame': [ '7.29.0' ],
121 silly audit   '@babel/compat-data': [ '7.29.3' ],
121 silly audit   '@babel/core': [ '7.29.0' ],
121 silly audit   '@babel/generator': [ '7.29.1' ],
121 silly audit   '@babel/helper-annotate-as-pure': [ '7.27.3' ],
121 silly audit   '@babel/helper-compilation-targets': [ '7.28.6' ],
121 silly audit   '@babel/helper-create-class-features-plugin': [ '7.29.3' ],
121 silly audit   '@babel/helper-globals': [ '7.28.0' ],
121 silly audit   '@babel/helper-member-expression-to-functions': [ '7.28.5' ],
121 silly audit   '@babel/helper-module-imports': [ '7.28.6' ],
121 silly audit   '@babel/helper-module-transforms': [ '7.28.6' ],
121 silly audit   '@babel/helper-optimise-call-expression': [ '7.27.1' ],
121 silly audit   '@babel/helper-plugin-utils': [ '7.28.6' ],
121 silly audit   '@babel/helper-replace-supers': [ '7.28.6' ],
121 silly audit   '@babel/helper-skip-transparent-expression-wrappers': [ '7.27.1' ],
121 silly audit   '@babel/helper-string-parser': [ '7.27.1' ],
121 silly audit   '@babel/helper-validator-identifier': [ '7.28.5' ],
121 silly audit   '@babel/helper-validator-option': [ '7.27.1' ],
121 silly audit   '@babel/helpers': [ '7.29.2' ],
121 silly audit   '@babel/parser': [ '7.29.3' ],
121 silly audit   '@babel/plugin-syntax-jsx': [ '7.28.6' ],
121 silly audit   '@babel/plugin-syntax-typescript': [ '7.28.6' ],
121 silly audit   '@babel/plugin-transform-modules-commonjs': [ '7.28.6' ],
121 silly audit   '@babel/plugin-transform-typescript': [ '7.28.6' ],
121 silly audit   '@babel/preset-typescript': [ '7.28.5' ],
121 silly audit   '@babel/runtime': [ '7.29.2' ],
121 silly audit   '@babel/template': [ '7.28.6' ],
121 silly audit   '@babel/traverse': [ '7.29.0' ],
121 silly audit   '@babel/types': [ '7.29.0' ],
121 silly audit   '@base-ui/react': [ '1.5.0' ],
121 silly audit   '@base-ui/utils': [ '0.2.9' ],
121 silly audit   '@dotenvx/dotenvx': [ '1.66.0' ],
121 silly audit   commander: [ '11.1.0', '14.0.3' ],
121 silly audit   execa: [ '5.1.1', '9.6.1' ],
121 silly audit   fdir: [ '6.5.0' ],
121 silly audit   'get-stream': [ '6.0.1', '9.0.1' ],
121 silly audit   'human-signals': [ '2.1.0', '8.0.1' ],
121 silly audit   'is-stream': [ '2.0.1', '4.0.1' ],
121 silly audit   isexe: [ '3.1.5', '2.0.0' ],
121 silly audit   'npm-run-path': [ '4.0.1', '6.0.0' ],
121 silly audit   onetime: [ '5.1.2', '7.0.0' ],
121 silly audit   picomatch: [ '4.0.4', '2.3.2' ],
121 silly audit   'signal-exit': [ '3.0.7', '4.1.0' ],
121 silly audit   'strip-final-newline': [ '2.0.0', '4.0.0' ],
121 silly audit   which: [ '4.0.0', '2.0.2' ],
121 silly audit   '@ecies/ciphers': [ '0.2.6' ],
121 silly audit   '@emnapi/core': [ '1.10.0' ],
121 silly audit   '@emnapi/runtime': [ '1.10.0' ],
121 silly audit   '@emnapi/wasi-threads': [ '1.2.1' ],
121 silly audit   '@eslint-community/eslint-utils': [ '4.9.1' ],
121 silly audit   'eslint-visitor-keys': [ '3.4.3', '5.0.1', '4.2.1' ],
121 silly audit   '@eslint-community/regexpp': [ '4.12.2' ],
121 silly audit   '@eslint/config-array': [ '0.21.2' ],
121 silly audit   '@eslint/config-helpers': [ '0.4.2' ],
121 silly audit   '@eslint/core': [ '0.17.0' ],
121 silly audit   '@eslint/eslintrc': [ '3.3.5' ],
121 silly audit   '@eslint/js': [ '9.39.4' ],
121 silly audit   '@eslint/object-schema': [ '2.1.7' ],
121 silly audit   '@eslint/plugin-kit': [ '0.4.1' ],
121 silly audit   '@floating-ui/core': [ '1.7.5' ],
121 silly audit   '@floating-ui/dom': [ '1.7.6' ],
121 silly audit   '@floating-ui/react-dom': [ '2.1.8' ],
121 silly audit   '@floating-ui/utils': [ '0.2.11' ],
121 silly audit   '@hono/node-server': [ '1.19.14' ],
121 silly audit   '@humanfs/core': [ '0.19.2' ],
121 silly audit   '@humanfs/node': [ '0.16.8' ],
121 silly audit   '@humanfs/types': [ '0.15.0' ],
121 silly audit   '@humanwhocodes/module-importer': [ '1.0.1' ],
121 silly audit   '@humanwhocodes/retry': [ '0.4.3' ],
121 silly audit   '@img/colour': [ '1.1.0' ],
121 silly audit   '@img/sharp-darwin-arm64': [ '0.34.5' ],
121 silly audit   '@img/sharp-darwin-x64': [ '0.34.5' ],
121 silly audit   '@img/sharp-libvips-darwin-arm64': [ '1.2.4' ],
121 silly audit   '@img/sharp-libvips-darwin-x64': [ '1.2.4' ],
121 silly audit   '@img/sharp-libvips-linux-arm': [ '1.2.4' ],
121 silly audit   '@img/sharp-libvips-linux-arm64': [ '1.2.4' ],
121 silly audit   '@img/sharp-libvips-linux-ppc64': [ '1.2.4' ],
121 silly audit   '@img/sharp-libvips-linux-riscv64': [ '1.2.4' ],
121 silly audit   '@img/sharp-libvips-linux-s390x': [ '1.2.4' ],
121 silly audit   '@img/sharp-libvips-linux-x64': [ '1.2.4' ],
121 silly audit   '@img/sharp-libvips-linuxmusl-arm64': [ '1.2.4' ],
121 silly audit   '@img/sharp-libvips-linuxmusl-x64': [ '1.2.4' ],
121 silly audit   '@img/sharp-linux-arm': [ '0.34.5' ],
121 silly audit   '@img/sharp-linux-arm64': [ '0.34.5' ],
121 silly audit   '@img/sharp-linux-ppc64': [ '0.34.5' ],
121 silly audit   '@img/sharp-linux-riscv64': [ '0.34.5' ],
121 silly audit   '@img/sharp-linux-s390x': [ '0.34.5' ],
121 silly audit   '@img/sharp-linux-x64': [ '0.34.5' ],
121 silly audit   '@img/sharp-linuxmusl-arm64': [ '0.34.5' ],
121 silly audit   '@img/sharp-linuxmusl-x64': [ '0.34.5' ],
121 silly audit   '@img/sharp-wasm32': [ '0.34.5' ],
121 silly audit   '@img/sharp-win32-arm64': [ '0.34.5' ],
121 silly audit   '@img/sharp-win32-ia32': [ '0.34.5' ],
121 silly audit   '@img/sharp-win32-x64': [ '0.34.5' ],
121 silly audit   '@inquirer/ansi': [ '2.0.5' ],
121 silly audit   '@inquirer/confirm': [ '6.0.13' ],
121 silly audit   '@inquirer/core': [ '11.1.10' ],
121 silly audit   '@inquirer/figures': [ '2.0.5' ],
121 silly audit   '@inquirer/type': [ '4.0.5' ],
121 silly audit   '@jridgewell/gen-mapping': [ '0.3.13' ],
121 silly audit   '@jridgewell/remapping': [ '2.3.5' ],
121 silly audit   '@jridgewell/resolve-uri': [ '3.1.2' ],
121 silly audit   '@jridgewell/sourcemap-codec': [ '1.5.5' ],
121 silly audit   '@jridgewell/trace-mapping': [ '0.3.31' ],
121 silly audit   '@modelcontextprotocol/sdk': [ '1.29.0' ],
121 silly audit   ajv: [ '8.20.0', '6.15.0' ],
121 silly audit   'json-schema-traverse': [ '1.0.0', '0.4.1' ],
121 silly audit   '@mongodb-js/saslprep': [ '1.4.11' ],
121 silly audit   '@mswjs/interceptors': [ '0.41.9' ],
121 silly audit   '@open-draft/deferred-promise': [ '2.2.0', '3.0.0' ],
121 silly audit   '@napi-rs/wasm-runtime': [ '1.1.4' ],
121 silly audit   '@next/env': [ '16.2.6' ],
121 silly audit   '@next/eslint-plugin-next': [ '16.2.6' ],
121 silly audit   '@next/swc-darwin-arm64': [ '16.2.6' ],
121 silly audit   '@next/swc-darwin-x64': [ '16.2.6' ],
121 silly audit   '@next/swc-linux-arm64-gnu': [ '16.2.6' ],
121 silly audit   '@next/swc-linux-arm64-musl': [ '16.2.6' ],
121 silly audit   '@next/swc-linux-x64-gnu': [ '16.2.6' ],
121 silly audit   '@next/swc-linux-x64-musl': [ '16.2.6' ],
121 silly audit   '@next/swc-win32-arm64-msvc': [ '16.2.6' ],
121 silly audit   '@next/swc-win32-x64-msvc': [ '16.2.6' ],
121 silly audit   '@noble/ciphers': [ '1.3.0' ],
121 silly audit   '@noble/curves': [ '1.9.7' ],
121 silly audit   '@noble/hashes': [ '1.8.0', '2.2.0' ],
121 silly audit   '@nodelib/fs.scandir': [ '2.1.5' ],
121 silly audit   '@nodelib/fs.stat': [ '2.0.5' ],
121 silly audit   '@nodelib/fs.walk': [ '1.2.8' ],
121 silly audit   '@nolyfill/is-core-module': [ '1.0.39' ],
121 silly audit   '@open-draft/logger': [ '0.3.0' ],
121 silly audit   '@open-draft/until': [ '2.1.0' ],
121 silly audit   '@radix-ui/number': [ '1.1.1' ],
121 silly audit   '@radix-ui/primitive': [ '1.1.3' ],
121 silly audit   '@radix-ui/react-accessible-icon': [ '1.1.7' ],
121 silly audit   '@radix-ui/react-accordion': [ '1.2.12' ],
121 silly audit   '@radix-ui/react-alert-dialog': [ '1.1.15' ],
121 silly audit   '@radix-ui/react-arrow': [ '1.1.7' ],
121 silly audit   '@radix-ui/react-aspect-ratio': [ '1.1.7' ],
121 silly audit   '@radix-ui/react-avatar': [ '1.1.10' ],
121 silly audit   '@radix-ui/react-checkbox': [ '1.3.3' ],
121 silly audit   '@radix-ui/react-collapsible': [ '1.1.12' ],
121 silly audit   '@radix-ui/react-collection': [ '1.1.7' ],
121 silly audit   '@radix-ui/react-compose-refs': [ '1.1.2' ],
121 silly audit   '@radix-ui/react-context': [ '1.1.2' ],
121 silly audit   '@radix-ui/react-context-menu': [ '2.2.16' ],
121 silly audit   '@radix-ui/react-dialog': [ '1.1.15' ],
121 silly audit   '@radix-ui/react-direction': [ '1.1.1' ],
121 silly audit   '@radix-ui/react-dismissable-layer': [ '1.1.11' ],
121 silly audit   '@radix-ui/react-dropdown-menu': [ '2.1.16' ],
121 silly audit   '@radix-ui/react-focus-guards': [ '1.1.3' ],
121 silly audit   '@radix-ui/react-focus-scope': [ '1.1.7' ],
121 silly audit   '@radix-ui/react-form': [ '0.1.8' ],
121 silly audit   '@radix-ui/react-hover-card': [ '1.1.15' ],
121 silly audit   '@radix-ui/react-id': [ '1.1.1' ],
121 silly audit   '@radix-ui/react-label': [ '2.1.7' ],
121 silly audit   '@radix-ui/react-menu': [ '2.1.16' ],
121 silly audit   '@radix-ui/react-menubar': [ '1.1.16' ],
121 silly audit   '@radix-ui/react-navigation-menu': [ '1.2.14' ],
121 silly audit   '@radix-ui/react-one-time-password-field': [ '0.1.8' ],
121 silly audit   '@radix-ui/react-password-toggle-field': [ '0.1.3' ],
121 silly audit   '@radix-ui/react-popover': [ '1.1.15' ],
121 silly audit   '@radix-ui/react-popper': [ '1.2.8' ],
121 silly audit   '@radix-ui/react-portal': [ '1.1.9' ],
121 silly audit   '@radix-ui/react-presence': [ '1.1.5' ],
121 silly audit   '@radix-ui/react-primitive': [ '2.1.3' ],
121 silly audit   '@radix-ui/react-progress': [ '1.1.7' ],
121 silly audit   '@radix-ui/react-radio-group': [ '1.3.8' ],
121 silly audit   '@radix-ui/react-roving-focus': [ '1.1.11' ],
121 silly audit   '@radix-ui/react-scroll-area': [ '1.2.10' ],
121 silly audit   '@radix-ui/react-select': [ '2.2.6' ],
121 silly audit   '@radix-ui/react-separator': [ '1.1.7' ],
121 silly audit   '@radix-ui/react-slider': [ '1.3.6' ],
121 silly audit   '@radix-ui/react-slot': [ '1.2.3' ],
121 silly audit   '@radix-ui/react-switch': [ '1.2.6' ],
121 silly audit   '@radix-ui/react-tabs': [ '1.1.13' ],
121 silly audit   '@radix-ui/react-toast': [ '1.2.15' ],
121 silly audit   '@radix-ui/react-toggle': [ '1.1.10' ],
121 silly audit   '@radix-ui/react-toggle-group': [ '1.1.11' ],
121 silly audit   '@radix-ui/react-toolbar': [ '1.1.11' ],
121 silly audit   '@radix-ui/react-tooltip': [ '1.2.8' ],
121 silly audit   '@radix-ui/react-use-callback-ref': [ '1.1.1' ],
121 silly audit   '@radix-ui/react-use-controllable-state': [ '1.2.2' ],
121 silly audit   '@radix-ui/react-use-effect-event': [ '0.0.2' ],
121 silly audit   '@radix-ui/react-use-escape-keydown': [ '1.1.1' ],
121 silly audit   '@radix-ui/react-use-is-hydrated': [ '0.1.0' ],
121 silly audit   '@radix-ui/react-use-layout-effect': [ '1.1.1' ],
121 silly audit   '@radix-ui/react-use-previous': [ '1.1.1' ],
121 silly audit   '@radix-ui/react-use-rect': [ '1.1.1' ],
121 silly audit   '@radix-ui/react-use-size': [ '1.1.1' ],
121 silly audit   '@radix-ui/react-visually-hidden': [ '1.2.3' ],
121 silly audit   '@radix-ui/rect': [ '1.1.1' ],
121 silly audit   '@rtsao/scc': [ '1.1.0' ],
121 silly audit   '@sec-ant/readable-stream': [ '0.4.1' ],
121 silly audit   '@sindresorhus/merge-streams': [ '4.0.0' ],
121 silly audit   '@swc/helpers': [ '0.5.15' ],
121 silly audit   '@tailwindcss/node': [ '4.3.0' ],
121 silly audit   '@tailwindcss/oxide': [ '4.3.0' ],
121 silly audit   '@tailwindcss/oxide-android-arm64': [ '4.3.0' ],
121 silly audit   '@tailwindcss/oxide-darwin-arm64': [ '4.3.0' ],
121 silly audit   '@tailwindcss/oxide-darwin-x64': [ '4.3.0' ],
121 silly audit   '@tailwindcss/oxide-freebsd-x64': [ '4.3.0' ],
121 silly audit   '@tailwindcss/oxide-linux-arm-gnueabihf': [ '4.3.0' ],
121 silly audit   '@tailwindcss/oxide-linux-arm64-gnu': [ '4.3.0' ],
121 silly audit   '@tailwindcss/oxide-linux-arm64-musl': [ '4.3.0' ],
121 silly audit   '@tailwindcss/oxide-linux-x64-gnu': [ '4.3.0' ],
121 silly audit   '@tailwindcss/oxide-linux-x64-musl': [ '4.3.0' ],
121 silly audit   '@tailwindcss/oxide-win32-arm64-msvc': [ '4.3.0' ],
121 silly audit   '@tailwindcss/oxide-win32-x64-msvc': [ '4.3.0' ],
121 silly audit   '@tailwindcss/postcss': [ '4.3.0' ],
121 silly audit   '@ts-morph/common': [ '0.27.0' ],
121 silly audit   'balanced-match': [ '4.0.4', '1.0.2' ],
121 silly audit   'brace-expansion': [ '5.0.6', '1.1.14' ],
121 silly audit   'fast-glob': [ '3.3.3', '3.3.1' ],
121 silly audit   'glob-parent': [ '5.1.2', '6.0.2' ],
121 silly audit   minimatch: [ '10.2.5', '3.1.5' ],
121 silly audit   '@tybys/wasm-util': [ '0.10.2' ],
121 silly audit   '@types/estree': [ '1.0.9' ],
121 silly audit   '@types/json-schema': [ '7.0.15' ],
121 silly audit   '@types/json5': [ '0.0.29' ],
121 silly audit   '@types/node': [ '25.9.1' ],
121 silly audit   '@types/set-cookie-parser': [ '2.4.10' ],
121 silly audit   '@types/statuses': [ '2.0.6' ],
121 silly audit   '@types/validate-npm-package-name': [ '4.0.2' ],
121 silly audit   '@types/webidl-conversions': [ '7.0.3' ],
121 silly audit   '@types/whatwg-url': [ '13.0.0' ],
121 silly audit   '@typescript-eslint/eslint-plugin': [ '8.59.4' ],
121 silly audit   ignore: [ '7.0.5', '5.3.2' ],
121 silly audit   '@typescript-eslint/parser': [ '8.59.4' ],
121 silly audit   '@typescript-eslint/project-service': [ '8.59.4' ],
121 silly audit   '@typescript-eslint/scope-manager': [ '8.59.4' ],
121 silly audit   '@typescript-eslint/tsconfig-utils': [ '8.59.4' ],
121 silly audit   '@typescript-eslint/type-utils': [ '8.59.4' ],
121 silly audit   '@typescript-eslint/types': [ '8.59.4' ],
121 silly audit   '@typescript-eslint/typescript-estree': [ '8.59.4' ],
121 silly audit   semver: [ '7.8.0', '6.3.1' ],
121 silly audit   '@typescript-eslint/utils': [ '8.59.4' ],
121 silly audit   '@typescript-eslint/visitor-keys': [ '8.59.4' ],
121 silly audit   '@unrs/resolver-binding-android-arm-eabi': [ '1.12.2' ],
121 silly audit   '@unrs/resolver-binding-android-arm64': [ '1.12.2' ],
121 silly audit   '@unrs/resolver-binding-darwin-arm64': [ '1.12.2' ],
121 silly audit   '@unrs/resolver-binding-darwin-x64': [ '1.12.2' ],
121 silly audit   '@unrs/resolver-binding-freebsd-x64': [ '1.12.2' ],
121 silly audit   '@unrs/resolver-binding-linux-arm-gnueabihf': [ '1.12.2' ],
121 silly audit   '@unrs/resolver-binding-linux-arm-musleabihf': [ '1.12.2' ],
121 silly audit   '@unrs/resolver-binding-linux-arm64-gnu': [ '1.12.2' ],
121 silly audit   '@unrs/resolver-binding-linux-arm64-musl': [ '1.12.2' ],
121 silly audit   '@unrs/resolver-binding-linux-loong64-gnu': [ '1.12.2' ],
121 silly audit   '@unrs/resolver-binding-linux-loong64-musl': [ '1.12.2' ],
121 silly audit   '@unrs/resolver-binding-linux-ppc64-gnu': [ '1.12.2' ],
121 silly audit   '@unrs/resolver-binding-linux-riscv64-gnu': [ '1.12.2' ],
121 silly audit   '@unrs/resolver-binding-linux-riscv64-musl': [ '1.12.2' ],
121 silly audit   '@unrs/resolver-binding-linux-s390x-gnu': [ '1.12.2' ],
121 silly audit   '@unrs/resolver-binding-linux-x64-gnu': [ '1.12.2' ],
121 silly audit   '@unrs/resolver-binding-linux-x64-musl': [ '1.12.2' ],
121 silly audit   '@unrs/resolver-binding-openharmony-arm64': [ '1.12.2' ],
121 silly audit   '@unrs/resolver-binding-wasm32-wasi': [ '1.12.2' ],
121 silly audit   '@unrs/resolver-binding-win32-arm64-msvc': [ '1.12.2' ],
121 silly audit   '@unrs/resolver-binding-win32-ia32-msvc': [ '1.12.2' ],
121 silly audit   '@unrs/resolver-binding-win32-x64-msvc': [ '1.12.2' ],
121 silly audit   accepts: [ '2.0.0' ],
121 silly audit   acorn: [ '8.16.0' ],
121 silly audit   'acorn-jsx': [ '5.3.2' ],
121 silly audit   'agent-base': [ '7.1.4' ],
121 silly audit   'ajv-formats': [ '3.0.1' ],
121 silly audit   'ansi-regex': [ '6.2.2', '5.0.1' ],
121 silly audit   'ansi-styles': [ '4.3.0' ],
121 silly audit   argparse: [ '2.0.1' ],
121 silly audit   'aria-hidden': [ '1.2.6' ],
121 silly audit   'aria-query': [ '5.3.2' ],
121 silly audit   'array-buffer-byte-length': [ '1.0.2' ],
121 silly audit   'array-includes': [ '3.1.9' ],
121 silly audit   'array.prototype.findlast': [ '1.2.5' ],
121 silly audit   'array.prototype.findlastindex': [ '1.2.6' ],
121 silly audit   'array.prototype.flat': [ '1.3.3' ],
121 silly audit   'array.prototype.flatmap': [ '1.3.3' ],
121 silly audit   'array.prototype.tosorted': [ '1.1.4' ],
121 silly audit   'arraybuffer.prototype.slice': [ '1.0.4' ],
121 silly audit   'ast-types': [ '0.16.1' ],
121 silly audit   'ast-types-flow': [ '0.0.8' ],
121 silly audit   'async-function': [ '1.0.0' ],
121 silly audit   'available-typed-arrays': [ '1.0.7' ],
121 silly audit   'axe-core': [ '4.11.4' ],
121 silly audit   'axobject-query': [ '4.1.0' ],
121 silly audit   'baseline-browser-mapping': [ '2.10.31' ],
121 silly audit   'body-parser': [ '2.2.2' ],
121 silly audit   braces: [ '3.0.3' ],
121 silly audit   browserslist: [ '4.28.2' ],
121 silly audit   bson: [ '7.2.0' ],
121 silly audit   'bundle-name': [ '4.1.0' ],
121 silly audit   bytes: [ '3.1.2' ],
121 silly audit   'call-bind': [ '1.0.9' ],
121 silly audit   'call-bind-apply-helpers': [ '1.0.2' ],
121 silly audit   'call-bound': [ '1.0.4' ],
121 silly audit   callsites: [ '3.1.0' ],
121 silly audit   'caniuse-lite': [ '1.0.30001793' ],
121 silly audit   chalk: [ '4.1.2', '5.6.2' ],
121 silly audit   'class-variance-authority': [ '0.7.1' ],
121 silly audit   'cli-cursor': [ '5.0.0' ],
121 silly audit   'cli-spinners': [ '2.9.2' ],
121 silly audit   'cli-width': [ '4.1.0' ],
121 silly audit   'client-only': [ '0.0.1' ],
121 silly audit   cliui: [ '8.0.1' ],
121 silly audit   'emoji-regex': [ '8.0.0', '9.2.2', '10.6.0' ],
121 silly audit   'string-width': [ '4.2.3', '7.2.0' ],
121 silly audit   'strip-ansi': [ '6.0.1', '7.2.0' ],
121 silly audit   clsx: [ '2.1.1' ],
121 silly audit   'code-block-writer': [ '13.0.3' ],
121 silly audit   'color-convert': [ '2.0.1' ],
121 silly audit   'color-name': [ '1.1.4' ],
121 silly audit   'concat-map': [ '0.0.1' ],
121 silly audit   'content-disposition': [ '1.1.0' ],
121 silly audit   'content-type': [ '1.0.5', '2.0.0' ],
121 silly audit   'convert-source-map': [ '2.0.0' ],
121 silly audit   cookie: [ '0.7.2', '1.1.1' ],
121 silly audit   'cookie-signature': [ '1.2.2' ],
121 silly audit   cors: [ '2.8.6' ],
121 silly audit   cosmiconfig: [ '9.0.1' ],
121 silly audit   'cross-spawn': [ '7.0.6' ],
121 silly audit   cssesc: [ '3.0.0' ],
121 silly audit   'damerau-levenshtein': [ '1.0.8' ],
121 silly audit   'data-uri-to-buffer': [ '4.0.1' ],
121 silly audit   'data-view-buffer': [ '1.0.2' ],
121 silly audit   'data-view-byte-length': [ '1.0.2' ],
121 silly audit   'data-view-byte-offset': [ '1.0.1' ],
121 silly audit   debug: [ '4.4.3', '3.2.7' ],
121 silly audit   dedent: [ '1.7.2' ],
121 silly audit   'deep-is': [ '0.1.4' ],
121 silly audit   deepmerge: [ '4.3.1' ],
121 silly audit   'default-browser': [ '5.5.0' ],
121 silly audit   'default-browser-id': [ '5.0.1' ],
121 silly audit   'define-data-property': [ '1.1.4' ],
121 silly audit   'define-lazy-prop': [ '3.0.0' ],
121 silly audit   'define-properties': [ '1.2.1' ],
121 silly audit   depd: [ '2.0.0' ],
121 silly audit   'detect-libc': [ '2.1.2' ],
121 silly audit   'detect-node-es': [ '1.1.0' ],
121 silly audit   diff: [ '8.0.4' ],
121 silly audit   doctrine: [ '2.1.0' ],
121 silly audit   dotenv: [ '17.4.2' ],
121 silly audit   'dunder-proto': [ '1.0.1' ],
121 silly audit   eciesjs: [ '0.4.18' ],
121 silly audit   'ee-first': [ '1.1.1' ],
121 silly audit   'electron-to-chromium': [ '1.5.360' ],
121 silly audit   encodeurl: [ '2.0.0' ],
121 silly audit   'enhanced-resolve': [ '5.21.6' ],
121 silly audit   'env-paths': [ '2.2.1' ],
121 silly audit   'error-ex': [ '1.3.4' ],
121 silly audit   'es-abstract': [ '1.24.2' ],
121 silly audit   'es-define-property': [ '1.0.1' ],
121 silly audit   'es-errors': [ '1.3.0' ],
121 silly audit   'es-iterator-helpers': [ '1.3.2' ],
121 silly audit   'es-object-atoms': [ '1.1.1' ],
121 silly audit   'es-set-tostringtag': [ '2.1.0' ],
121 silly audit   'es-shim-unscopables': [ '1.1.0' ],
121 silly audit   'es-to-primitive': [ '1.3.0' ],
121 silly audit   escalade: [ '3.2.0' ],
121 silly audit   'escape-html': [ '1.0.3' ],
121 silly audit   'escape-string-regexp': [ '4.0.0' ],
121 silly audit   eslint: [ '9.39.4' ],
121 silly audit   'eslint-config-next': [ '16.2.6' ],
121 silly audit   globals: [ '16.4.0', '14.0.0' ],
121 silly audit   'eslint-import-resolver-node': [ '0.3.10' ],
121 silly audit   'eslint-import-resolver-typescript': [ '3.10.1' ],
121 silly audit   'eslint-module-utils': [ '2.12.1' ],
121 silly audit   'eslint-plugin-import': [ '2.32.0' ],
121 silly audit   'eslint-plugin-jsx-a11y': [ '6.10.2' ],
121 silly audit   'eslint-plugin-react': [ '7.37.5' ],
121 silly audit   'eslint-plugin-react-hooks': [ '7.1.1' ],
121 silly audit   'eslint-scope': [ '8.4.0' ],
121 silly audit   espree: [ '10.4.0' ],
121 silly audit   esprima: [ '4.0.1' ],
121 silly audit   esquery: [ '1.7.0' ],
121 silly audit   esrecurse: [ '4.3.0' ],
121 silly audit   estraverse: [ '5.3.0' ],
121 silly audit   esutils: [ '2.0.3' ],
121 silly audit   etag: [ '1.8.1' ],
121 silly audit   eventsource: [ '3.0.7', '2.0.2' ],
121 silly audit   'eventsource-parser': [ '3.0.8' ],
121 silly audit   express: [ '5.2.1' ],
121 silly audit   'express-rate-limit': [ '8.5.2' ],
121 silly audit   'fast-deep-equal': [ '3.1.3' ],
121 silly audit   'fast-json-stable-stringify': [ '2.1.0' ],
121 silly audit   'fast-levenshtein': [ '2.0.6' ],
121 silly audit   'fast-string-truncated-width': [ '3.0.3' ],
121 silly audit   'fast-string-width': [ '3.0.2' ],
121 silly audit   'fast-uri': [ '3.1.2' ],
121 silly audit   'fast-wrap-ansi': [ '0.2.2' ],
121 silly audit   fastq: [ '1.20.1' ],
121 silly audit   'fetch-blob': [ '3.2.0' ],
121 silly audit   figures: [ '6.1.0' ],
121 silly audit   'file-entry-cache': [ '8.0.0' ],
121 silly audit   'fill-range': [ '7.1.1' ],
121 silly audit   finalhandler: [ '2.1.1' ],
121 silly audit   'find-up': [ '5.0.0' ],
121 silly audit   'flat-cache': [ '4.0.1' ],
121 silly audit   flatted: [ '3.4.2' ],
121 silly audit   'for-each': [ '0.3.5' ],
121 silly audit   'formdata-polyfill': [ '4.0.10' ],
121 silly audit   forwarded: [ '0.2.0' ],
121 silly audit   'framer-motion': [ '12.40.0' ],
121 silly audit   fresh: [ '2.0.0' ],
121 silly audit   'fs-extra': [ '11.3.5' ],
121 silly audit   'function-bind': [ '1.1.2' ],
121 silly audit   'function.prototype.name': [ '1.1.8' ],
121 silly audit   'functions-have-names': [ '1.2.3' ],
121 silly audit   fuzzysort: [ '3.1.0' ],
121 silly audit   'generator-function': [ '2.0.1' ],
121 silly audit   gensync: [ '1.0.0-beta.2' ],
121 silly audit   'get-caller-file': [ '2.0.5' ],
121 silly audit   'get-east-asian-width': [ '1.6.0' ],
121 silly audit   'get-intrinsic': [ '1.3.0' ],
121 silly audit   'get-nonce': [ '1.0.1' ],
121 silly audit   'get-own-enumerable-keys': [ '1.0.0' ],
121 silly audit   'get-proto': [ '1.0.1' ],
121 silly audit   'get-symbol-description': [ '1.1.0' ],
121 silly audit   'get-tsconfig': [ '4.14.0' ],
121 silly audit   globalthis: [ '1.0.4' ],
121 silly audit   gopd: [ '1.2.0' ],
121 silly audit   'graceful-fs': [ '4.2.11' ],
121 silly audit   graphql: [ '16.14.0' ],
121 silly audit   'has-bigints': [ '1.1.0' ],
121 silly audit   'has-flag': [ '4.0.0' ],
121 silly audit   'has-property-descriptors': [ '1.0.2' ],
121 silly audit   'has-proto': [ '1.2.0' ],
121 silly audit   'has-symbols': [ '1.1.0' ],
121 silly audit   'has-tostringtag': [ '1.0.2' ],
121 silly audit   hasown: [ '2.0.3' ],
121 silly audit   'headers-polyfill': [ '5.0.1' ],
121 silly audit   'hermes-estree': [ '0.25.1' ],
121 silly audit   'hermes-parser': [ '0.25.1' ],
121 silly audit   hono: [ '4.12.21' ],
121 silly audit   'http-errors': [ '2.0.1' ],
121 silly audit   'https-proxy-agent': [ '7.0.6' ],
121 silly audit   'iconv-lite': [ '0.7.2' ],
121 silly audit   'import-fresh': [ '3.3.1' ],
121 silly audit   imurmurhash: [ '0.1.4' ],
121 silly audit   inherits: [ '2.0.4' ],
121 silly audit   'internal-slot': [ '1.1.0' ],
121 silly audit   'ip-address': [ '10.2.0' ],
121 silly audit   'ipaddr.js': [ '1.9.1' ],
121 silly audit   'is-array-buffer': [ '3.0.5' ],
121 silly audit   'is-arrayish': [ '0.2.1' ],
121 silly audit   'is-async-function': [ '2.1.1' ],
121 silly audit   'is-bigint': [ '1.1.0' ],
121 silly audit   'is-boolean-object': [ '1.2.2' ],
121 silly audit   'is-bun-module': [ '2.0.0' ],
121 silly audit   'is-callable': [ '1.2.7' ],
121 silly audit   'is-core-module': [ '2.16.2' ],
121 silly audit   'is-data-view': [ '1.0.2' ],
121 silly audit   'is-date-object': [ '1.1.0' ],
121 silly audit   'is-docker': [ '3.0.0' ],
121 silly audit   'is-extglob': [ '2.1.1' ],
121 silly audit   'is-finalizationregistry': [ '1.1.1' ],
121 silly audit   'is-fullwidth-code-point': [ '3.0.0' ],
121 silly audit   'is-generator-function': [ '1.1.2' ],
121 silly audit   'is-glob': [ '4.0.3' ],
121 silly audit   'is-in-ssh': [ '1.0.0' ],
121 silly audit   'is-inside-container': [ '1.0.0' ],
121 silly audit   'is-interactive': [ '2.0.0' ],
121 silly audit   'is-map': [ '2.0.3' ],
121 silly audit   'is-negative-zero': [ '2.0.3' ],
121 silly audit   'is-node-process': [ '1.2.0' ],
121 silly audit   'is-number': [ '7.0.0' ],
121 silly audit   'is-number-object': [ '1.1.1' ],
121 silly audit   'is-obj': [ '3.0.0' ],
121 silly audit   'is-plain-obj': [ '4.1.0' ],
121 silly audit   'is-promise': [ '4.0.0' ],
121 silly audit   'is-regex': [ '1.2.1' ],
121 silly audit   'is-regexp': [ '3.1.0' ],
121 silly audit   'is-set': [ '2.0.3' ],
121 silly audit   'is-shared-array-buffer': [ '1.0.4' ],
121 silly audit   'is-string': [ '1.1.1' ],
121 silly audit   'is-symbol': [ '1.1.1' ],
121 silly audit   'is-typed-array': [ '1.1.15' ],
121 silly audit   'is-unicode-supported': [ '2.1.0', '1.3.0' ],
121 silly audit   'is-weakmap': [ '2.0.2' ],
121 silly audit   'is-weakref': [ '1.1.1' ],
121 silly audit   'is-weakset': [ '2.0.4' ],
121 silly audit   'is-wsl': [ '3.1.1' ],
121 silly audit   isarray: [ '2.0.5' ],
121 silly audit   'iterator.prototype': [ '1.1.5' ],
121 silly audit   jiti: [ '2.7.0' ],
121 silly audit   jose: [ '6.2.3' ],
121 silly audit   'js-tokens': [ '4.0.0' ],
121 silly audit   'js-yaml': [ '4.1.1' ],
121 silly audit   jsesc: [ '3.1.0' ],
121 silly audit   'json-buffer': [ '3.0.1' ],
121 silly audit   'json-parse-even-better-errors': [ '2.3.1' ],
121 silly audit   'json-schema-typed': [ '8.0.2' ],
121 silly audit   'json-stable-stringify-without-jsonify': [ '1.0.1' ],
121 silly audit   json5: [ '2.2.3', '1.0.2' ],
121 silly audit   jsonfile: [ '6.2.1' ],
121 silly audit   'jsx-ast-utils': [ '3.3.5' ],
121 silly audit   kareem: [ '3.3.0' ],
121 silly audit   keyv: [ '4.5.4' ],
121 silly audit   kleur: [ '4.1.5', '3.0.3' ],
121 silly audit   'language-subtag-registry': [ '0.3.23' ],
121 silly audit   'language-tags': [ '1.0.9' ],
121 silly audit   lenis: [ '1.3.23' ],
121 silly audit   levn: [ '0.4.1' ],
121 silly audit   lightningcss: [ '1.32.0' ],
121 silly audit   'lightningcss-android-arm64': [ '1.32.0' ],
121 silly audit   'lightningcss-darwin-arm64': [ '1.32.0' ],
121 silly audit   'lightningcss-darwin-x64': [ '1.32.0' ],
121 silly audit   'lightningcss-freebsd-x64': [ '1.32.0' ],
121 silly audit   'lightningcss-linux-arm-gnueabihf': [ '1.32.0' ],
121 silly audit   'lightningcss-linux-arm64-gnu': [ '1.32.0' ],
121 silly audit   'lightningcss-linux-arm64-musl': [ '1.32.0' ],
121 silly audit   'lightningcss-linux-x64-gnu': [ '1.32.0' ],
121 silly audit   'lightningcss-linux-x64-musl': [ '1.32.0' ],
121 silly audit   'lightningcss-win32-arm64-msvc': [ '1.32.0' ],
121 silly audit   'lightningcss-win32-x64-msvc': [ '1.32.0' ],
121 silly audit   'lines-and-columns': [ '1.2.4' ],
121 silly audit   'locate-path': [ '6.0.0' ],
121 silly audit   'lodash.merge': [ '4.6.2' ],
121 silly audit   'log-symbols': [ '6.0.0' ],
121 silly audit   'loose-envify': [ '1.4.0' ],
121 silly audit   'lru-cache': [ '5.1.1' ],
121 silly audit   'lucide-react': [ '1.16.0' ],
121 silly audit   'magic-string': [ '0.30.21' ],
121 silly audit   'math-intrinsics': [ '1.1.0' ],
121 silly audit   'media-typer': [ '1.1.0' ],
121 silly audit   'memory-pager': [ '1.5.0' ],
121 silly audit   'merge-descriptors': [ '2.0.0' ],
121 silly audit   'merge-stream': [ '2.0.0' ],
121 silly audit   merge2: [ '1.4.1' ],
121 silly audit   micromatch: [ '4.0.8' ],
121 silly audit   'mime-db': [ '1.54.0' ],
121 silly audit   'mime-types': [ '3.0.2' ],
121 silly audit   'mimic-fn': [ '2.1.0' ],
121 silly audit   'mimic-function': [ '5.0.1' ],
121 silly audit   minimist: [ '1.2.8' ],
121 silly audit   mongodb: [ '7.2.0' ],
121 silly audit   'mongodb-connection-string-url': [ '7.0.1' ],
121 silly audit   mongoose: [ '9.7.0' ],
121 silly audit   motion: [ '12.40.0' ],
121 silly audit   'motion-dom': [ '12.40.0' ],
121 silly audit   'motion-utils': [ '12.39.0' ],
121 silly audit   mpath: [ '0.9.0' ],
121 silly audit   mquery: [ '6.0.0' ],
121 silly audit   ms: [ '2.1.3' ],
121 silly audit   msw: [ '2.14.6' ],
121 silly audit   'mute-stream': [ '3.0.0' ],
121 silly audit   nanoid: [ '3.3.12' ],
121 silly audit   'napi-postinstall': [ '0.3.4' ],
121 silly audit   'natural-compare': [ '1.4.0' ],
121 silly audit   negotiator: [ '1.0.0' ],
121 silly audit   next: [ '16.2.6' ],
121 silly audit   postcss: [ '8.4.31', '8.5.15' ],
121 silly audit   'node-domexception': [ '1.0.0' ],
121 silly audit   'node-exports-info': [ '1.6.0' ],
121 silly audit   'node-fetch': [ '3.3.2' ],
121 silly audit   'node-releases': [ '2.0.45' ],
121 silly audit   'path-key': [ '4.0.0', '3.1.1' ],
121 silly audit   'object-assign': [ '4.1.1' ],
121 silly audit   'object-inspect': [ '1.13.4' ],
121 silly audit   'object-keys': [ '1.1.1' ],
121 silly audit   'object-treeify': [ '1.1.33' ],
121 silly audit   'object.assign': [ '4.1.7' ],
121 silly audit   'object.entries': [ '1.1.9' ],
121 silly audit   'object.fromentries': [ '2.0.8' ],
121 silly audit   'object.groupby': [ '1.0.3' ],
121 silly audit   'object.values': [ '1.2.1' ],
121 silly audit   'on-finished': [ '2.4.1' ],
121 silly audit   once: [ '1.4.0' ],
121 silly audit   open: [ '11.0.0' ],
121 silly audit   optionator: [ '0.9.4' ],
121 silly audit   ora: [ '8.2.0' ],
121 silly audit   outvariant: [ '1.4.3' ],
121 silly audit   'own-keys': [ '1.0.1' ],
121 silly audit   'p-limit': [ '3.1.0' ],
121 silly audit   'p-locate': [ '5.0.0' ],
121 silly audit   'parent-module': [ '1.0.1' ],
121 silly audit   'parse-json': [ '5.2.0' ],
121 silly audit   'parse-ms': [ '4.0.0' ],
121 silly audit   parseurl: [ '1.3.3' ],
121 silly audit   'path-browserify': [ '1.0.1' ],
121 silly audit   'path-exists': [ '4.0.0' ],
121 silly audit   'path-parse': [ '1.0.7' ],
121 silly audit   'path-to-regexp': [ '6.3.0', '8.4.2' ],
121 silly audit   picocolors: [ '1.1.1' ],
121 silly audit   'pkce-challenge': [ '5.0.1' ],
121 silly audit   'possible-typed-array-names': [ '1.1.0' ],
121 silly audit   'postcss-selector-parser': [ '7.1.1' ],
121 silly audit   'powershell-utils': [ '0.1.0' ],
121 silly audit   'prelude-ls': [ '1.2.1' ],
121 silly audit   'pretty-ms': [ '9.3.0' ],
121 silly audit   prompts: [ '2.4.2' ],
121 silly audit   'prop-types': [ '15.8.1' ],
121 silly audit   'proxy-addr': [ '2.0.7' ],
121 silly audit   punycode: [ '2.3.1' ],
121 silly audit   qs: [ '6.15.2' ],
121 silly audit   'queue-microtask': [ '1.2.3' ],
121 silly audit   'radix-ui': [ '1.4.3' ],
121 silly audit   'range-parser': [ '1.2.1' ],
121 silly audit   'raw-body': [ '3.0.2' ],
121 silly audit   react: [ '19.2.4' ],
121 silly audit   'react-dom': [ '19.2.4' ],
121 silly audit   'react-is': [ '16.13.1' ],
121 silly audit   'react-remove-scroll': [ '2.7.2' ],
121 silly audit   'react-remove-scroll-bar': [ '2.3.8' ],
121 silly audit   'react-style-singleton': [ '2.2.3' ],
121 silly audit   recast: [ '0.23.11' ],
121 silly audit   'reflect.getprototypeof': [ '1.0.10' ],
121 silly audit   'regexp.prototype.flags': [ '1.5.4' ],
121 silly audit   'require-directory': [ '2.1.1' ],
121 silly audit   'require-from-string': [ '2.0.2' ],
121 silly audit   reselect: [ '5.2.0' ],
121 silly audit   resolve: [ '2.0.0-next.7' ],
121 silly audit   'resolve-from': [ '4.0.0' ],
121 silly audit   'resolve-pkg-maps': [ '1.0.0' ],
121 silly audit   'restore-cursor': [ '5.1.0' ],
121 silly audit   rettime: [ '0.11.11' ],
121 silly audit   reusify: [ '1.1.0' ],
121 silly audit   router: [ '2.2.0' ],
121 silly audit   'run-applescript': [ '7.1.0' ],
121 silly audit   'run-parallel': [ '1.2.0' ],
121 silly audit   'safe-array-concat': [ '1.1.4' ],
121 silly audit   'safe-push-apply': [ '1.0.0' ],
121 silly audit   'safe-regex-test': [ '1.1.0' ],
121 silly audit   'safer-buffer': [ '2.1.2' ],
121 silly audit   scheduler: [ '0.27.0' ],
121 silly audit   send: [ '1.2.1' ],
121 silly audit   'serve-static': [ '2.2.1' ],
121 silly audit   'set-cookie-parser': [ '3.1.0' ],
121 silly audit   'set-function-length': [ '1.2.2' ],
121 silly audit   'set-function-name': [ '2.0.2' ],
121 silly audit   'set-proto': [ '1.0.0' ],
121 silly audit   setprototypeof: [ '1.2.0' ],
121 silly audit   shadcn: [ '4.8.0' ],
121 silly audit   'tsconfig-paths': [ '4.2.0', '3.15.0' ],
121 silly audit   zod: [ '3.25.76', '4.4.3' ],
121 silly audit   sharp: [ '0.34.5' ],
121 silly audit   'shebang-command': [ '2.0.0' ],
121 silly audit   'shebang-regex': [ '3.0.0' ],
121 silly audit   'side-channel': [ '1.1.0' ],
121 silly audit   'side-channel-list': [ '1.0.1' ],
121 silly audit   'side-channel-map': [ '1.0.1' ],
121 silly audit   'side-channel-weakmap': [ '1.0.2' ],
121 silly audit   sift: [ '17.1.3' ],
121 silly audit   sisteransi: [ '1.0.5' ],
121 silly audit   'source-map': [ '0.6.1' ],
121 silly audit   'source-map-js': [ '1.2.1' ],
121 silly audit   'sparse-bitfield': [ '3.0.3' ],
121 silly audit   'stable-hash': [ '0.0.5' ],
121 silly audit   statuses: [ '2.0.2' ],
121 silly audit   'stdin-discarder': [ '0.2.2' ],
121 silly audit   'stop-iteration-iterator': [ '1.1.0' ],
121 silly audit   'strict-event-emitter': [ '0.5.1' ],
121 silly audit   'string.prototype.includes': [ '2.0.1' ],
121 silly audit   'string.prototype.matchall': [ '4.0.12' ],
121 silly audit   'string.prototype.repeat': [ '1.0.0' ],
121 silly audit   'string.prototype.trim': [ '1.2.10' ],
121 silly audit   'string.prototype.trimend': [ '1.0.9' ],
121 silly audit   'string.prototype.trimstart': [ '1.0.8' ],
121 silly audit   'stringify-object': [ '5.0.0' ],
121 silly audit   'strip-bom': [ '3.0.0' ],
121 silly audit   'strip-json-comments': [ '3.1.1' ],
121 silly audit   'styled-jsx': [ '5.1.6' ],
121 silly audit   'supports-color': [ '7.2.0' ],
121 silly audit   'supports-preserve-symlinks-flag': [ '1.0.0' ],
121 silly audit   'tagged-tag': [ '1.0.0' ],
121 silly audit   'tailwind-merge': [ '3.6.0' ],
121 silly audit   tailwindcss: [ '4.3.0' ],
121 silly audit   tapable: [ '2.3.3' ],
121 silly audit   'tiny-invariant': [ '1.3.3' ],
121 silly audit   tinyglobby: [ '0.2.16' ],
121 silly audit   tldts: [ '7.0.30' ],
121 silly audit   'tldts-core': [ '7.0.30' ],
121 silly audit   'to-regex-range': [ '5.0.1' ],
121 silly audit   toidentifier: [ '1.0.1' ],
121 silly audit   'tough-cookie': [ '6.0.1' ],
121 silly audit   tr46: [ '5.1.1' ],
121 silly audit   'ts-api-utils': [ '2.5.0' ],
121 silly audit   'ts-morph': [ '26.0.0' ],
121 silly audit   tslib: [ '2.8.1' ],
121 silly audit   'tw-animate-css': [ '1.4.0' ],
121 silly audit   'type-check': [ '0.4.0' ],
121 silly audit   'type-fest': [ '5.6.0' ],
121 silly audit   'type-is': [ '2.1.0' ],
121 silly audit   'typed-array-buffer': [ '1.0.3' ],
121 silly audit   'typed-array-byte-length': [ '1.0.3' ],
121 silly audit   'typed-array-byte-offset': [ '1.0.4' ],
121 silly audit   'typed-array-length': [ '1.0.7' ],
121 silly audit   typescript: [ '6.0.3' ],
121 silly audit   'typescript-eslint': [ '8.59.4' ],
121 silly audit   'unbox-primitive': [ '1.1.0' ],
121 silly audit   'undici-types': [ '7.24.6' ],
121 silly audit   'unicorn-magic': [ '0.3.0' ],
121 silly audit   universalify: [ '2.0.1' ],
121 silly audit   unpipe: [ '1.0.0' ],
121 silly audit   'unrs-resolver': [ '1.12.2' ],
121 silly audit   'until-async': [ '3.0.2' ],
121 silly audit   'update-browserslist-db': [ '1.2.3' ],
121 silly audit   'uri-js': [ '4.4.1' ],
121 silly audit   'use-callback-ref': [ '1.3.3' ],
121 silly audit   'use-sidecar': [ '1.1.3' ],
121 silly audit   'use-sync-external-store': [ '1.6.0' ],
121 silly audit   'util-deprecate': [ '1.0.2' ],
121 silly audit   'validate-npm-package-name': [ '7.0.2' ],
121 silly audit   vary: [ '1.1.2' ],
121 silly audit   'web-streams-polyfill': [ '3.3.3' ],
121 silly audit   'webidl-conversions': [ '7.0.0' ],
121 silly audit   'whatwg-url': [ '14.2.0' ],
121 silly audit   'which-boxed-primitive': [ '1.1.1' ],
121 silly audit   'which-builtin-type': [ '1.2.1' ],
121 silly audit   'which-collection': [ '1.0.2' ],
121 silly audit   'which-typed-array': [ '1.1.20' ],
121 silly audit   'word-wrap': [ '1.2.5' ],
121 silly audit   'wrap-ansi': [ '7.0.0' ],
121 silly audit   wrappy: [ '1.0.2' ],
121 silly audit   'wsl-utils': [ '0.3.1' ],
121 silly audit   y18n: [ '5.0.8' ],
121 silly audit   yallist: [ '3.1.1' ],
121 silly audit   yargs: [ '17.7.2' ],
121 silly audit   'yargs-parser': [ '21.1.1' ],
121 silly audit   'yocto-queue': [ '0.1.0' ],
121 silly audit   'yocto-spinner': [ '1.2.0' ],
121 silly audit   yoctocolors: [ '2.1.2' ],
121 silly audit   'zod-to-json-schema': [ '3.25.2' ],
121 silly audit   'zod-validation-error': [ '4.0.2' ],
121 silly audit   '@sanity/client': [ '7.23.0' ],
121 silly audit   '@sanity/image-url': [ '2.1.1' ],
121 silly audit   '@sanity/eventsource': [ '5.0.2' ],
121 silly audit   'get-it': [ '8.8.0' ],
121 silly audit   rxjs: [ '7.8.2' ],
121 silly audit   '@types/event-source-polyfill': [ '1.0.5' ],
121 silly audit   '@types/eventsource': [ '1.1.15' ],
121 silly audit   'event-source-polyfill': [ '1.0.31' ],
121 silly audit   '@sanity/signed-urls': [ '2.0.4' ],
121 silly audit   '@noble/ed25519': [ '3.1.0' ],
121 silly audit   'decompress-response': [ '7.0.0' ],
121 silly audit   'is-retry-allowed': [ '2.2.0' ],
121 silly audit   through2: [ '4.0.2' ],
121 silly audit   'tunnel-agent': [ '0.6.0' ],
121 silly audit   'mimic-response': [ '3.1.0' ],
121 silly audit   'readable-stream': [ '3.6.2' ],
121 silly audit   string_decoder: [ '1.3.0' ],
121 silly audit   'safe-buffer': [ '5.2.1' ],
121 silly audit   '@tailwindcss/oxide-wasm32-wasi': [ '4.3.0' ]
121 silly audit }
122 verbose reify failed optional dependency /Users/ayushmantalukdar/Documents/Projects/Rabt/rabt/node_modules/lightningcss-win32-x64-msvc
123 silly reify mark deleted [
123 silly reify   '/Users/ayushmantalukdar/Documents/Projects/Rabt/rabt/node_modules/lightningcss-win32-x64-msvc'
123 silly reify ]
124 verbose reify failed optional dependency /Users/ayushmantalukdar/Documents/Projects/Rabt/rabt/node_modules/lightningcss-win32-arm64-msvc
125 silly reify mark deleted [
125 silly reify   '/Users/ayushmantalukdar/Documents/Projects/Rabt/rabt/node_modules/lightningcss-win32-arm64-msvc'
125 silly reify ]
126 verbose reify failed optional dependency /Users/ayushmantalukdar/Documents/Projects/Rabt/rabt/node_modules/lightningcss-linux-x64-musl
127 silly reify mark deleted [
127 silly reify   '/Users/ayushmantalukdar/Documents/Projects/Rabt/rabt/node_modules/lightningcss-linux-x64-musl'
127 silly reify ]
128 verbose reify failed optional dependency /Users/ayushmantalukdar/Documents/Projects/Rabt/rabt/node_modules/lightningcss-linux-x64-gnu
129 silly reify mark deleted [
129 silly reify   '/Users/ayushmantalukdar/Documents/Projects/Rabt/rabt/node_modules/lightningcss-linux-x64-gnu'
129 silly reify ]
130 verbose reify failed optional dependency /Users/ayushmantalukdar/Documents/Projects/Rabt/rabt/node_modules/lightningcss-linux-arm64-musl
131 silly reify mark deleted [
131 silly reify   '/Users/ayushmantalukdar/Documents/Projects/Rabt/rabt/node_modules/lightningcss-linux-arm64-musl'
131 silly reify ]
132 verbose reify failed optional dependency /Users/ayushmantalukdar/Documents/Projects/Rabt/rabt/node_modules/lightningcss-linux-arm64-gnu
133 silly reify mark deleted [
133 silly reify   '/Users/ayushmantalukdar/Documents/Projects/Rabt/rabt/node_modules/lightningcss-linux-arm64-gnu'
133 silly reify ]
134 verbose reify failed optional dependency /Users/ayushmantalukdar/Documents/Projects/Rabt/rabt/node_modules/lightningcss-linux-arm-gnueabihf
135 silly reify mark deleted [
135 silly reify   '/Users/ayushmantalukdar/Documents/Projects/Rabt/rabt/node_modules/lightningcss-linux-arm-gnueabihf'
135 silly reify ]
136 verbose reify failed optional dependency /Users/ayushmantalukdar/Documents/Projects/Rabt/rabt/node_modules/lightningcss-freebsd-x64
137 silly reify mark deleted [
137 silly reify   '/Users/ayushmantalukdar/Documents/Projects/Rabt/rabt/node_modules/lightningcss-freebsd-x64'
137 silly reify ]
138 verbose reify failed optional dependency /Users/ayushmantalukdar/Documents/Projects/Rabt/rabt/node_modules/lightningcss-darwin-x64
139 silly reify mark deleted [
139 silly reify   '/Users/ayushmantalukdar/Documents/Projects/Rabt/rabt/node_modules/lightningcss-darwin-x64'
139 silly reify ]
140 verbose reify failed optional dependency /Users/ayushmantalukdar/Documents/Projects/Rabt/rabt/node_modules/lightningcss-android-arm64
141 silly reify mark deleted [
141 silly reify   '/Users/ayushmantalukdar/Documents/Projects/Rabt/rabt/node_modules/lightningcss-android-arm64'
141 silly reify ]
142 verbose reify failed optional dependency /Users/ayushmantalukdar/Documents/Projects/Rabt/rabt/node_modules/@unrs/resolver-binding-win32-x64-msvc
143 silly reify mark deleted [
143 silly reify   '/Users/ayushmantalukdar/Documents/Projects/Rabt/rabt/node_modules/@unrs/resolver-binding-win32-x64-msvc'
143 silly reify ]
144 verbose reify failed optional dependency /Users/ayushmantalukdar/Documents/Projects/Rabt/rabt/node_modules/@unrs/resolver-binding-win32-ia32-msvc
145 silly reify mark deleted [
145 silly reify   '/Users/ayushmantalukdar/Documents/Projects/Rabt/rabt/node_modules/@unrs/resolver-binding-win32-ia32-msvc'
145 silly reify ]
146 verbose reify failed optional dependency /Users/ayushmantalukdar/Documents/Projects/Rabt/rabt/node_modules/@unrs/resolver-binding-win32-arm64-msvc
147 silly reify mark deleted [
147 silly reify   '/Users/ayushmantalukdar/Documents/Projects/Rabt/rabt/node_modules/@unrs/resolver-binding-win32-arm64-msvc'
147 silly reify ]
148 verbose reify failed optional dependency /Users/ayushmantalukdar/Documents/Projects/Rabt/rabt/node_modules/@unrs/resolver-binding-wasm32-wasi
149 silly reify mark deleted [
149 silly reify   '/Users/ayushmantalukdar/Documents/Projects/Rabt/rabt/node_modules/@unrs/resolver-binding-wasm32-wasi'
149 silly reify ]
150 verbose reify failed optional dependency /Users/ayushmantalukdar/Documents/Projects/Rabt/rabt/node_modules/@unrs/resolver-binding-openharmony-arm64
151 silly reify mark deleted [
151 silly reify   '/Users/ayushmantalukdar/Documents/Projects/Rabt/rabt/node_modules/@unrs/resolver-binding-openharmony-arm64'
151 silly reify ]
152 verbose reify failed optional dependency /Users/ayushmantalukdar/Documents/Projects/Rabt/rabt/node_modules/@unrs/resolver-binding-linux-x64-musl
153 silly reify mark deleted [
153 silly reify   '/Users/ayushmantalukdar/Documents/Projects/Rabt/rabt/node_modules/@unrs/resolver-binding-linux-x64-musl'
153 silly reify ]
154 verbose reify failed optional dependency /Users/ayushmantalukdar/Documents/Projects/Rabt/rabt/node_modules/@unrs/resolver-binding-linux-x64-gnu
155 silly reify mark deleted [
155 silly reify   '/Users/ayushmantalukdar/Documents/Projects/Rabt/rabt/node_modules/@unrs/resolver-binding-linux-x64-gnu'
155 silly reify ]
156 verbose reify failed optional dependency /Users/ayushmantalukdar/Documents/Projects/Rabt/rabt/node_modules/@unrs/resolver-binding-linux-s390x-gnu
157 silly reify mark deleted [
157 silly reify   '/Users/ayushmantalukdar/Documents/Projects/Rabt/rabt/node_modules/@unrs/resolver-binding-linux-s390x-gnu'
157 silly reify ]
158 verbose reify failed optional dependency /Users/ayushmantalukdar/Documents/Projects/Rabt/rabt/node_modules/@unrs/resolver-binding-linux-riscv64-musl
159 silly reify mark deleted [
159 silly reify   '/Users/ayushmantalukdar/Documents/Projects/Rabt/rabt/node_modules/@unrs/resolver-binding-linux-riscv64-musl'
159 silly reify ]
160 verbose reify failed optional dependency /Users/ayushmantalukdar/Documents/Projects/Rabt/rabt/node_modules/@unrs/resolver-binding-linux-riscv64-gnu
161 silly reify mark deleted [
161 silly reify   '/Users/ayushmantalukdar/Documents/Projects/Rabt/rabt/node_modules/@unrs/resolver-binding-linux-riscv64-gnu'
161 silly reify ]
162 verbose reify failed optional dependency /Users/ayushmantalukdar/Documents/Projects/Rabt/rabt/node_modules/@unrs/resolver-binding-linux-ppc64-gnu
163 silly reify mark deleted [
163 silly reify   '/Users/ayushmantalukdar/Documents/Projects/Rabt/rabt/node_modules/@unrs/resolver-binding-linux-ppc64-gnu'
163 silly reify ]
164 verbose reify failed optional dependency /Users/ayushmantalukdar/Documents/Projects/Rabt/rabt/node_modules/@unrs/resolver-binding-linux-loong64-musl
165 silly reify mark deleted [
165 silly reify   '/Users/ayushmantalukdar/Documents/Projects/Rabt/rabt/node_modules/@unrs/resolver-binding-linux-loong64-musl'
165 silly reify ]
166 verbose reify failed optional dependency /Users/ayushmantalukdar/Documents/Projects/Rabt/rabt/node_modules/@unrs/resolver-binding-linux-loong64-gnu
167 silly reify mark deleted [
167 silly reify   '/Users/ayushmantalukdar/Documents/Projects/Rabt/rabt/node_modules/@unrs/resolver-binding-linux-loong64-gnu'
167 silly reify ]
168 verbose reify failed optional dependency /Users/ayushmantalukdar/Documents/Projects/Rabt/rabt/node_modules/@unrs/resolver-binding-linux-arm64-musl
169 silly reify mark deleted [
169 silly reify   '/Users/ayushmantalukdar/Documents/Projects/Rabt/rabt/node_modules/@unrs/resolver-binding-linux-arm64-musl'
169 silly reify ]
170 verbose reify failed optional dependency /Users/ayushmantalukdar/Documents/Projects/Rabt/rabt/node_modules/@unrs/resolver-binding-linux-arm64-gnu
171 silly reify mark deleted [
171 silly reify   '/Users/ayushmantalukdar/Documents/Projects/Rabt/rabt/node_modules/@unrs/resolver-binding-linux-arm64-gnu'
171 silly reify ]
172 verbose reify failed optional dependency /Users/ayushmantalukdar/Documents/Projects/Rabt/rabt/node_modules/@unrs/resolver-binding-linux-arm-musleabihf
173 silly reify mark deleted [
173 silly reify   '/Users/ayushmantalukdar/Documents/Projects/Rabt/rabt/node_modules/@unrs/resolver-binding-linux-arm-musleabihf'
173 silly reify ]
174 verbose reify failed optional dependency /Users/ayushmantalukdar/Documents/Projects/Rabt/rabt/node_modules/@unrs/resolver-binding-linux-arm-gnueabihf
175 silly reify mark deleted [
175 silly reify   '/Users/ayushmantalukdar/Documents/Projects/Rabt/rabt/node_modules/@unrs/resolver-binding-linux-arm-gnueabihf'
175 silly reify ]
176 verbose reify failed optional dependency /Users/ayushmantalukdar/Documents/Projects/Rabt/rabt/node_modules/@unrs/resolver-binding-freebsd-x64
177 silly reify mark deleted [
177 silly reify   '/Users/ayushmantalukdar/Documents/Projects/Rabt/rabt/node_modules/@unrs/resolver-binding-freebsd-x64'
177 silly reify ]
178 verbose reify failed optional dependency /Users/ayushmantalukdar/Documents/Projects/Rabt/rabt/node_modules/@unrs/resolver-binding-darwin-x64
179 silly reify mark deleted [
179 silly reify   '/Users/ayushmantalukdar/Documents/Projects/Rabt/rabt/node_modules/@unrs/resolver-binding-darwin-x64'
179 silly reify ]
180 verbose reify failed optional dependency /Users/ayushmantalukdar/Documents/Projects/Rabt/rabt/node_modules/@unrs/resolver-binding-android-arm64
181 silly reify mark deleted [
181 silly reify   '/Users/ayushmantalukdar/Documents/Projects/Rabt/rabt/node_modules/@unrs/resolver-binding-android-arm64'
181 silly reify ]
182 verbose reify failed optional dependency /Users/ayushmantalukdar/Documents/Projects/Rabt/rabt/node_modules/@unrs/resolver-binding-android-arm-eabi
183 silly reify mark deleted [
183 silly reify   '/Users/ayushmantalukdar/Documents/Projects/Rabt/rabt/node_modules/@unrs/resolver-binding-android-arm-eabi'
183 silly reify ]
184 verbose reify failed optional dependency /Users/ayushmantalukdar/Documents/Projects/Rabt/rabt/node_modules/@tailwindcss/oxide-win32-x64-msvc
185 silly reify mark deleted [
185 silly reify   '/Users/ayushmantalukdar/Documents/Projects/Rabt/rabt/node_modules/@tailwindcss/oxide-win32-x64-msvc'
185 silly reify ]
186 verbose reify failed optional dependency /Users/ayushmantalukdar/Documents/Projects/Rabt/rabt/node_modules/@tailwindcss/oxide-win32-arm64-msvc
187 silly reify mark deleted [
187 silly reify   '/Users/ayushmantalukdar/Documents/Projects/Rabt/rabt/node_modules/@tailwindcss/oxide-win32-arm64-msvc'
187 silly reify ]
188 verbose reify failed optional dependency /Users/ayushmantalukdar/Documents/Projects/Rabt/rabt/node_modules/@tailwindcss/oxide-linux-x64-musl
189 silly reify mark deleted [
189 silly reify   '/Users/ayushmantalukdar/Documents/Projects/Rabt/rabt/node_modules/@tailwindcss/oxide-linux-x64-musl'
189 silly reify ]
190 verbose reify failed optional dependency /Users/ayushmantalukdar/Documents/Projects/Rabt/rabt/node_modules/@tailwindcss/oxide-linux-x64-gnu
191 silly reify mark deleted [
191 silly reify   '/Users/ayushmantalukdar/Documents/Projects/Rabt/rabt/node_modules/@tailwindcss/oxide-linux-x64-gnu'
191 silly reify ]
192 verbose reify failed optional dependency /Users/ayushmantalukdar/Documents/Projects/Rabt/rabt/node_modules/@tailwindcss/oxide-linux-arm64-musl
193 silly reify mark deleted [
193 silly reify   '/Users/ayushmantalukdar/Documents/Projects/Rabt/rabt/node_modules/@tailwindcss/oxide-linux-arm64-musl'
193 silly reify ]
194 verbose reify failed optional dependency /Users/ayushmantalukdar/Documents/Projects/Rabt/rabt/node_modules/@tailwindcss/oxide-linux-arm64-gnu
195 silly reify mark deleted [
195 silly reify   '/Users/ayushmantalukdar/Documents/Projects/Rabt/rabt/node_modules/@tailwindcss/oxide-linux-arm64-gnu'
195 silly reify ]
196 verbose reify failed optional dependency /Users/ayushmantalukdar/Documents/Projects/Rabt/rabt/node_modules/@tailwindcss/oxide-linux-arm-gnueabihf
197 silly reify mark deleted [
197 silly reify   '/Users/ayushmantalukdar/Documents/Projects/Rabt/rabt/node_modules/@tailwindcss/oxide-linux-arm-gnueabihf'
197 silly reify ]
198 verbose reify failed optional dependency /Users/ayushmantalukdar/Documents/Projects/Rabt/rabt/node_modules/@tailwindcss/oxide-freebsd-x64
199 silly reify mark deleted [
199 silly reify   '/Users/ayushmantalukdar/Documents/Projects/Rabt/rabt/node_modules/@tailwindcss/oxide-freebsd-x64'
199 silly reify ]
200 verbose reify failed optional dependency /Users/ayushmantalukdar/Documents/Projects/Rabt/rabt/node_modules/@tailwindcss/oxide-darwin-x64
201 silly reify mark deleted [
201 silly reify   '/Users/ayushmantalukdar/Documents/Projects/Rabt/rabt/node_modules/@tailwindcss/oxide-darwin-x64'
201 silly reify ]
202 verbose reify failed optional dependency /Users/ayushmantalukdar/Documents/Projects/Rabt/rabt/node_modules/@tailwindcss/oxide-android-arm64
203 silly reify mark deleted [
203 silly reify   '/Users/ayushmantalukdar/Documents/Projects/Rabt/rabt/node_modules/@tailwindcss/oxide-android-arm64'
203 silly reify ]
204 verbose reify failed optional dependency /Users/ayushmantalukdar/Documents/Projects/Rabt/rabt/node_modules/@next/swc-win32-x64-msvc
205 silly reify mark deleted [
205 silly reify   '/Users/ayushmantalukdar/Documents/Projects/Rabt/rabt/node_modules/@next/swc-win32-x64-msvc'
205 silly reify ]
206 verbose reify failed optional dependency /Users/ayushmantalukdar/Documents/Projects/Rabt/rabt/node_modules/@next/swc-win32-arm64-msvc
207 silly reify mark deleted [
207 silly reify   '/Users/ayushmantalukdar/Documents/Projects/Rabt/rabt/node_modules/@next/swc-win32-arm64-msvc'
207 silly reify ]
208 verbose reify failed optional dependency /Users/ayushmantalukdar/Documents/Projects/Rabt/rabt/node_modules/@next/swc-linux-x64-musl
209 silly reify mark deleted [
209 silly reify   '/Users/ayushmantalukdar/Documents/Projects/Rabt/rabt/node_modules/@next/swc-linux-x64-musl'
209 silly reify ]
210 verbose reify failed optional dependency /Users/ayushmantalukdar/Documents/Projects/Rabt/rabt/node_modules/@next/swc-linux-x64-gnu
211 silly reify mark deleted [
211 silly reify   '/Users/ayushmantalukdar/Documents/Projects/Rabt/rabt/node_modules/@next/swc-linux-x64-gnu'
211 silly reify ]
212 verbose reify failed optional dependency /Users/ayushmantalukdar/Documents/Projects/Rabt/rabt/node_modules/@next/swc-linux-arm64-musl
213 silly reify mark deleted [
213 silly reify   '/Users/ayushmantalukdar/Documents/Projects/Rabt/rabt/node_modules/@next/swc-linux-arm64-musl'
213 silly reify ]
214 verbose reify failed optional dependency /Users/ayushmantalukdar/Documents/Projects/Rabt/rabt/node_modules/@next/swc-linux-arm64-gnu
215 silly reify mark deleted [
215 silly reify   '/Users/ayushmantalukdar/Documents/Projects/Rabt/rabt/node_modules/@next/swc-linux-arm64-gnu'
215 silly reify ]
216 verbose reify failed optional dependency /Users/ayushmantalukdar/Documents/Projects/Rabt/rabt/node_modules/@next/swc-darwin-x64
217 silly reify mark deleted [
217 silly reify   '/Users/ayushmantalukdar/Documents/Projects/Rabt/rabt/node_modules/@next/swc-darwin-x64'
217 silly reify ]
218 verbose reify failed optional dependency /Users/ayushmantalukdar/Documents/Projects/Rabt/rabt/node_modules/@img/sharp-win32-x64
219 silly reify mark deleted [
219 silly reify   '/Users/ayushmantalukdar/Documents/Projects/Rabt/rabt/node_modules/@img/sharp-win32-x64'
219 silly reify ]
220 verbose reify failed optional dependency /Users/ayushmantalukdar/Documents/Projects/Rabt/rabt/node_modules/@img/sharp-win32-ia32
221 silly reify mark deleted [
221 silly reify   '/Users/ayushmantalukdar/Documents/Projects/Rabt/rabt/node_modules/@img/sharp-win32-ia32'
221 silly reify ]
222 verbose reify failed optional dependency /Users/ayushmantalukdar/Documents/Projects/Rabt/rabt/node_modules/@img/sharp-win32-arm64
223 silly reify mark deleted [
223 silly reify   '/Users/ayushmantalukdar/Documents/Projects/Rabt/rabt/node_modules/@img/sharp-win32-arm64'
223 silly reify ]
224 verbose reify failed optional dependency /Users/ayushmantalukdar/Documents/Projects/Rabt/rabt/node_modules/@img/sharp-wasm32
225 silly reify mark deleted [
225 silly reify   '/Users/ayushmantalukdar/Documents/Projects/Rabt/rabt/node_modules/@img/sharp-wasm32'
225 silly reify ]
226 verbose reify failed optional dependency /Users/ayushmantalukdar/Documents/Projects/Rabt/rabt/node_modules/@img/sharp-linuxmusl-x64
227 silly reify mark deleted [
227 silly reify   '/Users/ayushmantalukdar/Documents/Projects/Rabt/rabt/node_modules/@img/sharp-linuxmusl-x64'
227 silly reify ]
228 verbose reify failed optional dependency /Users/ayushmantalukdar/Documents/Projects/Rabt/rabt/node_modules/@img/sharp-linuxmusl-arm64
229 silly reify mark deleted [
229 silly reify   '/Users/ayushmantalukdar/Documents/Projects/Rabt/rabt/node_modules/@img/sharp-linuxmusl-arm64'
229 silly reify ]
230 verbose reify failed optional dependency /Users/ayushmantalukdar/Documents/Projects/Rabt/rabt/node_modules/@img/sharp-linux-x64
231 silly reify mark deleted [
231 silly reify   '/Users/ayushmantalukdar/Documents/Projects/Rabt/rabt/node_modules/@img/sharp-linux-x64'
231 silly reify ]
232 verbose reify failed optional dependency /Users/ayushmantalukdar/Documents/Projects/Rabt/rabt/node_modules/@img/sharp-linux-s390x
233 silly reify mark deleted [
233 silly reify   '/Users/ayushmantalukdar/Documents/Projects/Rabt/rabt/node_modules/@img/sharp-linux-s390x'
233 silly reify ]
234 verbose reify failed optional dependency /Users/ayushmantalukdar/Documents/Projects/Rabt/rabt/node_modules/@img/sharp-linux-riscv64
235 silly reify mark deleted [
235 silly reify   '/Users/ayushmantalukdar/Documents/Projects/Rabt/rabt/node_modules/@img/sharp-linux-riscv64'
235 silly reify ]
236 verbose reify failed optional dependency /Users/ayushmantalukdar/Documents/Projects/Rabt/rabt/node_modules/@img/sharp-linux-ppc64
237 silly reify mark deleted [
237 silly reify   '/Users/ayushmantalukdar/Documents/Projects/Rabt/rabt/node_modules/@img/sharp-linux-ppc64'
237 silly reify ]
238 verbose reify failed optional dependency /Users/ayushmantalukdar/Documents/Projects/Rabt/rabt/node_modules/@img/sharp-linux-arm64
239 silly reify mark deleted [
239 silly reify   '/Users/ayushmantalukdar/Documents/Projects/Rabt/rabt/node_modules/@img/sharp-linux-arm64'
239 silly reify ]
240 verbose reify failed optional dependency /Users/ayushmantalukdar/Documents/Projects/Rabt/rabt/node_modules/@img/sharp-linux-arm
241 silly reify mark deleted [
241 silly reify   '/Users/ayushmantalukdar/Documents/Projects/Rabt/rabt/node_modules/@img/sharp-linux-arm'
241 silly reify ]
242 verbose reify failed optional dependency /Users/ayushmantalukdar/Documents/Projects/Rabt/rabt/node_modules/@img/sharp-libvips-linuxmusl-x64
243 silly reify mark deleted [
243 silly reify   '/Users/ayushmantalukdar/Documents/Projects/Rabt/rabt/node_modules/@img/sharp-libvips-linuxmusl-x64'
243 silly reify ]
244 verbose reify failed optional dependency /Users/ayushmantalukdar/Documents/Projects/Rabt/rabt/node_modules/@img/sharp-libvips-linuxmusl-arm64
245 silly reify mark deleted [
245 silly reify   '/Users/ayushmantalukdar/Documents/Projects/Rabt/rabt/node_modules/@img/sharp-libvips-linuxmusl-arm64'
245 silly reify ]
246 verbose reify failed optional dependency /Users/ayushmantalukdar/Documents/Projects/Rabt/rabt/node_modules/@img/sharp-libvips-linux-x64
247 silly reify mark deleted [
247 silly reify   '/Users/ayushmantalukdar/Documents/Projects/Rabt/rabt/node_modules/@img/sharp-libvips-linux-x64'
247 silly reify ]
248 verbose reify failed optional dependency /Users/ayushmantalukdar/Documents/Projects/Rabt/rabt/node_modules/@img/sharp-libvips-linux-s390x
249 silly reify mark deleted [
249 silly reify   '/Users/ayushmantalukdar/Documents/Projects/Rabt/rabt/node_modules/@img/sharp-libvips-linux-s390x'
249 silly reify ]
250 verbose reify failed optional dependency /Users/ayushmantalukdar/Documents/Projects/Rabt/rabt/node_modules/@img/sharp-libvips-linux-riscv64
251 silly reify mark deleted [
251 silly reify   '/Users/ayushmantalukdar/Documents/Projects/Rabt/rabt/node_modules/@img/sharp-libvips-linux-riscv64'
251 silly reify ]
252 verbose reify failed optional dependency /Users/ayushmantalukdar/Documents/Projects/Rabt/rabt/node_modules/@img/sharp-libvips-linux-ppc64
253 silly reify mark deleted [
253 silly reify   '/Users/ayushmantalukdar/Documents/Projects/Rabt/rabt/node_modules/@img/sharp-libvips-linux-ppc64'
253 silly reify ]
254 verbose reify failed optional dependency /Users/ayushmantalukdar/Documents/Projects/Rabt/rabt/node_modules/@img/sharp-libvips-linux-arm64
255 silly reify mark deleted [
255 silly reify   '/Users/ayushmantalukdar/Documents/Projects/Rabt/rabt/node_modules/@img/sharp-libvips-linux-arm64'
255 silly reify ]
256 verbose reify failed optional dependency /Users/ayushmantalukdar/Documents/Projects/Rabt/rabt/node_modules/@img/sharp-libvips-linux-arm
257 silly reify mark deleted [
257 silly reify   '/Users/ayushmantalukdar/Documents/Projects/Rabt/rabt/node_modules/@img/sharp-libvips-linux-arm'
257 silly reify ]
258 verbose reify failed optional dependency /Users/ayushmantalukdar/Documents/Projects/Rabt/rabt/node_modules/@img/sharp-libvips-darwin-x64
259 silly reify mark deleted [
259 silly reify   '/Users/ayushmantalukdar/Documents/Projects/Rabt/rabt/node_modules/@img/sharp-libvips-darwin-x64'
259 silly reify ]
260 verbose reify failed optional dependency /Users/ayushmantalukdar/Documents/Projects/Rabt/rabt/node_modules/@img/sharp-darwin-x64
261 silly reify mark deleted [
261 silly reify   '/Users/ayushmantalukdar/Documents/Projects/Rabt/rabt/node_modules/@img/sharp-darwin-x64'
261 silly reify ]
262 silly tarball no local data for safe-buffer@https://registry.npmjs.org/safe-buffer/-/safe-buffer-5.2.1.tgz. Extracting by manifest.
263 silly tarball no local data for string_decoder@https://registry.npmjs.org/string_decoder/-/string_decoder-1.3.0.tgz. Extracting by manifest.
264 silly tarball no local data for tunnel-agent@https://registry.npmjs.org/tunnel-agent/-/tunnel-agent-0.6.0.tgz. Extracting by manifest.
265 silly tarball no local data for through2@https://registry.npmjs.org/through2/-/through2-4.0.2.tgz. Extracting by manifest.
266 silly tarball no local data for is-retry-allowed@https://registry.npmjs.org/is-retry-allowed/-/is-retry-allowed-2.2.0.tgz. Extracting by manifest.
267 silly tarball no local data for readable-stream@https://registry.npmjs.org/readable-stream/-/readable-stream-3.6.2.tgz. Extracting by manifest.
268 silly tarball no local data for @noble/ed25519@https://registry.npmjs.org/@noble/ed25519/-/ed25519-3.1.0.tgz. Extracting by manifest.
269 silly tarball no local data for decompress-response@https://registry.npmjs.org/decompress-response/-/decompress-response-7.0.0.tgz. Extracting by manifest.
270 silly tarball no local data for @sanity/signed-urls@https://registry.npmjs.org/@sanity/signed-urls/-/signed-urls-2.0.4.tgz. Extracting by manifest.
271 silly tarball no local data for @types/eventsource@https://registry.npmjs.org/@types/eventsource/-/eventsource-1.1.15.tgz. Extracting by manifest.
272 silly tarball no local data for @types/event-source-polyfill@https://registry.npmjs.org/@types/event-source-polyfill/-/event-source-polyfill-1.0.5.tgz. Extracting by manifest.
273 silly tarball no local data for event-source-polyfill@https://registry.npmjs.org/event-source-polyfill/-/event-source-polyfill-1.0.31.tgz. Extracting by manifest.
274 silly tarball no local data for rxjs@https://registry.npmjs.org/rxjs/-/rxjs-7.8.2.tgz. Extracting by manifest.
275 silly tarball no local data for get-it@https://registry.npmjs.org/get-it/-/get-it-8.8.0.tgz. Extracting by manifest.
276 silly tarball no local data for @sanity/eventsource@https://registry.npmjs.org/@sanity/eventsource/-/eventsource-5.0.2.tgz. Extracting by manifest.
277 silly tarball no local data for @sanity/client@https://registry.npmjs.org/@sanity/client/-/client-7.23.0.tgz. Extracting by manifest.
278 silly tarball no local data for @sanity/image-url@https://registry.npmjs.org/@sanity/image-url/-/image-url-2.1.1.tgz. Extracting by manifest.
279 silly tarball no local data for @noble/hashes@https://registry.npmjs.org/@noble/hashes/-/hashes-2.2.0.tgz. Extracting by manifest.
280 silly tarball no local data for eventsource@https://registry.npmjs.org/eventsource/-/eventsource-2.0.2.tgz. Extracting by manifest.
281 silly tarball no local data for mimic-response@https://registry.npmjs.org/mimic-response/-/mimic-response-3.1.0.tgz. Extracting by manifest.
282 http fetch GET 200 https://registry.npmjs.org/tunnel-agent/-/tunnel-agent-0.6.0.tgz 150ms (cache miss)
283 http fetch GET 200 https://registry.npmjs.org/is-retry-allowed/-/is-retry-allowed-2.2.0.tgz 149ms (cache miss)
284 http fetch GET 200 https://registry.npmjs.org/@sanity/client/-/client-7.23.0.tgz 699ms (cache miss)
285 http fetch GET 200 https://registry.npmjs.org/safe-buffer/-/safe-buffer-5.2.1.tgz 916ms (cache miss)
286 http fetch GET 200 https://registry.npmjs.org/through2/-/through2-4.0.2.tgz 1006ms (cache miss)
287 http fetch GET 200 https://registry.npmjs.org/readable-stream/-/readable-stream-3.6.2.tgz 1063ms (cache miss)
288 http fetch GET 200 https://registry.npmjs.org/string_decoder/-/string_decoder-1.3.0.tgz 1143ms (cache miss)
289 http fetch GET 200 https://registry.npmjs.org/decompress-response/-/decompress-response-7.0.0.tgz 1491ms (cache miss)
290 http fetch GET 200 https://registry.npmjs.org/mimic-response/-/mimic-response-3.1.0.tgz 1539ms (cache miss)
291 http fetch POST 200 https://registry.npmjs.org/-/npm/v1/security/advisories/bulk 1570ms
292 silly audit report {
292 silly audit report   '@babel/core': [
292 silly audit report     {
292 silly audit report       id: 1120793,
292 silly audit report       url: 'https://github.com/advisories/GHSA-4x5r-pxfx-6jf8',
292 silly audit report       title: '@babel/core: Arbitrary File Read via sourceMappingURL Comment',
292 silly audit report       severity: 'low',
292 silly audit report       vulnerable_versions: '<=7.29.0',
292 silly audit report       cwe: [Array],
292 silly audit report       cvss: [Object]
292 silly audit report     }
292 silly audit report   ],
292 silly audit report   hono: [
292 silly audit report     {
292 silly audit report       id: 1120910,
292 silly audit report       url: 'https://github.com/advisories/GHSA-wwfh-h76j-fc44',
292 silly audit report       title: 'hono: Path traversal in `serve-static` on Windows via encoded backslash (`%5C`)',
292 silly audit report       severity: 'moderate',
292 silly audit report       vulnerable_versions: '<4.12.25',
292 silly audit report       cwe: [Array],
292 silly audit report       cvss: [Object]
292 silly audit report     },
292 silly audit report     {
292 silly audit report       id: 1120911,
292 silly audit report       url: 'https://github.com/advisories/GHSA-j6c9-x7qj-28xf',
292 silly audit report       title: 'hono: AWS Lambda adapter merges multiple `Set-Cookie` headers into one value, dropping cookies on ALB single-header and Lattice',
292 silly audit report       severity: 'moderate',
292 silly audit report       vulnerable_versions: '<4.12.25',
292 silly audit report       cwe: [Array],
292 silly audit report       cvss: [Object]
292 silly audit report     },
292 silly audit report     {
292 silly audit report       id: 1120913,
292 silly audit report       url: 'https://github.com/advisories/GHSA-88fw-hqm2-52qc',
292 silly audit report       title: 'hono: CORS Middleware reflects any Origin with credentials when `origin` defaults to the wildcard',
292 silly audit report       severity: 'high',
292 silly audit report       vulnerable_versions: '<4.12.25',
292 silly audit report       cwe: [Array],
292 silly audit report       cvss: [Object]
292 silly audit report     },
292 silly audit report     {
292 silly audit report       id: 1120921,
292 silly audit report       url: 'https://github.com/advisories/GHSA-rv63-4mwf-qqc2',
292 silly audit report       title: 'hono: Body Limit Middleware can be bypassed on AWS Lambda by understating `Content-Length`',
292 silly audit report       severity: 'moderate',
292 silly audit report       vulnerable_versions: '<4.12.25',
292 silly audit report       cwe: [Array],
292 silly audit report       cvss: [Object]
292 silly audit report     },
292 silly audit report     {
292 silly audit report       id: 1120922,
292 silly audit report       url: 'https://github.com/advisories/GHSA-wgpf-jwqj-8h8p',
292 silly audit report       title: 'hono: Lambda@Edge adapter keeps only the last value of a repeated request header, dropping the rest',
292 silly audit report       severity: 'moderate',
292 silly audit report       vulnerable_versions: '<4.12.25',
292 silly audit report       cwe: [Array],
292 silly audit report       cvss: [Object]
292 silly audit report     }
292 silly audit report   ],
292 silly audit report   'js-yaml': [
292 silly audit report     {
292 silly audit report       id: 1120792,
292 silly audit report       url: 'https://github.com/advisories/GHSA-h67p-54hq-rp68',
292 silly audit report       title: 'JS-YAML: Quadratic-complexity DoS in merge key handling via repeated aliases',
292 silly audit report       severity: 'moderate',
292 silly audit report       vulnerable_versions: '<=4.1.1',
292 silly audit report       cwe: [Array],
292 silly audit report       cvss: [Object]
292 silly audit report     }
292 silly audit report   ],
292 silly audit report   postcss: [
292 silly audit report     {
292 silly audit report       id: 1117015,
292 silly audit report       url: 'https://github.com/advisories/GHSA-qx2v-qp2m-jg93',
292 silly audit report       title: 'PostCSS has XSS via Unescaped </style> in its CSS Stringify Output',
292 silly audit report       severity: 'moderate',
292 silly audit report       vulnerable_versions: '<8.5.10',
292 silly audit report       cwe: [Array],
292 silly audit report       cvss: [Object]
292 silly audit report     }
292 silly audit report   ]
292 silly audit report }
293 silly packumentCache corgi:https://registry.npmjs.org/@babel%2fcore cache-miss
294 silly packumentCache corgi:https://registry.npmjs.org/hono cache-miss
295 silly packumentCache corgi:https://registry.npmjs.org/js-yaml cache-miss
296 silly packumentCache corgi:https://registry.npmjs.org/postcss cache-miss
297 http fetch GET 200 https://registry.npmjs.org/@sanity/eventsource/-/eventsource-5.0.2.tgz 1791ms (cache miss)
298 http fetch GET 200 https://registry.npmjs.org/@noble/ed25519/-/ed25519-3.1.0.tgz 1798ms (cache miss)
299 http fetch GET 200 https://registry.npmjs.org/event-source-polyfill/-/event-source-polyfill-1.0.31.tgz 1907ms (cache miss)
300 http fetch GET 200 https://registry.npmjs.org/@types/event-source-polyfill/-/event-source-polyfill-1.0.5.tgz 2034ms (cache miss)
301 http fetch GET 200 https://registry.npmjs.org/get-it/-/get-it-8.8.0.tgz 2034ms (cache miss)
302 http fetch GET 200 https://registry.npmjs.org/js-yaml 510ms (cache revalidated)
303 silly packumentCache corgi:https://registry.npmjs.org/js-yaml set size:59520 disposed:false
304 http fetch GET 200 https://registry.npmjs.org/@types/eventsource/-/eventsource-1.1.15.tgz 2334ms (cache miss)
305 http fetch GET 200 https://registry.npmjs.org/postcss 835ms (cache revalidated)
306 silly packumentCache corgi:https://registry.npmjs.org/postcss set size:344717 disposed:false
307 http fetch GET 200 https://registry.npmjs.org/eventsource/-/eventsource-2.0.2.tgz 2396ms (cache miss)
308 http fetch GET 200 https://registry.npmjs.org/rxjs/-/rxjs-7.8.2.tgz 2536ms (cache miss)
309 http fetch GET 200 https://registry.npmjs.org/@noble/hashes/-/hashes-2.2.0.tgz 2688ms (cache miss)
310 http fetch GET 200 https://registry.npmjs.org/@sanity/signed-urls/-/signed-urls-2.0.4.tgz 2771ms (cache miss)
311 http fetch GET 200 https://registry.npmjs.org/@babel%2fcore 1359ms (cache updated)
312 silly packumentCache corgi:https://registry.npmjs.org/@babel%2fcore set size:undefined disposed:false
313 http fetch GET 200 https://registry.npmjs.org/hono 1524ms (cache updated)
314 silly packumentCache corgi:https://registry.npmjs.org/hono set size:undefined disposed:false
315 silly packumentCache corgi:https://registry.npmjs.org/@babel%2fhelper-create-class-features-plugin cache-miss
316 silly packumentCache corgi:https://registry.npmjs.org/@babel%2fhelper-module-transforms cache-miss
317 silly packumentCache corgi:https://registry.npmjs.org/@babel%2fhelper-replace-supers cache-miss
318 silly packumentCache corgi:https://registry.npmjs.org/@babel%2fplugin-syntax-jsx cache-miss
319 silly packumentCache corgi:https://registry.npmjs.org/@babel%2fplugin-syntax-typescript cache-miss
320 silly packumentCache corgi:https://registry.npmjs.org/@babel%2fplugin-transform-modules-commonjs cache-miss
321 silly packumentCache corgi:https://registry.npmjs.org/@babel%2fplugin-transform-typescript cache-miss
322 silly packumentCache corgi:https://registry.npmjs.org/@babel%2fpreset-typescript cache-miss
323 silly packumentCache corgi:https://registry.npmjs.org/eslint-plugin-react-hooks cache-miss
324 silly packumentCache corgi:https://registry.npmjs.org/shadcn cache-miss
325 http fetch GET 200 https://registry.npmjs.org/@sanity/image-url/-/image-url-2.1.1.tgz 3146ms (cache miss)
326 http fetch GET 200 https://registry.npmjs.org/shadcn 266ms (cache revalidated)
327 silly packumentCache corgi:https://registry.npmjs.org/shadcn set size:415430 disposed:false
328 http fetch GET 200 https://registry.npmjs.org/@babel%2fpreset-typescript 546ms (cache updated)
329 silly packumentCache corgi:https://registry.npmjs.org/@babel%2fpreset-typescript set size:undefined disposed:false
330 http fetch GET 200 https://registry.npmjs.org/@babel%2fhelper-module-transforms 600ms (cache updated)
331 silly packumentCache corgi:https://registry.npmjs.org/@babel%2fhelper-module-transforms set size:undefined disposed:false
332 http fetch GET 200 https://registry.npmjs.org/@babel%2fhelper-create-class-features-plugin 697ms (cache updated)
333 silly packumentCache corgi:https://registry.npmjs.org/@babel%2fhelper-create-class-features-plugin set size:undefined disposed:false
334 http fetch GET 200 https://registry.npmjs.org/@babel%2fplugin-syntax-typescript 1143ms (cache updated)
335 silly packumentCache corgi:https://registry.npmjs.org/@babel%2fplugin-syntax-typescript set size:undefined disposed:false
336 http fetch GET 200 https://registry.npmjs.org/@babel%2fhelper-replace-supers 1212ms (cache updated)
337 silly packumentCache corgi:https://registry.npmjs.org/@babel%2fhelper-replace-supers set size:undefined disposed:false
338 http fetch GET 200 https://registry.npmjs.org/@babel%2fplugin-transform-modules-commonjs 1223ms (cache updated)
339 silly packumentCache corgi:https://registry.npmjs.org/@babel%2fplugin-transform-modules-commonjs set size:undefined disposed:false
340 http fetch GET 200 https://registry.npmjs.org/@babel%2fplugin-transform-typescript 1789ms (cache updated)
341 silly packumentCache corgi:https://registry.npmjs.org/@babel%2fplugin-transform-typescript set size:undefined disposed:false
342 http fetch GET 200 https://registry.npmjs.org/@babel%2fplugin-syntax-jsx 2189ms (cache updated)
343 silly packumentCache corgi:https://registry.npmjs.org/@babel%2fplugin-syntax-jsx set size:undefined disposed:false
344 http fetch GET 200 https://registry.npmjs.org/eslint-plugin-react-hooks 3349ms (cache updated)
345 silly packumentCache corgi:https://registry.npmjs.org/eslint-plugin-react-hooks set size:undefined disposed:false
346 silly packumentCache corgi:https://registry.npmjs.org/@hono%2fnode-server cache-miss
347 silly packumentCache corgi:https://registry.npmjs.org/@modelcontextprotocol%2fsdk cache-miss
348 http fetch GET 200 https://registry.npmjs.org/@hono%2fnode-server 342ms (cache revalidated)
349 silly packumentCache corgi:https://registry.npmjs.org/@hono%2fnode-server set size:91918 disposed:false
350 http fetch GET 200 https://registry.npmjs.org/@modelcontextprotocol%2fsdk 1689ms (cache revalidated)
351 silly packumentCache corgi:https://registry.npmjs.org/@modelcontextprotocol%2fsdk set size:115846 disposed:false
352 silly packumentCache corgi:https://registry.npmjs.org/@eslint%2feslintrc cache-miss
353 silly packumentCache corgi:https://registry.npmjs.org/cosmiconfig cache-miss
354 http fetch GET 200 https://registry.npmjs.org/cosmiconfig 515ms (cache revalidated)
355 silly packumentCache corgi:https://registry.npmjs.org/cosmiconfig set size:86096 disposed:false
356 http fetch GET 200 https://registry.npmjs.org/@eslint%2feslintrc 2212ms (cache revalidated)
357 silly packumentCache corgi:https://registry.npmjs.org/@eslint%2feslintrc set size:83205 disposed:false
358 silly packumentCache corgi:https://registry.npmjs.org/next cache-miss
359 http fetch GET 200 https://registry.npmjs.org/next 4555ms (cache updated)
360 silly packumentCache corgi:https://registry.npmjs.org/next set size:undefined disposed:false
361 silly ADD node_modules/safe-buffer
362 silly ADD node_modules/string_decoder
363 silly ADD node_modules/readable-stream
364 silly ADD node_modules/mimic-response
365 silly ADD node_modules/tunnel-agent
366 silly ADD node_modules/through2
367 silly ADD node_modules/is-retry-allowed
368 silly ADD node_modules/decompress-response
369 silly ADD node_modules/@noble/ed25519
370 silly ADD node_modules/@sanity/signed-urls
371 silly ADD node_modules/@sanity/signed-urls/node_modules/@noble/hashes
372 silly ADD node_modules/event-source-polyfill
373 silly ADD node_modules/@types/eventsource
374 silly ADD node_modules/@types/event-source-polyfill
375 silly ADD node_modules/rxjs
376 silly ADD node_modules/get-it
377 silly ADD node_modules/@sanity/eventsource
378 silly ADD node_modules/@sanity/eventsource/node_modules/eventsource
379 silly ADD node_modules/@sanity/image-url
380 silly ADD node_modules/@sanity/client
381 silly ADD
382 silly ADD
383 silly ADD
384 silly ADD
385 silly ADD
386 silly ADD
387 silly ADD
388 silly ADD
389 silly ADD
390 silly ADD
391 silly ADD
392 silly ADD
393 silly ADD
394 silly ADD
395 silly ADD
396 silly ADD
397 silly ADD
398 silly ADD
399 silly ADD
400 silly ADD
401 silly ADD
402 silly ADD
403 silly ADD
404 silly ADD
405 silly ADD
406 silly ADD
407 silly ADD
408 silly ADD
409 silly ADD
410 silly ADD
411 silly ADD
412 silly ADD
413 silly ADD
414 silly ADD
415 silly ADD
416 silly ADD
417 silly ADD
418 silly ADD
419 silly ADD
420 silly ADD
421 silly ADD
422 silly ADD
423 silly ADD
424 silly ADD
425 silly ADD
426 silly ADD
427 silly ADD
428 silly ADD
429 silly ADD
430 silly ADD
431 silly ADD
432 silly ADD
433 silly ADD
434 silly ADD
435 silly ADD
436 silly ADD
437 silly ADD
438 silly ADD
439 silly ADD
440 silly ADD
441 silly ADD
442 silly ADD
443 silly ADD
444 silly ADD
445 silly ADD
446 silly ADD
447 silly ADD
448 silly ADD
449 silly ADD
450 silly ADD
451 silly ADD
452 verbose cwd /Users/ayushmantalukdar/Documents/Projects/Rabt/rabt
453 verbose os Darwin 23.6.0
454 verbose node v20.20.2
455 verbose npm  v10.8.2
456 verbose exit 0
457 info ok
